
> @ test:v7:pg /Users/adrianbrowning/Documents/repos/adrianbrowning/prisma-ts-select
> bash scripts/test-local.sh postgresql 7

ðŸ§ª Testing Prisma v7 + postgresql in packages/usage-v7

ðŸ“¦ Starting Docker services...
 Container prisma-ts-select-postgres-1 Running 
 Container prisma-ts-select-mysql-1 Running 
â³ Waiting for PostgreSQL...
âœ“ PostgreSQL ready

ðŸ”§ Generating Prisma client...

> @gcm/usage-v7@1.0.0 gen:postgresql /Users/adrianbrowning/Documents/repos/adrianbrowning/prisma-ts-select/packages/usage-v7
> PRISMA_PROVIDER=postgresql pnpm gen


> @gcm/usage-v7@1.0.0 gen /Users/adrianbrowning/Documents/repos/adrianbrowning/prisma-ts-select/packages/usage-v7
> pnpm exec prisma generate --schema=prisma/schema.${PRISMA_PROVIDER:-sqlite}.prisma

Loaded Prisma config from prisma.config.ts.

Prisma schema loaded from prisma/schema.postgresql.prisma.
prisma:info prisma-ts-select:Registered
prisma:info pTSSelPath /Users/adrianbrowning/Documents/repos/adrianbrowning/prisma-ts-select/packages/prisma-ts-select/dist

âœ” Generated prisma-ts-select to ./generated in 27ms

âœ” Generated Prisma Client (7.4.0) to ./generated in 188ms

ðŸ—ƒï¸  Resetting database...

> @gcm/usage-v7@1.0.0 p:r /Users/adrianbrowning/Documents/repos/adrianbrowning/prisma-ts-select/packages/usage-v7
> pnpm exec prisma db push --force-reset --schema=prisma/schema.${PRISMA_PROVIDER:-sqlite}.prisma && pnpm exec prisma db seed

Loaded Prisma config from prisma.config.ts.

Prisma schema loaded from prisma/schema.postgresql.prisma.
Datasource "db": PostgreSQL database "prisma_test", schema "public" at "localhost:5432"

The PostgreSQL database "prisma_test" schema "public" at "localhost:5432" was successfully reset.

ðŸš€  Your database is now in sync with your Prisma schema. Done in 107ms

Loaded Prisma config from prisma.config.ts.

Running seed command `tsx prisma/seed.ts` ...
Seeding database...
Seeding complete! Created:
- 3 users
- 3 posts
- 3 employees

ðŸŒ±  The seed command has been executed.
ðŸ“ TypeScript check...

> @gcm/usage-v7@1.0.0 test:ts /Users/adrianbrowning/Documents/repos/adrianbrowning/prisma-ts-select/packages/usage-v7
> tsc --noEmit -p tsconfig.json

ðŸ§ª Running tests...

> @gcm/usage-v7@1.0.0 test /Users/adrianbrowning/Documents/repos/adrianbrowning/prisma-ts-select/packages/usage-v7
> pnpm test:ts; node --import tsx --test --test-reporter=spec **/tests/**/*.{cts,mts,ts}


> @gcm/usage-v7@1.0.0 test:ts /Users/adrianbrowning/Documents/repos/adrianbrowning/prisma-ts-select/packages/usage-v7
> tsc --noEmit -p tsconfig.json

âœ” tests/client.ts (1505.934833ms)
â–¶ Ambiguous column detection
  â–¶ Single table queries
    âœ– should allow unqualified column names in single table (362.919ms)
    âœ– should allow qualified column names in single table (42.329625ms)
  âœ– Single table queries (407.27625ms)
  â–¶ Multi-table queries - unambiguous columns
    âœ– should allow unqualified column that exists in only one table (56.025417ms)
    âœ– should allow unqualified columns from both tables if unique (25.52925ms)
  âœ– Multi-table queries - unambiguous columns (82.18ms)
  â–¶ Multi-table queries - ambiguous columns
    âœ” should error on ambiguous unqualified column (0.304834ms)
    âœ– should allow qualified column even if ambiguous unqualified (14.25025ms)
    âœ– should allow both qualified versions of ambiguous column (49.983625ms)
  âœ– Multi-table queries - ambiguous columns (67.037ms)
  â–¶ Multi-table queries with table aliases
    âœ– should allow unqualified unique columns with table aliases (22.667292ms)
    âœ” should error on ambiguous unqualified with table aliases (0.859333ms)
    âœ– should allow alias-qualified columns (14.9085ms)
  âœ– Multi-table queries with table aliases (39.033916ms)
  â–¶ Edge cases
    âœ” should handle star selector without ambiguity issues (25.011167ms)
    âœ– should handle Table.* selector without ambiguity issues (9.08325ms)
    âœ– should handle selectAll without ambiguity issues (52.994458ms)
    âœ– should allow mixing unambiguous unqualified with qualified columns (28.690834ms)
  âœ– Edge cases (116.375ms)
âœ– Ambiguous column detection (713.820875ms)
â–¶ Column Alias Support
  â–¶ Single column alias
    âœ– should alias a column with two-parameter syntax (427.353084ms)
    âœ– should return aliased column name in type (63.058417ms)
    âœ” should work without alias (backward compatibility) (4.073208ms)
    âœ– should support mixing aliased and non-aliased columns (26.331834ms)
    âœ– should return mixed types for aliased and non-aliased (23.392291ms)
  âœ– Single column alias (546.186916ms)
  â–¶ Multiple column aliases
    âœ– should handle multiple aliased columns (15.967917ms)
    âœ– should return all aliased column names in type (40.712917ms)
  âœ– Multiple column aliases (61.521167ms)
  â–¶ Aliases with joins
    âœ– should alias columns from joined tables (47.662084ms)
    âœ– should return aliased columns from joins in type (40.876208ms)
    âœ– should handle mix of prefixed and aliased columns in joins (22.403375ms)
  âœ– Aliases with joins (111.925667ms)
  â–¶ Aliases with WHERE clause
    âœ– should allow WHERE on original column name even with alias (38.558958ms)
  âœ– Aliases with WHERE clause (39.418709ms)
  â–¶ Aliases with ORDER BY
    âœ– should use alias in ORDER BY clause (14.901958ms)
    âœ– should allow ORDER BY on original column name (20.887667ms)
  âœ– Aliases with ORDER BY (36.315958ms)
  â–¶ Aliases with GROUP BY and HAVING
    âœ– should use alias in GROUP BY (52.268916ms)
    âœ– should use alias in HAVING clause (14.691958ms)
  âœ– Aliases with GROUP BY and HAVING (67.304959ms)
  â–¶ Aliases with LIMIT and OFFSET
    âœ– should work with LIMIT (15.557542ms)
    âœ– should work with LIMIT and OFFSET (14.33825ms)
  âœ– Aliases with LIMIT and OFFSET (30.626583ms)
  â–¶ Edge cases
    âœ– should handle special characters in alias names (10.521166ms)
    âœ– should preserve data types in aliased columns (9.8195ms)
    âœ– should handle nullable fields correctly in aliases (10.376792ms)
  âœ– Edge cases (31.345833ms)
  â–¶ Duplicate key detection
    âœ” should error on duplicate result keys from same column name (0.604875ms)
    âœ– should allow same column name with explicit aliases (3.0805ms)
    âœ– should allow selecting same table column with different aliases (16.374917ms)
    âœ” should detect collision between unaliased and later select (0.412833ms)
  âœ– Duplicate key detection (20.781959ms)
âœ– Column Alias Support (947.745375ms)
â–¶ where
  â–¶ Where Criteria Object
    âœ– should run (438.393833ms)
    âœ” should match SQL (4.558667ms)
  âœ– Where Criteria Object (443.844375ms)
  â–¶ Where Raw
    âœ– should run (36.678083ms)
    âœ” should match SQL (1.655333ms)
  âœ– Where Raw (38.57775ms)
  â–¶ Where NULL - Type Narrowing
    âœ– should run (21.448625ms)
    âœ” should match SQL (1.227542ms)
  âœ– Where NULL - Type Narrowing (23.160875ms)
âœ– where (510.510708ms)
â–¶ having
  â–¶ HAVING with GROUP BY
    âœ– should run (62.048083ms)
    âœ” should match SQL (0.532459ms)
  âœ– HAVING with GROUP BY (63.533042ms)
  â–¶ HAVING without GROUP BY
    âœ” should generate SQL (runtime skipped - SQLite limitation) (0.657166ms)
  âœ” HAVING without GROUP BY (0.720417ms)
  â–¶ HAVING with complex criteria
    âœ– should run (56.261458ms)
    âœ– should match SQL (6.068542ms)
  âœ– HAVING with complex criteria (63.042459ms)
âœ– having (128.966917ms)
â–¶ join
  âœ– TS join Checks (484.878166ms)
  âœ” Joins That have a relationship (11.263375ms)
  âœ” TS joinUnsafe Checks (0.381333ms)
  âœ” TS joinUnsafeIgnoreType Checks (0.17125ms)
  âœ” Test Join to Multi Field Id Model (0.164416ms)
  âœ” Many To Many Link; Default Name (0.0885ms)
  âœ” Many To Many Link; Name Change (0.104ms)
  âœ” 2 Many-To-Many Links (0.097083ms)
âœ– join (498.536625ms)
â–¶ Select Tests
  â–¶ basic select *
    âœ– should RUN (368.429459ms)
    âœ” should match SQL (7.400959ms)
  âœ– basic select * (376.646ms)
  â–¶ basic select * with join
    âœ– should run (57.418292ms)
    âœ” should match SQL (1.002375ms)
  âœ– basic select * with join (58.837ms)
  â–¶ select distinct
    âœ” sql (0.1925ms)
    âœ– sql (38.4455ms)
  âœ– select distinct (47.37425ms)
  â–¶ order of operations
    âœ” if selectAll, no select allowed (1.151584ms)
    âœ” selectDistinct should always be first (0.4685ms)
  âœ” order of operations (4.520833ms)
  â–¶ basic selectAll
    âœ– should run (21.627375ms)
    âœ” should match SQL (1.064917ms)
  âœ– basic selectAll (22.968583ms)
  â–¶ basic selectAll with join
    âœ– should run (60.025833ms)
    âœ” should match SQL (9.629625ms)
  âœ– basic selectAll with join (69.861292ms)
  â–¶ basic select email, name
    âœ– should RUN (34.289792ms)
    âœ” should match SQL (0.811208ms)
  âœ– basic select email, name (35.481875ms)
  â–¶ basic select email, name, Post.title with join
    âœ– should run (20.244417ms)
    âœ” should match SQL (0.362375ms)
  âœ– basic select email, name, Post.title with join (20.822375ms)
  â–¶ basic select email, name, Post.title, Post.id with join
    âœ– should run (15.777ms)
    âœ” should match SQL (0.438583ms)
  âœ– basic select email, name, Post.title, Post.id with join (16.375917ms)
  â–¶ basic select email, name, Post.title, Post.id with join
    âœ– should run (15.828375ms)
    âœ” should match SQL (0.531833ms)
  âœ– basic select email, name, Post.title, Post.id with join (16.595375ms)
âœ– Select Tests (671.107833ms)
â–¶ Table Alias Support
  â–¶ Single table alias with FROM
    âœ– should alias a table with two-parameter syntax (421.810792ms)
    âœ– should allow using alias in WHERE clause (58.947083ms)
    âœ– should work without alias (backward compatibility) (33.757084ms)
    âœ– should support mixing aliased table with ORDER BY (19.401375ms)
    âœ– should return correct types with alias (29.834542ms)
    âœ– should return correct types with alias (24.847084ms)
  âœ– Single table alias with FROM (592.141334ms)
  â–¶ Table aliases with joins
    âœ– should alias both tables in a join (positional syntax) (38.3025ms)
    âœ– should alias both tables in a join (object syntax) (17.084833ms)
    âœ– should handle alias in base table only (27.579334ms)
    âœ– should handle alias in joined table only (43.541083ms)
    âœ– should support object syntax without alias (26.758709ms)
    âœ– should support self-join with different aliases using .join() (26.574375ms)
    âœ– should support self-join with different aliases using .joinUnsafeTypeEnforced() (3.498167ms)
    âœ– should return correct types with aliased joins (33.413833ms)
  âœ– Table aliases with joins (220.198541ms)
  â–¶ Table aliases with WHERE on joins
    âœ– should use aliases in WHERE clause with joins (12.201958ms)
  âœ– Table aliases with WHERE on joins (12.536875ms)
  â–¶ Table aliases with GROUP BY and HAVING
    âœ– should use aliases in GROUP BY (16.303375ms)
    âœ– should use aliases in HAVING clause (26.465375ms)
  âœ– Table aliases with GROUP BY and HAVING (43.149375ms)
  â–¶ Table aliases with LIMIT and OFFSET
    âœ– should work with LIMIT (11.442208ms)
    âœ– should work with LIMIT and OFFSET (20.187292ms)
  âœ– Table aliases with LIMIT and OFFSET (32.056209ms)
  â–¶ Table.* with aliases
    âœ– should expand Table.* using alias (12.556583ms)
    âœ– should expand multiple Table.* with aliases in joins (1.626083ms)
  âœ– Table.* with aliases (14.320084ms)
  â–¶ Edge cases
    âœ– should handle aliases with column aliases (12.323625ms)
    âœ– should preserve data types with aliases (3.690958ms)
    âœ– should handle nullable fields correctly with aliases (10.521959ms)
  âœ– Edge cases (27.180875ms)
âœ– Table Alias Support (944.439458ms)
â–¶ Table.* select syntax
  âœ– Single table - select User.* (450.572708ms)
  âœ– Single table - User.* returns all fields without prefix (44.582667ms)
  âœ– Multiple tables - select User.* with join (26.134833ms)
  âœ– Multiple tables - User.* returns all fields with table prefix (24.920917ms)
  âœ– Multiple tables - select Post.* with join (22.396042ms)
  âœ– Multiple tables - select both User.* and Post.* (15.5425ms)
  âœ– Mix Table.* with individual column selects (30.585708ms)
  âœ– Table.* with WHERE clause (33.845041ms)
  âœ– Table.* with ORDER BY and LIMIT (31.781917ms)
âœ– Table.* select syntax (695.958667ms)
â–¶ README Example: .$from with table alias
  âœ– should create query with inline alias instead (5.739125ms)
  âœ” should generate correct SQL with inline alias (0.277042ms)
âœ– README Example: .$from with table alias (7.259041ms)
â–¶ README Example: .$from basic
  âœ” should create basic from query (0.679958ms)
  âœ” should generate correct SQL (1.421292ms)
âœ” README Example: .$from basic (3.675ms)
â–¶ README Example: .$from inline alias syntax
  âœ– should create query with inline alias (3.561083ms)
  âœ” should generate correct SQL with inline alias (0.299542ms)
âœ– README Example: .$from inline alias syntax (5.271ms)
â–¶ README Example: groupBy
  âœ” groupBy - should generate correct SQL (0.716792ms)
  âœ” groupBy - should be chainable (0.107833ms)
âœ” README Example: groupBy (2.063292ms)
â–¶ README Example: having
  âœ” having with groupBy - should generate correct SQL (1.288708ms)
  âœ” having with groupBy - should be chainable (0.155375ms)
  âœ” having without groupBy - should generate correct SQL (1.477875ms)
  âœ” having without groupBy - should be chainable (0.479333ms)
âœ” README Example: having (5.13225ms)
â–¶ README Example: .join basic
  âœ” should create type-safe join (0.771375ms)
  âœ” should generate correct SQL (1.431292ms)
âœ” README Example: .join basic (5.734ms)
â–¶ README Example: unsafe joins
  âœ” joinUnsafeTypeEnforced - should generate correct SQL (0.732375ms)
  âœ” joinUnsafeTypeEnforced - should be chainable (0.103ms)
  âœ” joinUnsafeIgnoreType - should generate correct SQL (0.295042ms)
  âœ” joinUnsafeIgnoreType - should be chainable (0.083209ms)
âœ” README Example: unsafe joins (2.797666ms)
â–¶ README Example: orderBy
  âœ” orderBy - should generate correct SQL (0.73875ms)
  âœ” orderBy - should be chainable (0.114ms)
âœ” README Example: orderBy (1.731542ms)
â–¶ README Example: pagination
  âœ” limit - should generate correct SQL (1.255125ms)
  âœ” limit - should be chainable (0.189833ms)
  âœ” offset - should generate correct SQL (0.351917ms)
  âœ– offset - should run successfully (388.059291ms)
âœ– README Example: pagination (396.60525ms)
â–¶ README Example: select advanced
  âœ” selectDistinct - should generate correct SQL (2.758833ms)
  âœ” selectDistinct - should be chainable (2.541208ms)
  âœ” selectAll single table - should generate correct SQL (0.216875ms)
  âœ– selectAll single table - should run successfully (401.524ms)
  âœ– selectAll join table - should generate correct SQL (5.2095ms)
  âœ– selectAll join table - should run successfully (46.521791ms)
  âœ” select Table.* single - should generate correct SQL (0.970834ms)
  âœ– select Table.* single - should run successfully (129.606917ms)
  âœ– select Table.* with join - should generate correct SQL (2.004708ms)
  âœ– select Table.* with join - should run successfully (35.048208ms)
  âœ” select join  chained - should generate correct SQL (2.247042ms)
  âœ– select join  chained - should run successfully (14.256959ms)
  âœ” select aliases with joins - should generate correct SQL (0.525625ms)
  âœ– select aliases with joins - should run successfully (28.50825ms)
âœ– README Example: select advanced (676.329042ms)
â–¶ README Example: select chained
  âœ” should generate correct SQL (2.186583ms)
  âœ– should run and return selected columns (387.068667ms)
âœ– README Example: select chained (397.727917ms)
â–¶ README Example: select column alias
  âœ” basic alias - should generate correct SQL (0.874667ms)
  âœ– basic alias - should return aliased column (389.010666ms)
  âœ” multiple aliases - should generate correct SQL (5.752667ms)
  âœ” mixed aliased and non-aliased (0.241208ms)
âœ– README Example: select column alias (397.648709ms)
â–¶ README Example: select *
  âœ” should generate correct SQL (0.801459ms)
  âœ– should run and return data (437.583583ms)
âœ– README Example: select * (442.243125ms)
â–¶ README Example: table aliases
  âœ” inline alias with joins - should generate correct SQL (2.093292ms)
  âœ– inline alias with joins - should run successfully (463.842209ms)
  âœ” object syntax joins - should generate correct SQL (3.762167ms)
  âœ– object syntax joins - should run successfully (20.83925ms)
  âœ– self-joins with aliases - should create query (2.559ms)
  âœ” table.* with alias single - should generate correct SQL (1.398875ms)
  âœ– table.* with alias single - should run successfully (19.046584ms)
  âœ– table.* with alias joins - should generate correct SQL (1.262916ms)
  âœ– table.* with alias joins - should run successfully (13.024708ms)
âœ– README Example: table aliases (531.840791ms)
â–¶ README Example: where clauses
  âœ” where columns - should be chainable (2.118041ms)
  âœ” where $AND - should be chainable (0.492125ms)
  âœ” where $OR - should be chainable (0.124417ms)
  âœ” where $NOT - should be chainable (0.986875ms)
  âœ” where $NOR - should be chainable (1.327334ms)
  âœ” whereNotNull - should generate correct SQL (0.491208ms)
  âœ” whereNotNull - should be chainable (0.289458ms)
  âœ” whereIsNull - should generate correct SQL (2.287833ms)
  âœ” whereIsNull - should be chainable (0.926209ms)
  âœ” whereRaw - should generate correct SQL (1.52375ms)
  âœ” whereRaw - should be chainable (0.665ms)
âœ” README Example: where clauses (13.794625ms)
âœ” tests/test-utils.ts (670.567ms)
âœ” tests/types.ts (650.196583ms)
âœ” tests/utils.ts (643.545542ms)
â„¹ tests 180
â„¹ suites 60
â„¹ pass 79
â„¹ fail 101
â„¹ cancelled 0
â„¹ skipped 0
â„¹ todo 0
â„¹ duration_ms 14231.962

âœ– failing tests:

test at tests/core/ambiguity.spec.ts:1:232
âœ– should allow unqualified column names in single table (362.919ms)
  PrismaClientKnownRequestError: 
  Invalid `prisma.$queryRawUnsafe()` invocation:
  
  
  Raw query failed. Code: `42703`. Message: `column "id" does not exist`
      at zr.handleRequestError (/Users/adrianbrowning/Documents/repos/adrianbrowning/prisma-ts-select/node_modules/.pnpm/@prisma+client@7.4.0_prisma@7.4.0_@types+react@19.2.13_better-sqlite3@11.10.0_react-dom_4daac4841586c2d8497b628bae25a083/node_modules/@prisma/client/src/runtime/RequestHandler.ts:228:13)
      at zr.handleAndLogRequestError (/Users/adrianbrowning/Documents/repos/adrianbrowning/prisma-ts-select/node_modules/.pnpm/@prisma+client@7.4.0_prisma@7.4.0_@types+react@19.2.13_better-sqlite3@11.10.0_react-dom_4daac4841586c2d8497b628bae25a083/node_modules/@prisma/client/src/runtime/RequestHandler.ts:174:12)
      at zr.request (/Users/adrianbrowning/Documents/repos/adrianbrowning/prisma-ts-select/node_modules/.pnpm/@prisma+client@7.4.0_prisma@7.4.0_@types+react@19.2.13_better-sqlite3@11.10.0_react-dom_4daac4841586c2d8497b628bae25a083/node_modules/@prisma/client/src/runtime/RequestHandler.ts:143:12)
      at process.processTicksAndRejections (node:internal/process/task_queues:103:5)
      at async a (/Users/adrianbrowning/Documents/repos/adrianbrowning/prisma-ts-select/node_modules/.pnpm/@prisma+client@7.4.0_prisma@7.4.0_@types+react@19.2.13_better-sqlite3@11.10.0_react-dom_4daac4841586c2d8497b628bae25a083/node_modules/@prisma/client/src/runtime/getPrismaClient.ts:807:24)
      at async TestContext.<anonymous> (/Users/adrianbrowning/Documents/repos/adrianbrowning/prisma-ts-select/packages/usage-v7/tests/core/ambiguity.spec.ts:18:28)
      at async Test.run (node:internal/test_runner/test:1110:7)
      at async Promise.all (index 0)
      at async Suite.run (node:internal/test_runner/test:1515:7)
      at async Promise.all (index 0)

test at tests/core/ambiguity.spec.ts:1:477
âœ– should allow qualified column names in single table (42.329625ms)
  PrismaClientKnownRequestError: 
  Invalid `prisma.$queryRawUnsafe()` invocation:
  
  
  Raw query failed. Code: `42703`. Message: `column "id" does not exist`
      at zr.handleRequestError (/Users/adrianbrowning/Documents/repos/adrianbrowning/prisma-ts-select/node_modules/.pnpm/@prisma+client@7.4.0_prisma@7.4.0_@types+react@19.2.13_better-sqlite3@11.10.0_react-dom_4daac4841586c2d8497b628bae25a083/node_modules/@prisma/client/src/runtime/RequestHandler.ts:228:13)
      at zr.handleAndLogRequestError (/Users/adrianbrowning/Documents/repos/adrianbrowning/prisma-ts-select/node_modules/.pnpm/@prisma+client@7.4.0_prisma@7.4.0_@types+react@19.2.13_better-sqlite3@11.10.0_react-dom_4daac4841586c2d8497b628bae25a083/node_modules/@prisma/client/src/runtime/RequestHandler.ts:174:12)
      at zr.request (/Users/adrianbrowning/Documents/repos/adrianbrowning/prisma-ts-select/node_modules/.pnpm/@prisma+client@7.4.0_prisma@7.4.0_@types+react@19.2.13_better-sqlite3@11.10.0_react-dom_4daac4841586c2d8497b628bae25a083/node_modules/@prisma/client/src/runtime/RequestHandler.ts:143:12)
      at process.processTicksAndRejections (node:internal/process/task_queues:103:5)
      at async a (/Users/adrianbrowning/Documents/repos/adrianbrowning/prisma-ts-select/node_modules/.pnpm/@prisma+client@7.4.0_prisma@7.4.0_@types+react@19.2.13_better-sqlite3@11.10.0_react-dom_4daac4841586c2d8497b628bae25a083/node_modules/@prisma/client/src/runtime/getPrismaClient.ts:807:24)
      at async TestContext.<anonymous> (/Users/adrianbrowning/Documents/repos/adrianbrowning/prisma-ts-select/packages/usage-v7/tests/core/ambiguity.spec.ts:32:28)
      at async Test.run (node:internal/test_runner/test:1110:7)
      at async Suite.processPendingSubtests (node:internal/test_runner/test:785:7)

test at tests/core/ambiguity.spec.ts:1:790
âœ– should allow unqualified column that exists in only one table (56.025417ms)
  PrismaClientKnownRequestError: 
  Invalid `prisma.$queryRawUnsafe()` invocation:
  
  
  Raw query failed. Code: `42601`. Message: `syntax error at or near "."`
      at zr.handleRequestError (/Users/adrianbrowning/Documents/repos/adrianbrowning/prisma-ts-select/node_modules/.pnpm/@prisma+client@7.4.0_prisma@7.4.0_@types+react@19.2.13_better-sqlite3@11.10.0_react-dom_4daac4841586c2d8497b628bae25a083/node_modules/@prisma/client/src/runtime/RequestHandler.ts:228:13)
      at zr.handleAndLogRequestError (/Users/adrianbrowning/Documents/repos/adrianbrowning/prisma-ts-select/node_modules/.pnpm/@prisma+client@7.4.0_prisma@7.4.0_@types+react@19.2.13_better-sqlite3@11.10.0_react-dom_4daac4841586c2d8497b628bae25a083/node_modules/@prisma/client/src/runtime/RequestHandler.ts:174:12)
      at zr.request (/Users/adrianbrowning/Documents/repos/adrianbrowning/prisma-ts-select/node_modules/.pnpm/@prisma+client@7.4.0_prisma@7.4.0_@types+react@19.2.13_better-sqlite3@11.10.0_react-dom_4daac4841586c2d8497b628bae25a083/node_modules/@prisma/client/src/runtime/RequestHandler.ts:143:12)
      at process.processTicksAndRejections (node:internal/process/task_queues:103:5)
      at async a (/Users/adrianbrowning/Documents/repos/adrianbrowning/prisma-ts-select/node_modules/.pnpm/@prisma+client@7.4.0_prisma@7.4.0_@types+react@19.2.13_better-sqlite3@11.10.0_react-dom_4daac4841586c2d8497b628bae25a083/node_modules/@prisma/client/src/runtime/getPrismaClient.ts:807:24)
      at async TestContext.<anonymous> (/Users/adrianbrowning/Documents/repos/adrianbrowning/prisma-ts-select/packages/usage-v7/tests/core/ambiguity.spec.ts:48:28)
      at async Test.run (node:internal/test_runner/test:1110:7)
      at async Promise.all (index 0)
      at async Suite.run (node:internal/test_runner/test:1515:7)
      at async Suite.processPendingSubtests (node:internal/test_runner/test:785:7)

test at tests/core/ambiguity.spec.ts:1:1097
âœ– should allow unqualified columns from both tables if unique (25.52925ms)
  PrismaClientKnownRequestError: 
  Invalid `prisma.$queryRawUnsafe()` invocation:
  
  
  Raw query failed. Code: `42601`. Message: `syntax error at or near "."`
      at zr.handleRequestError (/Users/adrianbrowning/Documents/repos/adrianbrowning/prisma-ts-select/node_modules/.pnpm/@prisma+client@7.4.0_prisma@7.4.0_@types+react@19.2.13_better-sqlite3@11.10.0_react-dom_4daac4841586c2d8497b628bae25a083/node_modules/@prisma/client/src/runtime/RequestHandler.ts:228:13)
      at zr.handleAndLogRequestError (/Users/adrianbrowning/Documents/repos/adrianbrowning/prisma-ts-select/node_modules/.pnpm/@prisma+client@7.4.0_prisma@7.4.0_@types+react@19.2.13_better-sqlite3@11.10.0_react-dom_4daac4841586c2d8497b628bae25a083/node_modules/@prisma/client/src/runtime/RequestHandler.ts:174:12)
      at zr.request (/Users/adrianbrowning/Documents/repos/adrianbrowning/prisma-ts-select/node_modules/.pnpm/@prisma+client@7.4.0_prisma@7.4.0_@types+react@19.2.13_better-sqlite3@11.10.0_react-dom_4daac4841586c2d8497b628bae25a083/node_modules/@prisma/client/src/runtime/RequestHandler.ts:143:12)
      at process.processTicksAndRejections (node:internal/process/task_queues:103:5)
      at async a (/Users/adrianbrowning/Documents/repos/adrianbrowning/prisma-ts-select/node_modules/.pnpm/@prisma+client@7.4.0_prisma@7.4.0_@types+react@19.2.13_better-sqlite3@11.10.0_react-dom_4daac4841586c2d8497b628bae25a083/node_modules/@prisma/client/src/runtime/getPrismaClient.ts:807:24)
      at async TestContext.<anonymous> (/Users/adrianbrowning/Documents/repos/adrianbrowning/prisma-ts-select/packages/usage-v7/tests/core/ambiguity.spec.ts:63:32)
      at async Test.run (node:internal/test_runner/test:1110:7)
      at async Suite.processPendingSubtests (node:internal/test_runner/test:785:7)

test at tests/core/ambiguity.spec.ts:1:1785
âœ– should allow qualified column even if ambiguous unqualified (14.25025ms)
  PrismaClientKnownRequestError: 
  Invalid `prisma.$queryRawUnsafe()` invocation:
  
  
  Raw query failed. Code: `42601`. Message: `syntax error at or near "."`
      at zr.handleRequestError (/Users/adrianbrowning/Documents/repos/adrianbrowning/prisma-ts-select/node_modules/.pnpm/@prisma+client@7.4.0_prisma@7.4.0_@types+react@19.2.13_better-sqlite3@11.10.0_react-dom_4daac4841586c2d8497b628bae25a083/node_modules/@prisma/client/src/runtime/RequestHandler.ts:228:13)
      at zr.handleAndLogRequestError (/Users/adrianbrowning/Documents/repos/adrianbrowning/prisma-ts-select/node_modules/.pnpm/@prisma+client@7.4.0_prisma@7.4.0_@types+react@19.2.13_better-sqlite3@11.10.0_react-dom_4daac4841586c2d8497b628bae25a083/node_modules/@prisma/client/src/runtime/RequestHandler.ts:174:12)
      at zr.request (/Users/adrianbrowning/Documents/repos/adrianbrowning/prisma-ts-select/node_modules/.pnpm/@prisma+client@7.4.0_prisma@7.4.0_@types+react@19.2.13_better-sqlite3@11.10.0_react-dom_4daac4841586c2d8497b628bae25a083/node_modules/@prisma/client/src/runtime/RequestHandler.ts:143:12)
      at process.processTicksAndRejections (node:internal/process/task_queues:103:5)
      at async a (/Users/adrianbrowning/Documents/repos/adrianbrowning/prisma-ts-select/node_modules/.pnpm/@prisma+client@7.4.0_prisma@7.4.0_@types+react@19.2.13_better-sqlite3@11.10.0_react-dom_4daac4841586c2d8497b628bae25a083/node_modules/@prisma/client/src/runtime/getPrismaClient.ts:807:24)
      at async TestContext.<anonymous> (/Users/adrianbrowning/Documents/repos/adrianbrowning/prisma-ts-select/packages/usage-v7/tests/core/ambiguity.spec.ts:100:32)
      at async Test.run (node:internal/test_runner/test:1110:7)
      at async Suite.processPendingSubtests (node:internal/test_runner/test:785:7)

test at tests/core/ambiguity.spec.ts:1:2156
âœ– should allow both qualified versions of ambiguous column (49.983625ms)
  PrismaClientKnownRequestError: 
  Invalid `prisma.$queryRawUnsafe()` invocation:
  
  
  Raw query failed. Code: `42601`. Message: `syntax error at or near "."`
      at zr.handleRequestError (/Users/adrianbrowning/Documents/repos/adrianbrowning/prisma-ts-select/node_modules/.pnpm/@prisma+client@7.4.0_prisma@7.4.0_@types+react@19.2.13_better-sqlite3@11.10.0_react-dom_4daac4841586c2d8497b628bae25a083/node_modules/@prisma/client/src/runtime/RequestHandler.ts:228:13)
      at zr.handleAndLogRequestError (/Users/adrianbrowning/Documents/repos/adrianbrowning/prisma-ts-select/node_modules/.pnpm/@prisma+client@7.4.0_prisma@7.4.0_@types+react@19.2.13_better-sqlite3@11.10.0_react-dom_4daac4841586c2d8497b628bae25a083/node_modules/@prisma/client/src/runtime/RequestHandler.ts:174:12)
      at zr.request (/Users/adrianbrowning/Documents/repos/adrianbrowning/prisma-ts-select/node_modules/.pnpm/@prisma+client@7.4.0_prisma@7.4.0_@types+react@19.2.13_better-sqlite3@11.10.0_react-dom_4daac4841586c2d8497b628bae25a083/node_modules/@prisma/client/src/runtime/RequestHandler.ts:143:12)
      at process.processTicksAndRejections (node:internal/process/task_queues:103:5)
      at async a (/Users/adrianbrowning/Documents/repos/adrianbrowning/prisma-ts-select/node_modules/.pnpm/@prisma+client@7.4.0_prisma@7.4.0_@types+react@19.2.13_better-sqlite3@11.10.0_react-dom_4daac4841586c2d8497b628bae25a083/node_modules/@prisma/client/src/runtime/getPrismaClient.ts:807:24)
      at async TestContext.<anonymous> (/Users/adrianbrowning/Documents/repos/adrianbrowning/prisma-ts-select/packages/usage-v7/tests/core/ambiguity.spec.ts:118:28)
      at async Test.run (node:internal/test_runner/test:1110:7)
      at async Suite.processPendingSubtests (node:internal/test_runner/test:785:7)

test at tests/core/ambiguity.spec.ts:1:2455
âœ– should allow unqualified unique columns with table aliases (22.667292ms)
  PrismaClientKnownRequestError: 
  Invalid `prisma.$queryRawUnsafe()` invocation:
  
  
  Raw query failed. Code: `42P01`. Message: `relation "post" does not exist`
      at zr.handleRequestError (/Users/adrianbrowning/Documents/repos/adrianbrowning/prisma-ts-select/node_modules/.pnpm/@prisma+client@7.4.0_prisma@7.4.0_@types+react@19.2.13_better-sqlite3@11.10.0_react-dom_4daac4841586c2d8497b628bae25a083/node_modules/@prisma/client/src/runtime/RequestHandler.ts:228:13)
      at zr.handleAndLogRequestError (/Users/adrianbrowning/Documents/repos/adrianbrowning/prisma-ts-select/node_modules/.pnpm/@prisma+client@7.4.0_prisma@7.4.0_@types+react@19.2.13_better-sqlite3@11.10.0_react-dom_4daac4841586c2d8497b628bae25a083/node_modules/@prisma/client/src/runtime/RequestHandler.ts:174:12)
      at zr.request (/Users/adrianbrowning/Documents/repos/adrianbrowning/prisma-ts-select/node_modules/.pnpm/@prisma+client@7.4.0_prisma@7.4.0_@types+react@19.2.13_better-sqlite3@11.10.0_react-dom_4daac4841586c2d8497b628bae25a083/node_modules/@prisma/client/src/runtime/RequestHandler.ts:143:12)
      at process.processTicksAndRejections (node:internal/process/task_queues:103:5)
      at async a (/Users/adrianbrowning/Documents/repos/adrianbrowning/prisma-ts-select/node_modules/.pnpm/@prisma+client@7.4.0_prisma@7.4.0_@types+react@19.2.13_better-sqlite3@11.10.0_react-dom_4daac4841586c2d8497b628bae25a083/node_modules/@prisma/client/src/runtime/getPrismaClient.ts:807:24)
      at async TestContext.<anonymous> (/Users/adrianbrowning/Documents/repos/adrianbrowning/prisma-ts-select/packages/usage-v7/tests/core/ambiguity.spec.ts:132:28)
      at async Test.run (node:internal/test_runner/test:1110:7)
      at async Promise.all (index 0)
      at async Suite.run (node:internal/test_runner/test:1515:7)
      at async Suite.processPendingSubtests (node:internal/test_runner/test:785:7)

test at tests/core/ambiguity.spec.ts:1:2943
âœ– should allow alias-qualified columns (14.9085ms)
  PrismaClientKnownRequestError: 
  Invalid `prisma.$queryRawUnsafe()` invocation:
  
  
  Raw query failed. Code: `42P01`. Message: `relation "post" does not exist`
      at zr.handleRequestError (/Users/adrianbrowning/Documents/repos/adrianbrowning/prisma-ts-select/node_modules/.pnpm/@prisma+client@7.4.0_prisma@7.4.0_@types+react@19.2.13_better-sqlite3@11.10.0_react-dom_4daac4841586c2d8497b628bae25a083/node_modules/@prisma/client/src/runtime/RequestHandler.ts:228:13)
      at zr.handleAndLogRequestError (/Users/adrianbrowning/Documents/repos/adrianbrowning/prisma-ts-select/node_modules/.pnpm/@prisma+client@7.4.0_prisma@7.4.0_@types+react@19.2.13_better-sqlite3@11.10.0_react-dom_4daac4841586c2d8497b628bae25a083/node_modules/@prisma/client/src/runtime/RequestHandler.ts:174:12)
      at zr.request (/Users/adrianbrowning/Documents/repos/adrianbrowning/prisma-ts-select/node_modules/.pnpm/@prisma+client@7.4.0_prisma@7.4.0_@types+react@19.2.13_better-sqlite3@11.10.0_react-dom_4daac4841586c2d8497b628bae25a083/node_modules/@prisma/client/src/runtime/RequestHandler.ts:143:12)
      at process.processTicksAndRejections (node:internal/process/task_queues:103:5)
      at async a (/Users/adrianbrowning/Documents/repos/adrianbrowning/prisma-ts-select/node_modules/.pnpm/@prisma+client@7.4.0_prisma@7.4.0_@types+react@19.2.13_better-sqlite3@11.10.0_react-dom_4daac4841586c2d8497b628bae25a083/node_modules/@prisma/client/src/runtime/getPrismaClient.ts:807:24)
      at async TestContext.<anonymous> (/Users/adrianbrowning/Documents/repos/adrianbrowning/prisma-ts-select/packages/usage-v7/tests/core/ambiguity.spec.ts:159:28)
      at async Test.run (node:internal/test_runner/test:1110:7)
      at async Suite.processPendingSubtests (node:internal/test_runner/test:785:7)

test at tests/core/ambiguity.spec.ts:1:3486
âœ– should handle Table.* selector without ambiguity issues (9.08325ms)
  PrismaClientKnownRequestError: 
  Invalid `prisma.$queryRawUnsafe()` invocation:
  
  
  Raw query failed. Code: `42601`. Message: `syntax error at or near "."`
      at zr.handleRequestError (/Users/adrianbrowning/Documents/repos/adrianbrowning/prisma-ts-select/node_modules/.pnpm/@prisma+client@7.4.0_prisma@7.4.0_@types+react@19.2.13_better-sqlite3@11.10.0_react-dom_4daac4841586c2d8497b628bae25a083/node_modules/@prisma/client/src/runtime/RequestHandler.ts:228:13)
      at zr.handleAndLogRequestError (/Users/adrianbrowning/Documents/repos/adrianbrowning/prisma-ts-select/node_modules/.pnpm/@prisma+client@7.4.0_prisma@7.4.0_@types+react@19.2.13_better-sqlite3@11.10.0_react-dom_4daac4841586c2d8497b628bae25a083/node_modules/@prisma/client/src/runtime/RequestHandler.ts:174:12)
      at zr.request (/Users/adrianbrowning/Documents/repos/adrianbrowning/prisma-ts-select/node_modules/.pnpm/@prisma+client@7.4.0_prisma@7.4.0_@types+react@19.2.13_better-sqlite3@11.10.0_react-dom_4daac4841586c2d8497b628bae25a083/node_modules/@prisma/client/src/runtime/RequestHandler.ts:143:12)
      at process.processTicksAndRejections (node:internal/process/task_queues:103:5)
      at async a (/Users/adrianbrowning/Documents/repos/adrianbrowning/prisma-ts-select/node_modules/.pnpm/@prisma+client@7.4.0_prisma@7.4.0_@types+react@19.2.13_better-sqlite3@11.10.0_react-dom_4daac4841586c2d8497b628bae25a083/node_modules/@prisma/client/src/runtime/getPrismaClient.ts:807:24)
      at async TestContext.<anonymous> (/Users/adrianbrowning/Documents/repos/adrianbrowning/prisma-ts-select/packages/usage-v7/tests/core/ambiguity.spec.ts:186:28)
      at async Test.run (node:internal/test_runner/test:1110:7)
      at async Suite.processPendingSubtests (node:internal/test_runner/test:785:7)

test at tests/core/ambiguity.spec.ts:1:3690
âœ– should handle selectAll without ambiguity issues (52.994458ms)
  PrismaClientKnownRequestError: 
  Invalid `prisma.$queryRawUnsafe()` invocation:
  
  
  Raw query failed. Code: `42601`. Message: `syntax error at or near "."`
      at zr.handleRequestError (/Users/adrianbrowning/Documents/repos/adrianbrowning/prisma-ts-select/node_modules/.pnpm/@prisma+client@7.4.0_prisma@7.4.0_@types+react@19.2.13_better-sqlite3@11.10.0_react-dom_4daac4841586c2d8497b628bae25a083/node_modules/@prisma/client/src/runtime/RequestHandler.ts:228:13)
      at zr.handleAndLogRequestError (/Users/adrianbrowning/Documents/repos/adrianbrowning/prisma-ts-select/node_modules/.pnpm/@prisma+client@7.4.0_prisma@7.4.0_@types+react@19.2.13_better-sqlite3@11.10.0_react-dom_4daac4841586c2d8497b628bae25a083/node_modules/@prisma/client/src/runtime/RequestHandler.ts:174:12)
      at zr.request (/Users/adrianbrowning/Documents/repos/adrianbrowning/prisma-ts-select/node_modules/.pnpm/@prisma+client@7.4.0_prisma@7.4.0_@types+react@19.2.13_better-sqlite3@11.10.0_react-dom_4daac4841586c2d8497b628bae25a083/node_modules/@prisma/client/src/runtime/RequestHandler.ts:143:12)
      at process.processTicksAndRejections (node:internal/process/task_queues:103:5)
      at async a (/Users/adrianbrowning/Documents/repos/adrianbrowning/prisma-ts-select/node_modules/.pnpm/@prisma+client@7.4.0_prisma@7.4.0_@types+react@19.2.13_better-sqlite3@11.10.0_react-dom_4daac4841586c2d8497b628bae25a083/node_modules/@prisma/client/src/runtime/getPrismaClient.ts:807:24)
      at async TestContext.<anonymous> (/Users/adrianbrowning/Documents/repos/adrianbrowning/prisma-ts-select/packages/usage-v7/tests/core/ambiguity.spec.ts:195:28)
      at async Test.run (node:internal/test_runner/test:1110:7)
      at async Suite.processPendingSubtests (node:internal/test_runner/test:785:7)

test at tests/core/ambiguity.spec.ts:1:3882
âœ– should allow mixing unambiguous unqualified with qualified columns (28.690834ms)
  PrismaClientKnownRequestError: 
  Invalid `prisma.$queryRawUnsafe()` invocation:
  
  
  Raw query failed. Code: `42601`. Message: `syntax error at or near "."`
      at zr.handleRequestError (/Users/adrianbrowning/Documents/repos/adrianbrowning/prisma-ts-select/node_modules/.pnpm/@prisma+client@7.4.0_prisma@7.4.0_@types+react@19.2.13_better-sqlite3@11.10.0_react-dom_4daac4841586c2d8497b628bae25a083/node_modules/@prisma/client/src/runtime/RequestHandler.ts:228:13)
      at zr.handleAndLogRequestError (/Users/adrianbrowning/Documents/repos/adrianbrowning/prisma-ts-select/node_modules/.pnpm/@prisma+client@7.4.0_prisma@7.4.0_@types+react@19.2.13_better-sqlite3@11.10.0_react-dom_4daac4841586c2d8497b628bae25a083/node_modules/@prisma/client/src/runtime/RequestHandler.ts:174:12)
      at zr.request (/Users/adrianbrowning/Documents/repos/adrianbrowning/prisma-ts-select/node_modules/.pnpm/@prisma+client@7.4.0_prisma@7.4.0_@types+react@19.2.13_better-sqlite3@11.10.0_react-dom_4daac4841586c2d8497b628bae25a083/node_modules/@prisma/client/src/runtime/RequestHandler.ts:143:12)
      at process.processTicksAndRejections (node:internal/process/task_queues:103:5)
      at async a (/Users/adrianbrowning/Documents/repos/adrianbrowning/prisma-ts-select/node_modules/.pnpm/@prisma+client@7.4.0_prisma@7.4.0_@types+react@19.2.13_better-sqlite3@11.10.0_react-dom_4daac4841586c2d8497b628bae25a083/node_modules/@prisma/client/src/runtime/getPrismaClient.ts:807:24)
      at async TestContext.<anonymous> (/Users/adrianbrowning/Documents/repos/adrianbrowning/prisma-ts-select/packages/usage-v7/tests/core/ambiguity.spec.ts:207:28)
      at async Test.run (node:internal/test_runner/test:1110:7)
      at async Suite.processPendingSubtests (node:internal/test_runner/test:785:7)

test at tests/core/column-alias.spec.ts:1:218
âœ– should alias a column with two-parameter syntax (427.353084ms)
  PrismaClientKnownRequestError: 
  Invalid `prisma.$queryRawUnsafe()` invocation:
  
  
  Raw query failed. Code: `42601`. Message: `syntax error at or near "."`
      at zr.handleRequestError (/Users/adrianbrowning/Documents/repos/adrianbrowning/prisma-ts-select/node_modules/.pnpm/@prisma+client@7.4.0_prisma@7.4.0_@types+react@19.2.13_better-sqlite3@11.10.0_react-dom_4daac4841586c2d8497b628bae25a083/node_modules/@prisma/client/src/runtime/RequestHandler.ts:228:13)
      at zr.handleAndLogRequestError (/Users/adrianbrowning/Documents/repos/adrianbrowning/prisma-ts-select/node_modules/.pnpm/@prisma+client@7.4.0_prisma@7.4.0_@types+react@19.2.13_better-sqlite3@11.10.0_react-dom_4daac4841586c2d8497b628bae25a083/node_modules/@prisma/client/src/runtime/RequestHandler.ts:174:12)
      at zr.request (/Users/adrianbrowning/Documents/repos/adrianbrowning/prisma-ts-select/node_modules/.pnpm/@prisma+client@7.4.0_prisma@7.4.0_@types+react@19.2.13_better-sqlite3@11.10.0_react-dom_4daac4841586c2d8497b628bae25a083/node_modules/@prisma/client/src/runtime/RequestHandler.ts:143:12)
      at process.processTicksAndRejections (node:internal/process/task_queues:103:5)
      at async a (/Users/adrianbrowning/Documents/repos/adrianbrowning/prisma-ts-select/node_modules/.pnpm/@prisma+client@7.4.0_prisma@7.4.0_@types+react@19.2.13_better-sqlite3@11.10.0_react-dom_4daac4841586c2d8497b628bae25a083/node_modules/@prisma/client/src/runtime/getPrismaClient.ts:807:24)
      at async TestContext.<anonymous> (/Users/adrianbrowning/Documents/repos/adrianbrowning/prisma-ts-select/packages/usage-v7/tests/core/column-alias.spec.ts:16:32)
      at async Test.run (node:internal/test_runner/test:1110:7)
      at async Promise.all (index 0)
      at async Suite.run (node:internal/test_runner/test:1515:7)
      at async Promise.all (index 0)

test at tests/core/column-alias.spec.ts:1:474
âœ– should return aliased column name in type (63.058417ms)
  PrismaClientKnownRequestError: 
  Invalid `prisma.$queryRawUnsafe()` invocation:
  
  
  Raw query failed. Code: `42601`. Message: `syntax error at or near "."`
      at zr.handleRequestError (/Users/adrianbrowning/Documents/repos/adrianbrowning/prisma-ts-select/node_modules/.pnpm/@prisma+client@7.4.0_prisma@7.4.0_@types+react@19.2.13_better-sqlite3@11.10.0_react-dom_4daac4841586c2d8497b628bae25a083/node_modules/@prisma/client/src/runtime/RequestHandler.ts:228:13)
      at zr.handleAndLogRequestError (/Users/adrianbrowning/Documents/repos/adrianbrowning/prisma-ts-select/node_modules/.pnpm/@prisma+client@7.4.0_prisma@7.4.0_@types+react@19.2.13_better-sqlite3@11.10.0_react-dom_4daac4841586c2d8497b628bae25a083/node_modules/@prisma/client/src/runtime/RequestHandler.ts:174:12)
      at zr.request (/Users/adrianbrowning/Documents/repos/adrianbrowning/prisma-ts-select/node_modules/.pnpm/@prisma+client@7.4.0_prisma@7.4.0_@types+react@19.2.13_better-sqlite3@11.10.0_react-dom_4daac4841586c2d8497b628bae25a083/node_modules/@prisma/client/src/runtime/RequestHandler.ts:143:12)
      at process.processTicksAndRejections (node:internal/process/task_queues:103:5)
      at async a (/Users/adrianbrowning/Documents/repos/adrianbrowning/prisma-ts-select/node_modules/.pnpm/@prisma+client@7.4.0_prisma@7.4.0_@types+react@19.2.13_better-sqlite3@11.10.0_react-dom_4daac4841586c2d8497b628bae25a083/node_modules/@prisma/client/src/runtime/getPrismaClient.ts:807:24)
      at async TestContext.<anonymous> (/Users/adrianbrowning/Documents/repos/adrianbrowning/prisma-ts-select/packages/usage-v7/tests/core/column-alias.spec.ts:28:28)
      at async Test.run (node:internal/test_runner/test:1110:7)
      at async Suite.processPendingSubtests (node:internal/test_runner/test:785:7)

test at tests/core/column-alias.spec.ts:1:844
âœ– should support mixing aliased and non-aliased columns (26.331834ms)
  PrismaClientKnownRequestError: 
  Invalid `prisma.$queryRawUnsafe()` invocation:
  
  
  Raw query failed. Code: `42601`. Message: `syntax error at or near "."`
      at zr.handleRequestError (/Users/adrianbrowning/Documents/repos/adrianbrowning/prisma-ts-select/node_modules/.pnpm/@prisma+client@7.4.0_prisma@7.4.0_@types+react@19.2.13_better-sqlite3@11.10.0_react-dom_4daac4841586c2d8497b628bae25a083/node_modules/@prisma/client/src/runtime/RequestHandler.ts:228:13)
      at zr.handleAndLogRequestError (/Users/adrianbrowning/Documents/repos/adrianbrowning/prisma-ts-select/node_modules/.pnpm/@prisma+client@7.4.0_prisma@7.4.0_@types+react@19.2.13_better-sqlite3@11.10.0_react-dom_4daac4841586c2d8497b628bae25a083/node_modules/@prisma/client/src/runtime/RequestHandler.ts:174:12)
      at zr.request (/Users/adrianbrowning/Documents/repos/adrianbrowning/prisma-ts-select/node_modules/.pnpm/@prisma+client@7.4.0_prisma@7.4.0_@types+react@19.2.13_better-sqlite3@11.10.0_react-dom_4daac4841586c2d8497b628bae25a083/node_modules/@prisma/client/src/runtime/RequestHandler.ts:143:12)
      at process.processTicksAndRejections (node:internal/process/task_queues:103:5)
      at async a (/Users/adrianbrowning/Documents/repos/adrianbrowning/prisma-ts-select/node_modules/.pnpm/@prisma+client@7.4.0_prisma@7.4.0_@types+react@19.2.13_better-sqlite3@11.10.0_react-dom_4daac4841586c2d8497b628bae25a083/node_modules/@prisma/client/src/runtime/getPrismaClient.ts:807:24)
      at async TestContext.<anonymous> (/Users/adrianbrowning/Documents/repos/adrianbrowning/prisma-ts-select/packages/usage-v7/tests/core/column-alias.spec.ts:54:32)
      at async Test.run (node:internal/test_runner/test:1110:7)
      at async Suite.processPendingSubtests (node:internal/test_runner/test:785:7)

test at tests/core/column-alias.spec.ts:1:1156
âœ– should return mixed types for aliased and non-aliased (23.392291ms)
  PrismaClientKnownRequestError: 
  Invalid `prisma.$queryRawUnsafe()` invocation:
  
  
  Raw query failed. Code: `42601`. Message: `syntax error at or near "."`
      at zr.handleRequestError (/Users/adrianbrowning/Documents/repos/adrianbrowning/prisma-ts-select/node_modules/.pnpm/@prisma+client@7.4.0_prisma@7.4.0_@types+react@19.2.13_better-sqlite3@11.10.0_react-dom_4daac4841586c2d8497b628bae25a083/node_modules/@prisma/client/src/runtime/RequestHandler.ts:228:13)
      at zr.handleAndLogRequestError (/Users/adrianbrowning/Documents/repos/adrianbrowning/prisma-ts-select/node_modules/.pnpm/@prisma+client@7.4.0_prisma@7.4.0_@types+react@19.2.13_better-sqlite3@11.10.0_react-dom_4daac4841586c2d8497b628bae25a083/node_modules/@prisma/client/src/runtime/RequestHandler.ts:174:12)
      at zr.request (/Users/adrianbrowning/Documents/repos/adrianbrowning/prisma-ts-select/node_modules/.pnpm/@prisma+client@7.4.0_prisma@7.4.0_@types+react@19.2.13_better-sqlite3@11.10.0_react-dom_4daac4841586c2d8497b628bae25a083/node_modules/@prisma/client/src/runtime/RequestHandler.ts:143:12)
      at process.processTicksAndRejections (node:internal/process/task_queues:103:5)
      at async a (/Users/adrianbrowning/Documents/repos/adrianbrowning/prisma-ts-select/node_modules/.pnpm/@prisma+client@7.4.0_prisma@7.4.0_@types+react@19.2.13_better-sqlite3@11.10.0_react-dom_4daac4841586c2d8497b628bae25a083/node_modules/@prisma/client/src/runtime/getPrismaClient.ts:807:24)
      at async TestContext.<anonymous> (/Users/adrianbrowning/Documents/repos/adrianbrowning/prisma-ts-select/packages/usage-v7/tests/core/column-alias.spec.ts:66:28)
      at async Test.run (node:internal/test_runner/test:1110:7)
      at async Suite.processPendingSubtests (node:internal/test_runner/test:785:7)

test at tests/core/column-alias.spec.ts:1:1413
âœ– should handle multiple aliased columns (15.967917ms)
  PrismaClientKnownRequestError: 
  Invalid `prisma.$queryRawUnsafe()` invocation:
  
  
  Raw query failed. Code: `42601`. Message: `syntax error at or near "."`
      at zr.handleRequestError (/Users/adrianbrowning/Documents/repos/adrianbrowning/prisma-ts-select/node_modules/.pnpm/@prisma+client@7.4.0_prisma@7.4.0_@types+react@19.2.13_better-sqlite3@11.10.0_react-dom_4daac4841586c2d8497b628bae25a083/node_modules/@prisma/client/src/runtime/RequestHandler.ts:228:13)
      at zr.handleAndLogRequestError (/Users/adrianbrowning/Documents/repos/adrianbrowning/prisma-ts-select/node_modules/.pnpm/@prisma+client@7.4.0_prisma@7.4.0_@types+react@19.2.13_better-sqlite3@11.10.0_react-dom_4daac4841586c2d8497b628bae25a083/node_modules/@prisma/client/src/runtime/RequestHandler.ts:174:12)
      at zr.request (/Users/adrianbrowning/Documents/repos/adrianbrowning/prisma-ts-select/node_modules/.pnpm/@prisma+client@7.4.0_prisma@7.4.0_@types+react@19.2.13_better-sqlite3@11.10.0_react-dom_4daac4841586c2d8497b628bae25a083/node_modules/@prisma/client/src/runtime/RequestHandler.ts:143:12)
      at process.processTicksAndRejections (node:internal/process/task_queues:103:5)
      at async a (/Users/adrianbrowning/Documents/repos/adrianbrowning/prisma-ts-select/node_modules/.pnpm/@prisma+client@7.4.0_prisma@7.4.0_@types+react@19.2.13_better-sqlite3@11.10.0_react-dom_4daac4841586c2d8497b628bae25a083/node_modules/@prisma/client/src/runtime/getPrismaClient.ts:807:24)
      at async TestContext.<anonymous> (/Users/adrianbrowning/Documents/repos/adrianbrowning/prisma-ts-select/packages/usage-v7/tests/core/column-alias.spec.ts:87:32)
      at async Test.run (node:internal/test_runner/test:1110:7)
      at async Promise.all (index 0)
      at async Suite.run (node:internal/test_runner/test:1515:7)
      at async Suite.processPendingSubtests (node:internal/test_runner/test:785:7)

test at tests/core/column-alias.spec.ts:1:1768
âœ– should return all aliased column names in type (40.712917ms)
  PrismaClientKnownRequestError: 
  Invalid `prisma.$queryRawUnsafe()` invocation:
  
  
  Raw query failed. Code: `42601`. Message: `syntax error at or near "."`
      at zr.handleRequestError (/Users/adrianbrowning/Documents/repos/adrianbrowning/prisma-ts-select/node_modules/.pnpm/@prisma+client@7.4.0_prisma@7.4.0_@types+react@19.2.13_better-sqlite3@11.10.0_react-dom_4daac4841586c2d8497b628bae25a083/node_modules/@prisma/client/src/runtime/RequestHandler.ts:228:13)
      at zr.handleAndLogRequestError (/Users/adrianbrowning/Documents/repos/adrianbrowning/prisma-ts-select/node_modules/.pnpm/@prisma+client@7.4.0_prisma@7.4.0_@types+react@19.2.13_better-sqlite3@11.10.0_react-dom_4daac4841586c2d8497b628bae25a083/node_modules/@prisma/client/src/runtime/RequestHandler.ts:174:12)
      at zr.request (/Users/adrianbrowning/Documents/repos/adrianbrowning/prisma-ts-select/node_modules/.pnpm/@prisma+client@7.4.0_prisma@7.4.0_@types+react@19.2.13_better-sqlite3@11.10.0_react-dom_4daac4841586c2d8497b628bae25a083/node_modules/@prisma/client/src/runtime/RequestHandler.ts:143:12)
      at process.processTicksAndRejections (node:internal/process/task_queues:103:5)
      at async a (/Users/adrianbrowning/Documents/repos/adrianbrowning/prisma-ts-select/node_modules/.pnpm/@prisma+client@7.4.0_prisma@7.4.0_@types+react@19.2.13_better-sqlite3@11.10.0_react-dom_4daac4841586c2d8497b628bae25a083/node_modules/@prisma/client/src/runtime/getPrismaClient.ts:807:24)
      at async TestContext.<anonymous> (/Users/adrianbrowning/Documents/repos/adrianbrowning/prisma-ts-select/packages/usage-v7/tests/core/column-alias.spec.ts:102:28)
      at async Test.run (node:internal/test_runner/test:1110:7)
      at async Suite.processPendingSubtests (node:internal/test_runner/test:785:7)

test at tests/core/column-alias.spec.ts:1:2024
âœ– should alias columns from joined tables (47.662084ms)
  PrismaClientKnownRequestError: 
  Invalid `prisma.$queryRawUnsafe()` invocation:
  
  
  Raw query failed. Code: `42601`. Message: `syntax error at or near "."`
      at zr.handleRequestError (/Users/adrianbrowning/Documents/repos/adrianbrowning/prisma-ts-select/node_modules/.pnpm/@prisma+client@7.4.0_prisma@7.4.0_@types+react@19.2.13_better-sqlite3@11.10.0_react-dom_4daac4841586c2d8497b628bae25a083/node_modules/@prisma/client/src/runtime/RequestHandler.ts:228:13)
      at zr.handleAndLogRequestError (/Users/adrianbrowning/Documents/repos/adrianbrowning/prisma-ts-select/node_modules/.pnpm/@prisma+client@7.4.0_prisma@7.4.0_@types+react@19.2.13_better-sqlite3@11.10.0_react-dom_4daac4841586c2d8497b628bae25a083/node_modules/@prisma/client/src/runtime/RequestHandler.ts:174:12)
      at zr.request (/Users/adrianbrowning/Documents/repos/adrianbrowning/prisma-ts-select/node_modules/.pnpm/@prisma+client@7.4.0_prisma@7.4.0_@types+react@19.2.13_better-sqlite3@11.10.0_react-dom_4daac4841586c2d8497b628bae25a083/node_modules/@prisma/client/src/runtime/RequestHandler.ts:143:12)
      at process.processTicksAndRejections (node:internal/process/task_queues:103:5)
      at async a (/Users/adrianbrowning/Documents/repos/adrianbrowning/prisma-ts-select/node_modules/.pnpm/@prisma+client@7.4.0_prisma@7.4.0_@types+react@19.2.13_better-sqlite3@11.10.0_react-dom_4daac4841586c2d8497b628bae25a083/node_modules/@prisma/client/src/runtime/getPrismaClient.ts:807:24)
      at async TestContext.<anonymous> (/Users/adrianbrowning/Documents/repos/adrianbrowning/prisma-ts-select/packages/usage-v7/tests/core/column-alias.spec.ts:123:32)
      at async Test.run (node:internal/test_runner/test:1110:7)
      at async Promise.all (index 0)
      at async Suite.run (node:internal/test_runner/test:1515:7)
      at async Suite.processPendingSubtests (node:internal/test_runner/test:785:7)

test at tests/core/column-alias.spec.ts:1:2407
âœ– should return aliased columns from joins in type (40.876208ms)
  PrismaClientKnownRequestError: 
  Invalid `prisma.$queryRawUnsafe()` invocation:
  
  
  Raw query failed. Code: `42601`. Message: `syntax error at or near "."`
      at zr.handleRequestError (/Users/adrianbrowning/Documents/repos/adrianbrowning/prisma-ts-select/node_modules/.pnpm/@prisma+client@7.4.0_prisma@7.4.0_@types+react@19.2.13_better-sqlite3@11.10.0_react-dom_4daac4841586c2d8497b628bae25a083/node_modules/@prisma/client/src/runtime/RequestHandler.ts:228:13)
      at zr.handleAndLogRequestError (/Users/adrianbrowning/Documents/repos/adrianbrowning/prisma-ts-select/node_modules/.pnpm/@prisma+client@7.4.0_prisma@7.4.0_@types+react@19.2.13_better-sqlite3@11.10.0_react-dom_4daac4841586c2d8497b628bae25a083/node_modules/@prisma/client/src/runtime/RequestHandler.ts:174:12)
      at zr.request (/Users/adrianbrowning/Documents/repos/adrianbrowning/prisma-ts-select/node_modules/.pnpm/@prisma+client@7.4.0_prisma@7.4.0_@types+react@19.2.13_better-sqlite3@11.10.0_react-dom_4daac4841586c2d8497b628bae25a083/node_modules/@prisma/client/src/runtime/RequestHandler.ts:143:12)
      at process.processTicksAndRejections (node:internal/process/task_queues:103:5)
      at async a (/Users/adrianbrowning/Documents/repos/adrianbrowning/prisma-ts-select/node_modules/.pnpm/@prisma+client@7.4.0_prisma@7.4.0_@types+react@19.2.13_better-sqlite3@11.10.0_react-dom_4daac4841586c2d8497b628bae25a083/node_modules/@prisma/client/src/runtime/getPrismaClient.ts:807:24)
      at async TestContext.<anonymous> (/Users/adrianbrowning/Documents/repos/adrianbrowning/prisma-ts-select/packages/usage-v7/tests/core/column-alias.spec.ts:137:28)
      at async Test.run (node:internal/test_runner/test:1110:7)
      at async Suite.processPendingSubtests (node:internal/test_runner/test:785:7)

test at tests/core/column-alias.spec.ts:1:2660
âœ– should handle mix of prefixed and aliased columns in joins (22.403375ms)
  PrismaClientKnownRequestError: 
  Invalid `prisma.$queryRawUnsafe()` invocation:
  
  
  Raw query failed. Code: `42601`. Message: `syntax error at or near "."`
      at zr.handleRequestError (/Users/adrianbrowning/Documents/repos/adrianbrowning/prisma-ts-select/node_modules/.pnpm/@prisma+client@7.4.0_prisma@7.4.0_@types+react@19.2.13_better-sqlite3@11.10.0_react-dom_4daac4841586c2d8497b628bae25a083/node_modules/@prisma/client/src/runtime/RequestHandler.ts:228:13)
      at zr.handleAndLogRequestError (/Users/adrianbrowning/Documents/repos/adrianbrowning/prisma-ts-select/node_modules/.pnpm/@prisma+client@7.4.0_prisma@7.4.0_@types+react@19.2.13_better-sqlite3@11.10.0_react-dom_4daac4841586c2d8497b628bae25a083/node_modules/@prisma/client/src/runtime/RequestHandler.ts:174:12)
      at zr.request (/Users/adrianbrowning/Documents/repos/adrianbrowning/prisma-ts-select/node_modules/.pnpm/@prisma+client@7.4.0_prisma@7.4.0_@types+react@19.2.13_better-sqlite3@11.10.0_react-dom_4daac4841586c2d8497b628bae25a083/node_modules/@prisma/client/src/runtime/RequestHandler.ts:143:12)
      at process.processTicksAndRejections (node:internal/process/task_queues:103:5)
      at async a (/Users/adrianbrowning/Documents/repos/adrianbrowning/prisma-ts-select/node_modules/.pnpm/@prisma+client@7.4.0_prisma@7.4.0_@types+react@19.2.13_better-sqlite3@11.10.0_react-dom_4daac4841586c2d8497b628bae25a083/node_modules/@prisma/client/src/runtime/getPrismaClient.ts:807:24)
      at async TestContext.<anonymous> (/Users/adrianbrowning/Documents/repos/adrianbrowning/prisma-ts-select/packages/usage-v7/tests/core/column-alias.spec.ts:159:32)
      at async Test.run (node:internal/test_runner/test:1110:7)
      at async Suite.processPendingSubtests (node:internal/test_runner/test:785:7)

test at tests/core/column-alias.spec.ts:1:3202
âœ– should allow WHERE on original column name even with alias (38.558958ms)
  PrismaClientKnownRequestError: 
  Invalid `prisma.$queryRawUnsafe()` invocation:
  
  
  Raw query failed. Code: `42601`. Message: `syntax error at or near "."`
      at zr.handleRequestError (/Users/adrianbrowning/Documents/repos/adrianbrowning/prisma-ts-select/node_modules/.pnpm/@prisma+client@7.4.0_prisma@7.4.0_@types+react@19.2.13_better-sqlite3@11.10.0_react-dom_4daac4841586c2d8497b628bae25a083/node_modules/@prisma/client/src/runtime/RequestHandler.ts:228:13)
      at zr.handleAndLogRequestError (/Users/adrianbrowning/Documents/repos/adrianbrowning/prisma-ts-select/node_modules/.pnpm/@prisma+client@7.4.0_prisma@7.4.0_@types+react@19.2.13_better-sqlite3@11.10.0_react-dom_4daac4841586c2d8497b628bae25a083/node_modules/@prisma/client/src/runtime/RequestHandler.ts:174:12)
      at zr.request (/Users/adrianbrowning/Documents/repos/adrianbrowning/prisma-ts-select/node_modules/.pnpm/@prisma+client@7.4.0_prisma@7.4.0_@types+react@19.2.13_better-sqlite3@11.10.0_react-dom_4daac4841586c2d8497b628bae25a083/node_modules/@prisma/client/src/runtime/RequestHandler.ts:143:12)
      at process.processTicksAndRejections (node:internal/process/task_queues:103:5)
      at async a (/Users/adrianbrowning/Documents/repos/adrianbrowning/prisma-ts-select/node_modules/.pnpm/@prisma+client@7.4.0_prisma@7.4.0_@types+react@19.2.13_better-sqlite3@11.10.0_react-dom_4daac4841586c2d8497b628bae25a083/node_modules/@prisma/client/src/runtime/getPrismaClient.ts:807:24)
      at async TestContext.<anonymous> (/Users/adrianbrowning/Documents/repos/adrianbrowning/prisma-ts-select/packages/usage-v7/tests/core/column-alias.spec.ts:182:32)
      at async Test.run (node:internal/test_runner/test:1110:7)
      at async Promise.all (index 0)
      at async Suite.run (node:internal/test_runner/test:1515:7)
      at async Suite.processPendingSubtests (node:internal/test_runner/test:785:7)

test at tests/core/column-alias.spec.ts:1:3538
âœ– should use alias in ORDER BY clause (14.901958ms)
  PrismaClientKnownRequestError: 
  Invalid `prisma.$queryRawUnsafe()` invocation:
  
  
  Raw query failed. Code: `42601`. Message: `syntax error at or near "."`
      at zr.handleRequestError (/Users/adrianbrowning/Documents/repos/adrianbrowning/prisma-ts-select/node_modules/.pnpm/@prisma+client@7.4.0_prisma@7.4.0_@types+react@19.2.13_better-sqlite3@11.10.0_react-dom_4daac4841586c2d8497b628bae25a083/node_modules/@prisma/client/src/runtime/RequestHandler.ts:228:13)
      at zr.handleAndLogRequestError (/Users/adrianbrowning/Documents/repos/adrianbrowning/prisma-ts-select/node_modules/.pnpm/@prisma+client@7.4.0_prisma@7.4.0_@types+react@19.2.13_better-sqlite3@11.10.0_react-dom_4daac4841586c2d8497b628bae25a083/node_modules/@prisma/client/src/runtime/RequestHandler.ts:174:12)
      at zr.request (/Users/adrianbrowning/Documents/repos/adrianbrowning/prisma-ts-select/node_modules/.pnpm/@prisma+client@7.4.0_prisma@7.4.0_@types+react@19.2.13_better-sqlite3@11.10.0_react-dom_4daac4841586c2d8497b628bae25a083/node_modules/@prisma/client/src/runtime/RequestHandler.ts:143:12)
      at process.processTicksAndRejections (node:internal/process/task_queues:103:5)
      at async a (/Users/adrianbrowning/Documents/repos/adrianbrowning/prisma-ts-select/node_modules/.pnpm/@prisma+client@7.4.0_prisma@7.4.0_@types+react@19.2.13_better-sqlite3@11.10.0_react-dom_4daac4841586c2d8497b628bae25a083/node_modules/@prisma/client/src/runtime/getPrismaClient.ts:807:24)
      at async TestContext.<anonymous> (/Users/adrianbrowning/Documents/repos/adrianbrowning/prisma-ts-select/packages/usage-v7/tests/core/column-alias.spec.ts:200:32)
      at async Test.run (node:internal/test_runner/test:1110:7)
      at async Promise.all (index 0)
      at async Suite.run (node:internal/test_runner/test:1515:7)
      at async Suite.processPendingSubtests (node:internal/test_runner/test:785:7)

test at tests/core/column-alias.spec.ts:1:3832
âœ– should allow ORDER BY on original column name (20.887667ms)
  PrismaClientKnownRequestError: 
  Invalid `prisma.$queryRawUnsafe()` invocation:
  
  
  Raw query failed. Code: `42601`. Message: `syntax error at or near "."`
      at zr.handleRequestError (/Users/adrianbrowning/Documents/repos/adrianbrowning/prisma-ts-select/node_modules/.pnpm/@prisma+client@7.4.0_prisma@7.4.0_@types+react@19.2.13_better-sqlite3@11.10.0_react-dom_4daac4841586c2d8497b628bae25a083/node_modules/@prisma/client/src/runtime/RequestHandler.ts:228:13)
      at zr.handleAndLogRequestError (/Users/adrianbrowning/Documents/repos/adrianbrowning/prisma-ts-select/node_modules/.pnpm/@prisma+client@7.4.0_prisma@7.4.0_@types+react@19.2.13_better-sqlite3@11.10.0_react-dom_4daac4841586c2d8497b628bae25a083/node_modules/@prisma/client/src/runtime/RequestHandler.ts:174:12)
      at zr.request (/Users/adrianbrowning/Documents/repos/adrianbrowning/prisma-ts-select/node_modules/.pnpm/@prisma+client@7.4.0_prisma@7.4.0_@types+react@19.2.13_better-sqlite3@11.10.0_react-dom_4daac4841586c2d8497b628bae25a083/node_modules/@prisma/client/src/runtime/RequestHandler.ts:143:12)
      at process.processTicksAndRejections (node:internal/process/task_queues:103:5)
      at async a (/Users/adrianbrowning/Documents/repos/adrianbrowning/prisma-ts-select/node_modules/.pnpm/@prisma+client@7.4.0_prisma@7.4.0_@types+react@19.2.13_better-sqlite3@11.10.0_react-dom_4daac4841586c2d8497b628bae25a083/node_modules/@prisma/client/src/runtime/getPrismaClient.ts:807:24)
      at async TestContext.<anonymous> (/Users/adrianbrowning/Documents/repos/adrianbrowning/prisma-ts-select/packages/usage-v7/tests/core/column-alias.spec.ts:216:32)
      at async Test.run (node:internal/test_runner/test:1110:7)
      at async Suite.processPendingSubtests (node:internal/test_runner/test:785:7)

test at tests/core/column-alias.spec.ts:1:4189
âœ– should use alias in GROUP BY (52.268916ms)
  PrismaClientKnownRequestError: 
  Invalid `prisma.$queryRawUnsafe()` invocation:
  
  
  Raw query failed. Code: `42601`. Message: `syntax error at or near "."`
      at zr.handleRequestError (/Users/adrianbrowning/Documents/repos/adrianbrowning/prisma-ts-select/node_modules/.pnpm/@prisma+client@7.4.0_prisma@7.4.0_@types+react@19.2.13_better-sqlite3@11.10.0_react-dom_4daac4841586c2d8497b628bae25a083/node_modules/@prisma/client/src/runtime/RequestHandler.ts:228:13)
      at zr.handleAndLogRequestError (/Users/adrianbrowning/Documents/repos/adrianbrowning/prisma-ts-select/node_modules/.pnpm/@prisma+client@7.4.0_prisma@7.4.0_@types+react@19.2.13_better-sqlite3@11.10.0_react-dom_4daac4841586c2d8497b628bae25a083/node_modules/@prisma/client/src/runtime/RequestHandler.ts:174:12)
      at zr.request (/Users/adrianbrowning/Documents/repos/adrianbrowning/prisma-ts-select/node_modules/.pnpm/@prisma+client@7.4.0_prisma@7.4.0_@types+react@19.2.13_better-sqlite3@11.10.0_react-dom_4daac4841586c2d8497b628bae25a083/node_modules/@prisma/client/src/runtime/RequestHandler.ts:143:12)
      at process.processTicksAndRejections (node:internal/process/task_queues:103:5)
      at async a (/Users/adrianbrowning/Documents/repos/adrianbrowning/prisma-ts-select/node_modules/.pnpm/@prisma+client@7.4.0_prisma@7.4.0_@types+react@19.2.13_better-sqlite3@11.10.0_react-dom_4daac4841586c2d8497b628bae25a083/node_modules/@prisma/client/src/runtime/getPrismaClient.ts:807:24)
      at async TestContext.<anonymous> (/Users/adrianbrowning/Documents/repos/adrianbrowning/prisma-ts-select/packages/usage-v7/tests/core/column-alias.spec.ts:234:32)
      at async Test.run (node:internal/test_runner/test:1110:7)
      at async Promise.all (index 0)
      at async Suite.run (node:internal/test_runner/test:1515:7)
      at async Suite.processPendingSubtests (node:internal/test_runner/test:785:7)

test at tests/core/column-alias.spec.ts:1:4468
âœ– should use alias in HAVING clause (14.691958ms)
  PrismaClientKnownRequestError: 
  Invalid `prisma.$queryRawUnsafe()` invocation:
  
  
  Raw query failed. Code: `42P01`. Message: `relation "post" does not exist`
      at zr.handleRequestError (/Users/adrianbrowning/Documents/repos/adrianbrowning/prisma-ts-select/node_modules/.pnpm/@prisma+client@7.4.0_prisma@7.4.0_@types+react@19.2.13_better-sqlite3@11.10.0_react-dom_4daac4841586c2d8497b628bae25a083/node_modules/@prisma/client/src/runtime/RequestHandler.ts:228:13)
      at zr.handleAndLogRequestError (/Users/adrianbrowning/Documents/repos/adrianbrowning/prisma-ts-select/node_modules/.pnpm/@prisma+client@7.4.0_prisma@7.4.0_@types+react@19.2.13_better-sqlite3@11.10.0_react-dom_4daac4841586c2d8497b628bae25a083/node_modules/@prisma/client/src/runtime/RequestHandler.ts:174:12)
      at zr.request (/Users/adrianbrowning/Documents/repos/adrianbrowning/prisma-ts-select/node_modules/.pnpm/@prisma+client@7.4.0_prisma@7.4.0_@types+react@19.2.13_better-sqlite3@11.10.0_react-dom_4daac4841586c2d8497b628bae25a083/node_modules/@prisma/client/src/runtime/RequestHandler.ts:143:12)
      at process.processTicksAndRejections (node:internal/process/task_queues:103:5)
      at async a (/Users/adrianbrowning/Documents/repos/adrianbrowning/prisma-ts-select/node_modules/.pnpm/@prisma+client@7.4.0_prisma@7.4.0_@types+react@19.2.13_better-sqlite3@11.10.0_react-dom_4daac4841586c2d8497b628bae25a083/node_modules/@prisma/client/src/runtime/getPrismaClient.ts:807:24)
      at async TestContext.<anonymous> (/Users/adrianbrowning/Documents/repos/adrianbrowning/prisma-ts-select/packages/usage-v7/tests/core/column-alias.spec.ts:251:32)
      at async Test.run (node:internal/test_runner/test:1110:7)
      at async Suite.processPendingSubtests (node:internal/test_runner/test:785:7)

test at tests/core/column-alias.spec.ts:1:4870
âœ– should work with LIMIT (15.557542ms)
  PrismaClientKnownRequestError: 
  Invalid `prisma.$queryRawUnsafe()` invocation:
  
  
  Raw query failed. Code: `42601`. Message: `syntax error at or near "."`
      at zr.handleRequestError (/Users/adrianbrowning/Documents/repos/adrianbrowning/prisma-ts-select/node_modules/.pnpm/@prisma+client@7.4.0_prisma@7.4.0_@types+react@19.2.13_better-sqlite3@11.10.0_react-dom_4daac4841586c2d8497b628bae25a083/node_modules/@prisma/client/src/runtime/RequestHandler.ts:228:13)
      at zr.handleAndLogRequestError (/Users/adrianbrowning/Documents/repos/adrianbrowning/prisma-ts-select/node_modules/.pnpm/@prisma+client@7.4.0_prisma@7.4.0_@types+react@19.2.13_better-sqlite3@11.10.0_react-dom_4daac4841586c2d8497b628bae25a083/node_modules/@prisma/client/src/runtime/RequestHandler.ts:174:12)
      at zr.request (/Users/adrianbrowning/Documents/repos/adrianbrowning/prisma-ts-select/node_modules/.pnpm/@prisma+client@7.4.0_prisma@7.4.0_@types+react@19.2.13_better-sqlite3@11.10.0_react-dom_4daac4841586c2d8497b628bae25a083/node_modules/@prisma/client/src/runtime/RequestHandler.ts:143:12)
      at process.processTicksAndRejections (node:internal/process/task_queues:103:5)
      at async a (/Users/adrianbrowning/Documents/repos/adrianbrowning/prisma-ts-select/node_modules/.pnpm/@prisma+client@7.4.0_prisma@7.4.0_@types+react@19.2.13_better-sqlite3@11.10.0_react-dom_4daac4841586c2d8497b628bae25a083/node_modules/@prisma/client/src/runtime/getPrismaClient.ts:807:24)
      at async TestContext.<anonymous> (/Users/adrianbrowning/Documents/repos/adrianbrowning/prisma-ts-select/packages/usage-v7/tests/core/column-alias.spec.ts:269:32)
      at async Test.run (node:internal/test_runner/test:1110:7)
      at async Promise.all (index 0)
      at async Suite.run (node:internal/test_runner/test:1515:7)
      at async Suite.processPendingSubtests (node:internal/test_runner/test:785:7)

test at tests/core/column-alias.spec.ts:1:5120
âœ– should work with LIMIT and OFFSET (14.33825ms)
  PrismaClientKnownRequestError: 
  Invalid `prisma.$queryRawUnsafe()` invocation:
  
  
  Raw query failed. Code: `42601`. Message: `syntax error at or near "."`
      at zr.handleRequestError (/Users/adrianbrowning/Documents/repos/adrianbrowning/prisma-ts-select/node_modules/.pnpm/@prisma+client@7.4.0_prisma@7.4.0_@types+react@19.2.13_better-sqlite3@11.10.0_react-dom_4daac4841586c2d8497b628bae25a083/node_modules/@prisma/client/src/runtime/RequestHandler.ts:228:13)
      at zr.handleAndLogRequestError (/Users/adrianbrowning/Documents/repos/adrianbrowning/prisma-ts-select/node_modules/.pnpm/@prisma+client@7.4.0_prisma@7.4.0_@types+react@19.2.13_better-sqlite3@11.10.0_react-dom_4daac4841586c2d8497b628bae25a083/node_modules/@prisma/client/src/runtime/RequestHandler.ts:174:12)
      at zr.request (/Users/adrianbrowning/Documents/repos/adrianbrowning/prisma-ts-select/node_modules/.pnpm/@prisma+client@7.4.0_prisma@7.4.0_@types+react@19.2.13_better-sqlite3@11.10.0_react-dom_4daac4841586c2d8497b628bae25a083/node_modules/@prisma/client/src/runtime/RequestHandler.ts:143:12)
      at process.processTicksAndRejections (node:internal/process/task_queues:103:5)
      at async a (/Users/adrianbrowning/Documents/repos/adrianbrowning/prisma-ts-select/node_modules/.pnpm/@prisma+client@7.4.0_prisma@7.4.0_@types+react@19.2.13_better-sqlite3@11.10.0_react-dom_4daac4841586c2d8497b628bae25a083/node_modules/@prisma/client/src/runtime/getPrismaClient.ts:807:24)
      at async TestContext.<anonymous> (/Users/adrianbrowning/Documents/repos/adrianbrowning/prisma-ts-select/packages/usage-v7/tests/core/column-alias.spec.ts:286:32)
      at async Test.run (node:internal/test_runner/test:1110:7)
      at async Suite.processPendingSubtests (node:internal/test_runner/test:785:7)

test at tests/core/column-alias.spec.ts:1:5433
âœ– should handle special characters in alias names (10.521166ms)
  PrismaClientKnownRequestError: 
  Invalid `prisma.$queryRawUnsafe()` invocation:
  
  
  Raw query failed. Code: `42601`. Message: `syntax error at or near "."`
      at zr.handleRequestError (/Users/adrianbrowning/Documents/repos/adrianbrowning/prisma-ts-select/node_modules/.pnpm/@prisma+client@7.4.0_prisma@7.4.0_@types+react@19.2.13_better-sqlite3@11.10.0_react-dom_4daac4841586c2d8497b628bae25a083/node_modules/@prisma/client/src/runtime/RequestHandler.ts:228:13)
      at zr.handleAndLogRequestError (/Users/adrianbrowning/Documents/repos/adrianbrowning/prisma-ts-select/node_modules/.pnpm/@prisma+client@7.4.0_prisma@7.4.0_@types+react@19.2.13_better-sqlite3@11.10.0_react-dom_4daac4841586c2d8497b628bae25a083/node_modules/@prisma/client/src/runtime/RequestHandler.ts:174:12)
      at zr.request (/Users/adrianbrowning/Documents/repos/adrianbrowning/prisma-ts-select/node_modules/.pnpm/@prisma+client@7.4.0_prisma@7.4.0_@types+react@19.2.13_better-sqlite3@11.10.0_react-dom_4daac4841586c2d8497b628bae25a083/node_modules/@prisma/client/src/runtime/RequestHandler.ts:143:12)
      at process.processTicksAndRejections (node:internal/process/task_queues:103:5)
      at async a (/Users/adrianbrowning/Documents/repos/adrianbrowning/prisma-ts-select/node_modules/.pnpm/@prisma+client@7.4.0_prisma@7.4.0_@types+react@19.2.13_better-sqlite3@11.10.0_react-dom_4daac4841586c2d8497b628bae25a083/node_modules/@prisma/client/src/runtime/getPrismaClient.ts:807:24)
      at async TestContext.<anonymous> (/Users/adrianbrowning/Documents/repos/adrianbrowning/prisma-ts-select/packages/usage-v7/tests/core/column-alias.spec.ts:303:32)
      at async Test.run (node:internal/test_runner/test:1110:7)
      at async Promise.all (index 0)
      at async Suite.run (node:internal/test_runner/test:1515:7)
      at async Suite.processPendingSubtests (node:internal/test_runner/test:785:7)

test at tests/core/column-alias.spec.ts:1:5701
âœ– should preserve data types in aliased columns (9.8195ms)
  PrismaClientKnownRequestError: 
  Invalid `prisma.$queryRawUnsafe()` invocation:
  
  
  Raw query failed. Code: `42601`. Message: `syntax error at or near "."`
      at zr.handleRequestError (/Users/adrianbrowning/Documents/repos/adrianbrowning/prisma-ts-select/node_modules/.pnpm/@prisma+client@7.4.0_prisma@7.4.0_@types+react@19.2.13_better-sqlite3@11.10.0_react-dom_4daac4841586c2d8497b628bae25a083/node_modules/@prisma/client/src/runtime/RequestHandler.ts:228:13)
      at zr.handleAndLogRequestError (/Users/adrianbrowning/Documents/repos/adrianbrowning/prisma-ts-select/node_modules/.pnpm/@prisma+client@7.4.0_prisma@7.4.0_@types+react@19.2.13_better-sqlite3@11.10.0_react-dom_4daac4841586c2d8497b628bae25a083/node_modules/@prisma/client/src/runtime/RequestHandler.ts:174:12)
      at zr.request (/Users/adrianbrowning/Documents/repos/adrianbrowning/prisma-ts-select/node_modules/.pnpm/@prisma+client@7.4.0_prisma@7.4.0_@types+react@19.2.13_better-sqlite3@11.10.0_react-dom_4daac4841586c2d8497b628bae25a083/node_modules/@prisma/client/src/runtime/RequestHandler.ts:143:12)
      at process.processTicksAndRejections (node:internal/process/task_queues:103:5)
      at async a (/Users/adrianbrowning/Documents/repos/adrianbrowning/prisma-ts-select/node_modules/.pnpm/@prisma+client@7.4.0_prisma@7.4.0_@types+react@19.2.13_better-sqlite3@11.10.0_react-dom_4daac4841586c2d8497b628bae25a083/node_modules/@prisma/client/src/runtime/getPrismaClient.ts:807:24)
      at async TestContext.<anonymous> (/Users/adrianbrowning/Documents/repos/adrianbrowning/prisma-ts-select/packages/usage-v7/tests/core/column-alias.spec.ts:314:28)
      at async Test.run (node:internal/test_runner/test:1110:7)
      at async Suite.processPendingSubtests (node:internal/test_runner/test:785:7)

test at tests/core/column-alias.spec.ts:1:5919
âœ– should handle nullable fields correctly in aliases (10.376792ms)
  PrismaClientKnownRequestError: 
  Invalid `prisma.$queryRawUnsafe()` invocation:
  
  
  Raw query failed. Code: `42601`. Message: `syntax error at or near "."`
      at zr.handleRequestError (/Users/adrianbrowning/Documents/repos/adrianbrowning/prisma-ts-select/node_modules/.pnpm/@prisma+client@7.4.0_prisma@7.4.0_@types+react@19.2.13_better-sqlite3@11.10.0_react-dom_4daac4841586c2d8497b628bae25a083/node_modules/@prisma/client/src/runtime/RequestHandler.ts:228:13)
      at zr.handleAndLogRequestError (/Users/adrianbrowning/Documents/repos/adrianbrowning/prisma-ts-select/node_modules/.pnpm/@prisma+client@7.4.0_prisma@7.4.0_@types+react@19.2.13_better-sqlite3@11.10.0_react-dom_4daac4841586c2d8497b628bae25a083/node_modules/@prisma/client/src/runtime/RequestHandler.ts:174:12)
      at zr.request (/Users/adrianbrowning/Documents/repos/adrianbrowning/prisma-ts-select/node_modules/.pnpm/@prisma+client@7.4.0_prisma@7.4.0_@types+react@19.2.13_better-sqlite3@11.10.0_react-dom_4daac4841586c2d8497b628bae25a083/node_modules/@prisma/client/src/runtime/RequestHandler.ts:143:12)
      at process.processTicksAndRejections (node:internal/process/task_queues:103:5)
      at async a (/Users/adrianbrowning/Documents/repos/adrianbrowning/prisma-ts-select/node_modules/.pnpm/@prisma+client@7.4.0_prisma@7.4.0_@types+react@19.2.13_better-sqlite3@11.10.0_react-dom_4daac4841586c2d8497b628bae25a083/node_modules/@prisma/client/src/runtime/getPrismaClient.ts:807:24)
      at async TestContext.<anonymous> (/Users/adrianbrowning/Documents/repos/adrianbrowning/prisma-ts-select/packages/usage-v7/tests/core/column-alias.spec.ts:327:28)
      at async Test.run (node:internal/test_runner/test:1110:7)
      at async Suite.processPendingSubtests (node:internal/test_runner/test:785:7)

test at tests/core/column-alias.spec.ts:1:6464
âœ– should allow same column name with explicit aliases (3.0805ms)
  AssertionError [ERR_ASSERTION]: Expected values to be strictly equal:
  + actual - expected
  
  + 'SELECT User.id AS "userId", Post.id AS "postId" FROM User JOIN Post ON Post.authorId = User.id;'
  - 'SELECT User.id AS `userId`, Post.id AS `postId` FROM User JOIN Post ON Post.authorId = User.id;'
  
      at TestContext.<anonymous> (/Users/adrianbrowning/Documents/repos/adrianbrowning/prisma-ts-select/packages/usage-v7/tests/core/column-alias.spec.ts:366:20)
      at Test.runInAsyncScope (node:async_hooks:214:14)
      at Test.run (node:internal/test_runner/test:1103:25)
      at Suite.processPendingSubtests (node:internal/test_runner/test:785:18)
      at Test.postRun (node:internal/test_runner/test:1232:19)
      at Test.run (node:internal/test_runner/test:1160:12)
      at process.processTicksAndRejections (node:internal/process/task_queues:103:5)
      at async Promise.all (index 0)
      at async Suite.run (node:internal/test_runner/test:1515:7)
      at async Suite.processPendingSubtests (node:internal/test_runner/test:785:7) {
    generatedMessage: true,
    code: 'ERR_ASSERTION',
    actual: 'SELECT User.id AS "userId", Post.id AS "postId" FROM User JOIN Post ON Post.authorId = User.id;',
    expected: 'SELECT User.id AS `userId`, Post.id AS `postId` FROM User JOIN Post ON Post.authorId = User.id;',
    operator: 'strictEqual',
    diff: 'simple'
  }

test at tests/core/column-alias.spec.ts:1:6848
âœ– should allow selecting same table column with different aliases (16.374917ms)
  PrismaClientKnownRequestError: 
  Invalid `prisma.$queryRawUnsafe()` invocation:
  
  
  Raw query failed. Code: `42601`. Message: `syntax error at or near "."`
      at zr.handleRequestError (/Users/adrianbrowning/Documents/repos/adrianbrowning/prisma-ts-select/node_modules/.pnpm/@prisma+client@7.4.0_prisma@7.4.0_@types+react@19.2.13_better-sqlite3@11.10.0_react-dom_4daac4841586c2d8497b628bae25a083/node_modules/@prisma/client/src/runtime/RequestHandler.ts:228:13)
      at zr.handleAndLogRequestError (/Users/adrianbrowning/Documents/repos/adrianbrowning/prisma-ts-select/node_modules/.pnpm/@prisma+client@7.4.0_prisma@7.4.0_@types+react@19.2.13_better-sqlite3@11.10.0_react-dom_4daac4841586c2d8497b628bae25a083/node_modules/@prisma/client/src/runtime/RequestHandler.ts:174:12)
      at zr.request (/Users/adrianbrowning/Documents/repos/adrianbrowning/prisma-ts-select/node_modules/.pnpm/@prisma+client@7.4.0_prisma@7.4.0_@types+react@19.2.13_better-sqlite3@11.10.0_react-dom_4daac4841586c2d8497b628bae25a083/node_modules/@prisma/client/src/runtime/RequestHandler.ts:143:12)
      at process.processTicksAndRejections (node:internal/process/task_queues:103:5)
      at async a (/Users/adrianbrowning/Documents/repos/adrianbrowning/prisma-ts-select/node_modules/.pnpm/@prisma+client@7.4.0_prisma@7.4.0_@types+react@19.2.13_better-sqlite3@11.10.0_react-dom_4daac4841586c2d8497b628bae25a083/node_modules/@prisma/client/src/runtime/getPrismaClient.ts:807:24)
      at async TestContext.<anonymous> (/Users/adrianbrowning/Documents/repos/adrianbrowning/prisma-ts-select/packages/usage-v7/tests/core/column-alias.spec.ts:379:28)
      at async Test.run (node:internal/test_runner/test:1110:7)
      at async Suite.processPendingSubtests (node:internal/test_runner/test:785:7)

test at tests/core/criteria.spec.ts:1:1023
âœ– should run (438.393833ms)
  PrismaClientKnownRequestError: 
  Invalid `prisma.$queryRawUnsafe()` invocation:
  
  
  Raw query failed. Code: `42601`. Message: `syntax error at or near "."`
      at zr.handleRequestError (/Users/adrianbrowning/Documents/repos/adrianbrowning/prisma-ts-select/node_modules/.pnpm/@prisma+client@7.4.0_prisma@7.4.0_@types+react@19.2.13_better-sqlite3@11.10.0_react-dom_4daac4841586c2d8497b628bae25a083/node_modules/@prisma/client/src/runtime/RequestHandler.ts:228:13)
      at zr.handleAndLogRequestError (/Users/adrianbrowning/Documents/repos/adrianbrowning/prisma-ts-select/node_modules/.pnpm/@prisma+client@7.4.0_prisma@7.4.0_@types+react@19.2.13_better-sqlite3@11.10.0_react-dom_4daac4841586c2d8497b628bae25a083/node_modules/@prisma/client/src/runtime/RequestHandler.ts:174:12)
      at zr.request (/Users/adrianbrowning/Documents/repos/adrianbrowning/prisma-ts-select/node_modules/.pnpm/@prisma+client@7.4.0_prisma@7.4.0_@types+react@19.2.13_better-sqlite3@11.10.0_react-dom_4daac4841586c2d8497b628bae25a083/node_modules/@prisma/client/src/runtime/RequestHandler.ts:143:12)
      at process.processTicksAndRejections (node:internal/process/task_queues:103:5)
      at async a (/Users/adrianbrowning/Documents/repos/adrianbrowning/prisma-ts-select/node_modules/.pnpm/@prisma+client@7.4.0_prisma@7.4.0_@types+react@19.2.13_better-sqlite3@11.10.0_react-dom_4daac4841586c2d8497b628bae25a083/node_modules/@prisma/client/src/runtime/getPrismaClient.ts:807:24)
      at async TestContext.<anonymous> (/Users/adrianbrowning/Documents/repos/adrianbrowning/prisma-ts-select/packages/usage-v7/tests/core/criteria.spec.ts:91:28)
      at async Test.run (node:internal/test_runner/test:1110:7)
      at async Promise.all (index 0)
      at async Suite.run (node:internal/test_runner/test:1515:7)
      at async Promise.all (index 0)

test at tests/core/criteria.spec.ts:1:2340
âœ– should run (36.678083ms)
  PrismaClientKnownRequestError: 
  Invalid `prisma.$queryRawUnsafe()` invocation:
  
  
  Raw query failed. Code: `42601`. Message: `syntax error at or near "."`
      at zr.handleRequestError (/Users/adrianbrowning/Documents/repos/adrianbrowning/prisma-ts-select/node_modules/.pnpm/@prisma+client@7.4.0_prisma@7.4.0_@types+react@19.2.13_better-sqlite3@11.10.0_react-dom_4daac4841586c2d8497b628bae25a083/node_modules/@prisma/client/src/runtime/RequestHandler.ts:228:13)
      at zr.handleAndLogRequestError (/Users/adrianbrowning/Documents/repos/adrianbrowning/prisma-ts-select/node_modules/.pnpm/@prisma+client@7.4.0_prisma@7.4.0_@types+react@19.2.13_better-sqlite3@11.10.0_react-dom_4daac4841586c2d8497b628bae25a083/node_modules/@prisma/client/src/runtime/RequestHandler.ts:174:12)
      at zr.request (/Users/adrianbrowning/Documents/repos/adrianbrowning/prisma-ts-select/node_modules/.pnpm/@prisma+client@7.4.0_prisma@7.4.0_@types+react@19.2.13_better-sqlite3@11.10.0_react-dom_4daac4841586c2d8497b628bae25a083/node_modules/@prisma/client/src/runtime/RequestHandler.ts:143:12)
      at process.processTicksAndRejections (node:internal/process/task_queues:103:5)
      at async a (/Users/adrianbrowning/Documents/repos/adrianbrowning/prisma-ts-select/node_modules/.pnpm/@prisma+client@7.4.0_prisma@7.4.0_@types+react@19.2.13_better-sqlite3@11.10.0_react-dom_4daac4841586c2d8497b628bae25a083/node_modules/@prisma/client/src/runtime/getPrismaClient.ts:807:24)
      at async TestContext.<anonymous> (/Users/adrianbrowning/Documents/repos/adrianbrowning/prisma-ts-select/packages/usage-v7/tests/core/criteria.spec.ts:139:28)
      at async Test.run (node:internal/test_runner/test:1110:7)
      at async Promise.all (index 0)
      at async Suite.run (node:internal/test_runner/test:1515:7)
      at async Suite.processPendingSubtests (node:internal/test_runner/test:785:7)

test at tests/core/criteria.spec.ts:1:3867
âœ– should run (21.448625ms)
  PrismaClientKnownRequestError: 
  Invalid `prisma.$queryRawUnsafe()` invocation:
  
  
  Raw query failed. Code: `42601`. Message: `syntax error at or near "."`
      at zr.handleRequestError (/Users/adrianbrowning/Documents/repos/adrianbrowning/prisma-ts-select/node_modules/.pnpm/@prisma+client@7.4.0_prisma@7.4.0_@types+react@19.2.13_better-sqlite3@11.10.0_react-dom_4daac4841586c2d8497b628bae25a083/node_modules/@prisma/client/src/runtime/RequestHandler.ts:228:13)
      at zr.handleAndLogRequestError (/Users/adrianbrowning/Documents/repos/adrianbrowning/prisma-ts-select/node_modules/.pnpm/@prisma+client@7.4.0_prisma@7.4.0_@types+react@19.2.13_better-sqlite3@11.10.0_react-dom_4daac4841586c2d8497b628bae25a083/node_modules/@prisma/client/src/runtime/RequestHandler.ts:174:12)
      at zr.request (/Users/adrianbrowning/Documents/repos/adrianbrowning/prisma-ts-select/node_modules/.pnpm/@prisma+client@7.4.0_prisma@7.4.0_@types+react@19.2.13_better-sqlite3@11.10.0_react-dom_4daac4841586c2d8497b628bae25a083/node_modules/@prisma/client/src/runtime/RequestHandler.ts:143:12)
      at process.processTicksAndRejections (node:internal/process/task_queues:103:5)
      at async a (/Users/adrianbrowning/Documents/repos/adrianbrowning/prisma-ts-select/node_modules/.pnpm/@prisma+client@7.4.0_prisma@7.4.0_@types+react@19.2.13_better-sqlite3@11.10.0_react-dom_4daac4841586c2d8497b628bae25a083/node_modules/@prisma/client/src/runtime/getPrismaClient.ts:807:24)
      at async TestContext.<anonymous> (/Users/adrianbrowning/Documents/repos/adrianbrowning/prisma-ts-select/packages/usage-v7/tests/core/criteria.spec.ts:206:28)
      at async Test.run (node:internal/test_runner/test:1110:7)
      at async Promise.all (index 0)
      at async Suite.run (node:internal/test_runner/test:1515:7)
      at async Suite.processPendingSubtests (node:internal/test_runner/test:785:7)

test at tests/core/criteria.spec.ts:1:4507
âœ– should run (62.048083ms)
  PrismaClientKnownRequestError: 
  Invalid `prisma.$queryRawUnsafe()` invocation:
  
  
  Raw query failed. Code: `42601`. Message: `syntax error at or near "."`
      at zr.handleRequestError (/Users/adrianbrowning/Documents/repos/adrianbrowning/prisma-ts-select/node_modules/.pnpm/@prisma+client@7.4.0_prisma@7.4.0_@types+react@19.2.13_better-sqlite3@11.10.0_react-dom_4daac4841586c2d8497b628bae25a083/node_modules/@prisma/client/src/runtime/RequestHandler.ts:228:13)
      at zr.handleAndLogRequestError (/Users/adrianbrowning/Documents/repos/adrianbrowning/prisma-ts-select/node_modules/.pnpm/@prisma+client@7.4.0_prisma@7.4.0_@types+react@19.2.13_better-sqlite3@11.10.0_react-dom_4daac4841586c2d8497b628bae25a083/node_modules/@prisma/client/src/runtime/RequestHandler.ts:174:12)
      at zr.request (/Users/adrianbrowning/Documents/repos/adrianbrowning/prisma-ts-select/node_modules/.pnpm/@prisma+client@7.4.0_prisma@7.4.0_@types+react@19.2.13_better-sqlite3@11.10.0_react-dom_4daac4841586c2d8497b628bae25a083/node_modules/@prisma/client/src/runtime/RequestHandler.ts:143:12)
      at process.processTicksAndRejections (node:internal/process/task_queues:103:5)
      at async a (/Users/adrianbrowning/Documents/repos/adrianbrowning/prisma-ts-select/node_modules/.pnpm/@prisma+client@7.4.0_prisma@7.4.0_@types+react@19.2.13_better-sqlite3@11.10.0_react-dom_4daac4841586c2d8497b628bae25a083/node_modules/@prisma/client/src/runtime/getPrismaClient.ts:807:24)
      at async TestContext.<anonymous> (/Users/adrianbrowning/Documents/repos/adrianbrowning/prisma-ts-select/packages/usage-v7/tests/core/criteria.spec.ts:248:28)
      at async Test.run (node:internal/test_runner/test:1110:7)
      at async Promise.all (index 0)
      at async Suite.run (node:internal/test_runner/test:1515:7)
      at async Promise.all (index 0)

test at tests/core/criteria.spec.ts:1:6742
âœ– should run (56.261458ms)
  PrismaClientKnownRequestError: 
  Invalid `prisma.$queryRawUnsafe()` invocation:
  
  
  Raw query failed. Code: `42601`. Message: `syntax error at or near "."`
      at zr.handleRequestError (/Users/adrianbrowning/Documents/repos/adrianbrowning/prisma-ts-select/node_modules/.pnpm/@prisma+client@7.4.0_prisma@7.4.0_@types+react@19.2.13_better-sqlite3@11.10.0_react-dom_4daac4841586c2d8497b628bae25a083/node_modules/@prisma/client/src/runtime/RequestHandler.ts:228:13)
      at zr.handleAndLogRequestError (/Users/adrianbrowning/Documents/repos/adrianbrowning/prisma-ts-select/node_modules/.pnpm/@prisma+client@7.4.0_prisma@7.4.0_@types+react@19.2.13_better-sqlite3@11.10.0_react-dom_4daac4841586c2d8497b628bae25a083/node_modules/@prisma/client/src/runtime/RequestHandler.ts:174:12)
      at zr.request (/Users/adrianbrowning/Documents/repos/adrianbrowning/prisma-ts-select/node_modules/.pnpm/@prisma+client@7.4.0_prisma@7.4.0_@types+react@19.2.13_better-sqlite3@11.10.0_react-dom_4daac4841586c2d8497b628bae25a083/node_modules/@prisma/client/src/runtime/RequestHandler.ts:143:12)
      at process.processTicksAndRejections (node:internal/process/task_queues:103:5)
      at async a (/Users/adrianbrowning/Documents/repos/adrianbrowning/prisma-ts-select/node_modules/.pnpm/@prisma+client@7.4.0_prisma@7.4.0_@types+react@19.2.13_better-sqlite3@11.10.0_react-dom_4daac4841586c2d8497b628bae25a083/node_modules/@prisma/client/src/runtime/getPrismaClient.ts:807:24)
      at async TestContext.<anonymous> (/Users/adrianbrowning/Documents/repos/adrianbrowning/prisma-ts-select/packages/usage-v7/tests/core/criteria.spec.ts:352:28)
      at async Test.run (node:internal/test_runner/test:1110:7)
      at async Promise.all (index 0)
      at async Suite.run (node:internal/test_runner/test:1515:7)
      at async Suite.processPendingSubtests (node:internal/test_runner/test:785:7)

test at tests/core/criteria.spec.ts:1:7301
âœ– should match SQL (6.068542ms)
  AssertionError [ERR_ASSERTION]: Expected values to be strictly equal:
  + actual - expected
  
  + `SELECT User.id AS "User.id", User.email AS "User.email", User.name AS "User.name", User.age AS "User.age", Post.id AS "Post.id", Post.title AS "Post.title", Post.content AS "Post.content", Post.published AS "Post.published", Post.authorId AS "Post.authorId", Post.lastModifiedById AS "Post.lastModifiedById" FROM User JOIN Post ON Post.authorId = User.id GROUP BY User.id, User.name HAVING (User.name LIKE 'J%') AND (User.id = 1 OR User.id = 2);`
  - "SELECT User.id AS `User.id`, User.email AS `User.email`, User.name AS `User.name`, User.age AS `User.age`, Post.id AS `Post.id`, Post.title AS `Post.title`, Post.content AS `Post.content`, Post.published AS `Post.published`, Post.authorId AS `Post.authorId`, Post.lastModifiedById AS `Post.lastModifiedById` FROM User JOIN Post ON Post.authorId = User.id GROUP BY User.id, User.name HAVING (User.name LIKE 'J%') AND (User.id = 1 OR User.id = 2);"
  
      at TestContext.<anonymous> (/Users/adrianbrowning/Documents/repos/adrianbrowning/prisma-ts-select/packages/usage-v7/tests/core/criteria.spec.ts:391:20)
      at Test.runInAsyncScope (node:async_hooks:214:14)
      at Test.run (node:internal/test_runner/test:1103:25)
      at Suite.processPendingSubtests (node:internal/test_runner/test:785:18)
      at Test.postRun (node:internal/test_runner/test:1232:19)
      at Test.run (node:internal/test_runner/test:1160:12)
      at process.processTicksAndRejections (node:internal/process/task_queues:103:5)
      at async Promise.all (index 0)
      at async Suite.run (node:internal/test_runner/test:1515:7)
      at async Suite.processPendingSubtests (node:internal/test_runner/test:785:7) {
    generatedMessage: true,
    code: 'ERR_ASSERTION',
    actual: `SELECT User.id AS "User.id", User.email AS "User.email", User.name AS "User.name", User.age AS "User.age", Post.id AS "Post.id", Post.title AS "Post.title", Post.content AS "Post.content", Post.published AS "Post.published", Post.authorId AS "Post.authorId", Post.lastModifiedById AS "Post.lastModifiedById" FROM User JOIN Post ON Post.authorId = User.id GROUP BY User.id, User.name HAVING (User.name LIKE 'J%') AND (User.id = 1 OR User.id = 2);`,
    expected: "SELECT User.id AS `User.id`, User.email AS `User.email`, User.name AS `User.name`, User.age AS `User.age`, Post.id AS `Post.id`, Post.title AS `Post.title`, Post.content AS `Post.content`, Post.published AS `Post.published`, Post.authorId AS `Post.authorId`, Post.lastModifiedById AS `Post.lastModifiedById` FROM User JOIN Post ON Post.authorId = User.id GROUP BY User.id, User.name HAVING (User.name LIKE 'J%') AND (User.id = 1 OR User.id = 2);",
    operator: 'strictEqual',
    diff: 'simple'
  }

test at tests/core/join.spec.ts:1:173
âœ– TS join Checks (484.878166ms)
  PrismaClientKnownRequestError: 
  Invalid `prisma.$queryRawUnsafe()` invocation:
  
  
  Raw query failed. Code: `42601`. Message: `syntax error at or near "."`
      at zr.handleRequestError (/Users/adrianbrowning/Documents/repos/adrianbrowning/prisma-ts-select/node_modules/.pnpm/@prisma+client@7.4.0_prisma@7.4.0_@types+react@19.2.13_better-sqlite3@11.10.0_react-dom_4daac4841586c2d8497b628bae25a083/node_modules/@prisma/client/src/runtime/RequestHandler.ts:228:13)
      at zr.handleAndLogRequestError (/Users/adrianbrowning/Documents/repos/adrianbrowning/prisma-ts-select/node_modules/.pnpm/@prisma+client@7.4.0_prisma@7.4.0_@types+react@19.2.13_better-sqlite3@11.10.0_react-dom_4daac4841586c2d8497b628bae25a083/node_modules/@prisma/client/src/runtime/RequestHandler.ts:174:12)
      at zr.request (/Users/adrianbrowning/Documents/repos/adrianbrowning/prisma-ts-select/node_modules/.pnpm/@prisma+client@7.4.0_prisma@7.4.0_@types+react@19.2.13_better-sqlite3@11.10.0_react-dom_4daac4841586c2d8497b628bae25a083/node_modules/@prisma/client/src/runtime/RequestHandler.ts:143:12)
      at process.processTicksAndRejections (node:internal/process/task_queues:103:5)
      at async a (/Users/adrianbrowning/Documents/repos/adrianbrowning/prisma-ts-select/node_modules/.pnpm/@prisma+client@7.4.0_prisma@7.4.0_@types+react@19.2.13_better-sqlite3@11.10.0_react-dom_4daac4841586c2d8497b628bae25a083/node_modules/@prisma/client/src/runtime/getPrismaClient.ts:807:24)
      at async TestContext.<anonymous> (/Users/adrianbrowning/Documents/repos/adrianbrowning/prisma-ts-select/packages/usage-v7/tests/core/join.spec.ts:23:28)
      at async Test.run (node:internal/test_runner/test:1110:7)
      at async Promise.all (index 0)
      at async Suite.run (node:internal/test_runner/test:1515:7)
      at async startSubtestAfterBootstrap (node:internal/test_runner/harness:358:3)

test at tests/core/select.spec.ts:1:466
âœ– should RUN (368.429459ms)
  AssertionError [ERR_ASSERTION]: Expected values to be strictly deep-equal:
  + actual - expected
  
    [
      {
  +     user: 'postgres'
  -     age: 25,
  -     email: 'johndoe@example.com',
  -     id: 1,
  -     name: 'John Doe'
      },
  -   {
  -     age: 30,
  -     email: 'smith@example.com',
  -     id: 2,
  -     name: 'John Smith'
  -   },
  -   {
  -     age: null,
  -     email: 'alice@example.com',
  -     id: 3,
  -     name: null
  -   }
    ]
  
      at TestContext.<anonymous> (/Users/adrianbrowning/Documents/repos/adrianbrowning/prisma-ts-select/packages/usage-v7/tests/core/select.spec.ts:55:24)
      at process.processTicksAndRejections (node:internal/process/task_queues:103:5)
      at async Test.run (node:internal/test_runner/test:1110:7)
      at async Promise.all (index 0)
      at async Suite.run (node:internal/test_runner/test:1515:7)
      at async Promise.all (index 0)
      at async Suite.run (node:internal/test_runner/test:1515:7)
      at async startSubtestAfterBootstrap (node:internal/test_runner/harness:358:3) {
    generatedMessage: true,
    code: 'ERR_ASSERTION',
    actual: [ { user: 'postgres' } ],
    expected: [ { id: 1, email: 'johndoe@example.com', name: 'John Doe', age: 25 }, { id: 2, email: 'smith@example.com', name: 'John Smith', age: 30 }, { id: 3, email: 'alice@example.com', name: null, age: null } ],
    operator: 'deepStrictEqual',
    diff: 'simple'
  }

test at tests/core/select.spec.ts:1:1052
âœ– should run (57.418292ms)
  PrismaClientKnownRequestError: 
  Invalid `prisma.$queryRawUnsafe()` invocation:
  
  
  Raw query failed. Code: `42601`. Message: `syntax error at or near "."`
      at zr.handleRequestError (/Users/adrianbrowning/Documents/repos/adrianbrowning/prisma-ts-select/node_modules/.pnpm/@prisma+client@7.4.0_prisma@7.4.0_@types+react@19.2.13_better-sqlite3@11.10.0_react-dom_4daac4841586c2d8497b628bae25a083/node_modules/@prisma/client/src/runtime/RequestHandler.ts:228:13)
      at zr.handleAndLogRequestError (/Users/adrianbrowning/Documents/repos/adrianbrowning/prisma-ts-select/node_modules/.pnpm/@prisma+client@7.4.0_prisma@7.4.0_@types+react@19.2.13_better-sqlite3@11.10.0_react-dom_4daac4841586c2d8497b628bae25a083/node_modules/@prisma/client/src/runtime/RequestHandler.ts:174:12)
      at zr.request (/Users/adrianbrowning/Documents/repos/adrianbrowning/prisma-ts-select/node_modules/.pnpm/@prisma+client@7.4.0_prisma@7.4.0_@types+react@19.2.13_better-sqlite3@11.10.0_react-dom_4daac4841586c2d8497b628bae25a083/node_modules/@prisma/client/src/runtime/RequestHandler.ts:143:12)
      at process.processTicksAndRejections (node:internal/process/task_queues:103:5)
      at async a (/Users/adrianbrowning/Documents/repos/adrianbrowning/prisma-ts-select/node_modules/.pnpm/@prisma+client@7.4.0_prisma@7.4.0_@types+react@19.2.13_better-sqlite3@11.10.0_react-dom_4daac4841586c2d8497b628bae25a083/node_modules/@prisma/client/src/runtime/getPrismaClient.ts:807:24)
      at async TestContext.<anonymous> (/Users/adrianbrowning/Documents/repos/adrianbrowning/prisma-ts-select/packages/usage-v7/tests/core/select.spec.ts:75:32)
      at async Test.run (node:internal/test_runner/test:1110:7)
      at async Promise.all (index 0)
      at async Suite.run (node:internal/test_runner/test:1515:7)
      at async Suite.processPendingSubtests (node:internal/test_runner/test:785:7)

test at tests/core/select.spec.ts:1:1991
âœ– sql (38.4455ms)
  AssertionError [ERR_ASSERTION]: Expected values to be strictly deep-equal:
  + actual - expected
  
    [
      {
  +     user: 'postgres'
  -     age: 25,
  -     email: 'johndoe@example.com',
  -     id: 1,
  -     name: 'John Doe'
      },
  -   {
  -     age: 30,
  -     email: 'smith@example.com',
  -     id: 2,
  -     name: 'John Smith'
  -   },
  -   {
  -     age: null,
  -     email: 'alice@example.com',
  -     id: 3,
  -     name: null
  -   }
    ]
  
      at TestContext.<anonymous> (/Users/adrianbrowning/Documents/repos/adrianbrowning/prisma-ts-select/packages/usage-v7/tests/core/select.spec.ts:162:24)
      at process.processTicksAndRejections (node:internal/process/task_queues:103:5)
      at async Test.run (node:internal/test_runner/test:1110:7)
      at async Suite.processPendingSubtests (node:internal/test_runner/test:785:7) {
    generatedMessage: true,
    code: 'ERR_ASSERTION',
    actual: [ { user: 'postgres' } ],
    expected: [ { id: 1, email: 'johndoe@example.com', name: 'John Doe', age: 25 }, { id: 2, email: 'smith@example.com', name: 'John Smith', age: 30 }, { id: 3, email: 'alice@example.com', name: null, age: null } ],
    operator: 'deepStrictEqual',
    diff: 'simple'
  }

test at tests/core/select.spec.ts:1:2855
âœ– should run (21.627375ms)
  PrismaClientKnownRequestError: 
  Invalid `prisma.$queryRawUnsafe()` invocation:
  
  
  Raw query failed. Code: `42703`. Message: `column "id" does not exist`
      at zr.handleRequestError (/Users/adrianbrowning/Documents/repos/adrianbrowning/prisma-ts-select/node_modules/.pnpm/@prisma+client@7.4.0_prisma@7.4.0_@types+react@19.2.13_better-sqlite3@11.10.0_react-dom_4daac4841586c2d8497b628bae25a083/node_modules/@prisma/client/src/runtime/RequestHandler.ts:228:13)
      at zr.handleAndLogRequestError (/Users/adrianbrowning/Documents/repos/adrianbrowning/prisma-ts-select/node_modules/.pnpm/@prisma+client@7.4.0_prisma@7.4.0_@types+react@19.2.13_better-sqlite3@11.10.0_react-dom_4daac4841586c2d8497b628bae25a083/node_modules/@prisma/client/src/runtime/RequestHandler.ts:174:12)
      at zr.request (/Users/adrianbrowning/Documents/repos/adrianbrowning/prisma-ts-select/node_modules/.pnpm/@prisma+client@7.4.0_prisma@7.4.0_@types+react@19.2.13_better-sqlite3@11.10.0_react-dom_4daac4841586c2d8497b628bae25a083/node_modules/@prisma/client/src/runtime/RequestHandler.ts:143:12)
      at process.processTicksAndRejections (node:internal/process/task_queues:103:5)
      at async a (/Users/adrianbrowning/Documents/repos/adrianbrowning/prisma-ts-select/node_modules/.pnpm/@prisma+client@7.4.0_prisma@7.4.0_@types+react@19.2.13_better-sqlite3@11.10.0_react-dom_4daac4841586c2d8497b628bae25a083/node_modules/@prisma/client/src/runtime/getPrismaClient.ts:807:24)
      at async TestContext.<anonymous> (/Users/adrianbrowning/Documents/repos/adrianbrowning/prisma-ts-select/packages/usage-v7/tests/core/select.spec.ts:202:32)
      at async Test.run (node:internal/test_runner/test:1110:7)
      at async Promise.all (index 0)
      at async Suite.run (node:internal/test_runner/test:1515:7)
      at async Suite.processPendingSubtests (node:internal/test_runner/test:785:7)

test at tests/core/select.spec.ts:1:3461
âœ– should run (60.025833ms)
  PrismaClientKnownRequestError: 
  Invalid `prisma.$queryRawUnsafe()` invocation:
  
  
  Raw query failed. Code: `42601`. Message: `syntax error at or near "."`
      at zr.handleRequestError (/Users/adrianbrowning/Documents/repos/adrianbrowning/prisma-ts-select/node_modules/.pnpm/@prisma+client@7.4.0_prisma@7.4.0_@types+react@19.2.13_better-sqlite3@11.10.0_react-dom_4daac4841586c2d8497b628bae25a083/node_modules/@prisma/client/src/runtime/RequestHandler.ts:228:13)
      at zr.handleAndLogRequestError (/Users/adrianbrowning/Documents/repos/adrianbrowning/prisma-ts-select/node_modules/.pnpm/@prisma+client@7.4.0_prisma@7.4.0_@types+react@19.2.13_better-sqlite3@11.10.0_react-dom_4daac4841586c2d8497b628bae25a083/node_modules/@prisma/client/src/runtime/RequestHandler.ts:174:12)
      at zr.request (/Users/adrianbrowning/Documents/repos/adrianbrowning/prisma-ts-select/node_modules/.pnpm/@prisma+client@7.4.0_prisma@7.4.0_@types+react@19.2.13_better-sqlite3@11.10.0_react-dom_4daac4841586c2d8497b628bae25a083/node_modules/@prisma/client/src/runtime/RequestHandler.ts:143:12)
      at process.processTicksAndRejections (node:internal/process/task_queues:103:5)
      at async a (/Users/adrianbrowning/Documents/repos/adrianbrowning/prisma-ts-select/node_modules/.pnpm/@prisma+client@7.4.0_prisma@7.4.0_@types+react@19.2.13_better-sqlite3@11.10.0_react-dom_4daac4841586c2d8497b628bae25a083/node_modules/@prisma/client/src/runtime/getPrismaClient.ts:807:24)
      at async TestContext.<anonymous> (/Users/adrianbrowning/Documents/repos/adrianbrowning/prisma-ts-select/packages/usage-v7/tests/core/select.spec.ts:247:32)
      at async Test.run (node:internal/test_runner/test:1110:7)
      at async Promise.all (index 0)
      at async Suite.run (node:internal/test_runner/test:1515:7)
      at async Suite.processPendingSubtests (node:internal/test_runner/test:785:7)

test at tests/core/select.spec.ts:1:4842
âœ– should RUN (34.289792ms)
  PrismaClientKnownRequestError: 
  Invalid `prisma.$queryRawUnsafe()` invocation:
  
  
  Raw query failed. Code: `42703`. Message: `column "email" does not exist`
      at zr.handleRequestError (/Users/adrianbrowning/Documents/repos/adrianbrowning/prisma-ts-select/node_modules/.pnpm/@prisma+client@7.4.0_prisma@7.4.0_@types+react@19.2.13_better-sqlite3@11.10.0_react-dom_4daac4841586c2d8497b628bae25a083/node_modules/@prisma/client/src/runtime/RequestHandler.ts:228:13)
      at zr.handleAndLogRequestError (/Users/adrianbrowning/Documents/repos/adrianbrowning/prisma-ts-select/node_modules/.pnpm/@prisma+client@7.4.0_prisma@7.4.0_@types+react@19.2.13_better-sqlite3@11.10.0_react-dom_4daac4841586c2d8497b628bae25a083/node_modules/@prisma/client/src/runtime/RequestHandler.ts:174:12)
      at zr.request (/Users/adrianbrowning/Documents/repos/adrianbrowning/prisma-ts-select/node_modules/.pnpm/@prisma+client@7.4.0_prisma@7.4.0_@types+react@19.2.13_better-sqlite3@11.10.0_react-dom_4daac4841586c2d8497b628bae25a083/node_modules/@prisma/client/src/runtime/RequestHandler.ts:143:12)
      at process.processTicksAndRejections (node:internal/process/task_queues:103:5)
      at async a (/Users/adrianbrowning/Documents/repos/adrianbrowning/prisma-ts-select/node_modules/.pnpm/@prisma+client@7.4.0_prisma@7.4.0_@types+react@19.2.13_better-sqlite3@11.10.0_react-dom_4daac4841586c2d8497b628bae25a083/node_modules/@prisma/client/src/runtime/getPrismaClient.ts:807:24)
      at async TestContext.<anonymous> (/Users/adrianbrowning/Documents/repos/adrianbrowning/prisma-ts-select/packages/usage-v7/tests/core/select.spec.ts:306:32)
      at async Test.run (node:internal/test_runner/test:1110:7)
      at async Promise.all (index 0)
      at async Suite.run (node:internal/test_runner/test:1515:7)
      at async Suite.processPendingSubtests (node:internal/test_runner/test:785:7)

test at tests/core/select.spec.ts:1:5462
âœ– should run (20.244417ms)
  PrismaClientKnownRequestError: 
  Invalid `prisma.$queryRawUnsafe()` invocation:
  
  
  Raw query failed. Code: `42601`. Message: `syntax error at or near "."`
      at zr.handleRequestError (/Users/adrianbrowning/Documents/repos/adrianbrowning/prisma-ts-select/node_modules/.pnpm/@prisma+client@7.4.0_prisma@7.4.0_@types+react@19.2.13_better-sqlite3@11.10.0_react-dom_4daac4841586c2d8497b628bae25a083/node_modules/@prisma/client/src/runtime/RequestHandler.ts:228:13)
      at zr.handleAndLogRequestError (/Users/adrianbrowning/Documents/repos/adrianbrowning/prisma-ts-select/node_modules/.pnpm/@prisma+client@7.4.0_prisma@7.4.0_@types+react@19.2.13_better-sqlite3@11.10.0_react-dom_4daac4841586c2d8497b628bae25a083/node_modules/@prisma/client/src/runtime/RequestHandler.ts:174:12)
      at zr.request (/Users/adrianbrowning/Documents/repos/adrianbrowning/prisma-ts-select/node_modules/.pnpm/@prisma+client@7.4.0_prisma@7.4.0_@types+react@19.2.13_better-sqlite3@11.10.0_react-dom_4daac4841586c2d8497b628bae25a083/node_modules/@prisma/client/src/runtime/RequestHandler.ts:143:12)
      at process.processTicksAndRejections (node:internal/process/task_queues:103:5)
      at async a (/Users/adrianbrowning/Documents/repos/adrianbrowning/prisma-ts-select/node_modules/.pnpm/@prisma+client@7.4.0_prisma@7.4.0_@types+react@19.2.13_better-sqlite3@11.10.0_react-dom_4daac4841586c2d8497b628bae25a083/node_modules/@prisma/client/src/runtime/getPrismaClient.ts:807:24)
      at async TestContext.<anonymous> (/Users/adrianbrowning/Documents/repos/adrianbrowning/prisma-ts-select/packages/usage-v7/tests/core/select.spec.ts:349:32)
      at async Test.run (node:internal/test_runner/test:1110:7)
      at async Promise.all (index 0)
      at async Suite.run (node:internal/test_runner/test:1515:7)
      at async Suite.processPendingSubtests (node:internal/test_runner/test:785:7)

test at tests/core/select.spec.ts:1:6199
âœ– should run (15.777ms)
  PrismaClientKnownRequestError: 
  Invalid `prisma.$queryRawUnsafe()` invocation:
  
  
  Raw query failed. Code: `42601`. Message: `syntax error at or near "."`
      at zr.handleRequestError (/Users/adrianbrowning/Documents/repos/adrianbrowning/prisma-ts-select/node_modules/.pnpm/@prisma+client@7.4.0_prisma@7.4.0_@types+react@19.2.13_better-sqlite3@11.10.0_react-dom_4daac4841586c2d8497b628bae25a083/node_modules/@prisma/client/src/runtime/RequestHandler.ts:228:13)
      at zr.handleAndLogRequestError (/Users/adrianbrowning/Documents/repos/adrianbrowning/prisma-ts-select/node_modules/.pnpm/@prisma+client@7.4.0_prisma@7.4.0_@types+react@19.2.13_better-sqlite3@11.10.0_react-dom_4daac4841586c2d8497b628bae25a083/node_modules/@prisma/client/src/runtime/RequestHandler.ts:174:12)
      at zr.request (/Users/adrianbrowning/Documents/repos/adrianbrowning/prisma-ts-select/node_modules/.pnpm/@prisma+client@7.4.0_prisma@7.4.0_@types+react@19.2.13_better-sqlite3@11.10.0_react-dom_4daac4841586c2d8497b628bae25a083/node_modules/@prisma/client/src/runtime/RequestHandler.ts:143:12)
      at process.processTicksAndRejections (node:internal/process/task_queues:103:5)
      at async a (/Users/adrianbrowning/Documents/repos/adrianbrowning/prisma-ts-select/node_modules/.pnpm/@prisma+client@7.4.0_prisma@7.4.0_@types+react@19.2.13_better-sqlite3@11.10.0_react-dom_4daac4841586c2d8497b628bae25a083/node_modules/@prisma/client/src/runtime/getPrismaClient.ts:807:24)
      at async TestContext.<anonymous> (/Users/adrianbrowning/Documents/repos/adrianbrowning/prisma-ts-select/packages/usage-v7/tests/core/select.spec.ts:392:28)
      at async Test.run (node:internal/test_runner/test:1110:7)
      at async Promise.all (index 0)
      at async Suite.run (node:internal/test_runner/test:1515:7)
      at async Suite.processPendingSubtests (node:internal/test_runner/test:785:7)

test at tests/core/select.spec.ts:1:7002
âœ– should run (15.828375ms)
  PrismaClientKnownRequestError: 
  Invalid `prisma.$queryRawUnsafe()` invocation:
  
  
  Raw query failed. Code: `42601`. Message: `syntax error at or near "."`
      at zr.handleRequestError (/Users/adrianbrowning/Documents/repos/adrianbrowning/prisma-ts-select/node_modules/.pnpm/@prisma+client@7.4.0_prisma@7.4.0_@types+react@19.2.13_better-sqlite3@11.10.0_react-dom_4daac4841586c2d8497b628bae25a083/node_modules/@prisma/client/src/runtime/RequestHandler.ts:228:13)
      at zr.handleAndLogRequestError (/Users/adrianbrowning/Documents/repos/adrianbrowning/prisma-ts-select/node_modules/.pnpm/@prisma+client@7.4.0_prisma@7.4.0_@types+react@19.2.13_better-sqlite3@11.10.0_react-dom_4daac4841586c2d8497b628bae25a083/node_modules/@prisma/client/src/runtime/RequestHandler.ts:174:12)
      at zr.request (/Users/adrianbrowning/Documents/repos/adrianbrowning/prisma-ts-select/node_modules/.pnpm/@prisma+client@7.4.0_prisma@7.4.0_@types+react@19.2.13_better-sqlite3@11.10.0_react-dom_4daac4841586c2d8497b628bae25a083/node_modules/@prisma/client/src/runtime/RequestHandler.ts:143:12)
      at process.processTicksAndRejections (node:internal/process/task_queues:103:5)
      at async a (/Users/adrianbrowning/Documents/repos/adrianbrowning/prisma-ts-select/node_modules/.pnpm/@prisma+client@7.4.0_prisma@7.4.0_@types+react@19.2.13_better-sqlite3@11.10.0_react-dom_4daac4841586c2d8497b628bae25a083/node_modules/@prisma/client/src/runtime/getPrismaClient.ts:807:24)
      at async TestContext.<anonymous> (/Users/adrianbrowning/Documents/repos/adrianbrowning/prisma-ts-select/packages/usage-v7/tests/core/select.spec.ts:437:28)
      at async Test.run (node:internal/test_runner/test:1110:7)
      at async Promise.all (index 0)
      at async Suite.run (node:internal/test_runner/test:1515:7)
      at async Suite.processPendingSubtests (node:internal/test_runner/test:785:7)

test at tests/core/table-alias.spec.ts:1:226
âœ– should alias a table with two-parameter syntax (421.810792ms)
  PrismaClientKnownRequestError: 
  Invalid `prisma.$queryRawUnsafe()` invocation:
  
  
  Raw query failed. Code: `42703`. Message: `column "name" does not exist`
      at zr.handleRequestError (/Users/adrianbrowning/Documents/repos/adrianbrowning/prisma-ts-select/node_modules/.pnpm/@prisma+client@7.4.0_prisma@7.4.0_@types+react@19.2.13_better-sqlite3@11.10.0_react-dom_4daac4841586c2d8497b628bae25a083/node_modules/@prisma/client/src/runtime/RequestHandler.ts:228:13)
      at zr.handleAndLogRequestError (/Users/adrianbrowning/Documents/repos/adrianbrowning/prisma-ts-select/node_modules/.pnpm/@prisma+client@7.4.0_prisma@7.4.0_@types+react@19.2.13_better-sqlite3@11.10.0_react-dom_4daac4841586c2d8497b628bae25a083/node_modules/@prisma/client/src/runtime/RequestHandler.ts:174:12)
      at zr.request (/Users/adrianbrowning/Documents/repos/adrianbrowning/prisma-ts-select/node_modules/.pnpm/@prisma+client@7.4.0_prisma@7.4.0_@types+react@19.2.13_better-sqlite3@11.10.0_react-dom_4daac4841586c2d8497b628bae25a083/node_modules/@prisma/client/src/runtime/RequestHandler.ts:143:12)
      at process.processTicksAndRejections (node:internal/process/task_queues:103:5)
      at async a (/Users/adrianbrowning/Documents/repos/adrianbrowning/prisma-ts-select/node_modules/.pnpm/@prisma+client@7.4.0_prisma@7.4.0_@types+react@19.2.13_better-sqlite3@11.10.0_react-dom_4daac4841586c2d8497b628bae25a083/node_modules/@prisma/client/src/runtime/getPrismaClient.ts:807:24)
      at async TestContext.<anonymous> (/Users/adrianbrowning/Documents/repos/adrianbrowning/prisma-ts-select/packages/usage-v7/tests/core/table-alias.spec.ts:23:32)
      at async Test.run (node:internal/test_runner/test:1110:7)
      at async Promise.all (index 0)
      at async Suite.run (node:internal/test_runner/test:1515:7)
      at async Promise.all (index 0)

test at tests/core/table-alias.spec.ts:1:457
âœ– should allow using alias in WHERE clause (58.947083ms)
  PrismaClientKnownRequestError: 
  Invalid `prisma.$queryRawUnsafe()` invocation:
  
  
  Raw query failed. Code: `42703`. Message: `column "name" does not exist`
      at zr.handleRequestError (/Users/adrianbrowning/Documents/repos/adrianbrowning/prisma-ts-select/node_modules/.pnpm/@prisma+client@7.4.0_prisma@7.4.0_@types+react@19.2.13_better-sqlite3@11.10.0_react-dom_4daac4841586c2d8497b628bae25a083/node_modules/@prisma/client/src/runtime/RequestHandler.ts:228:13)
      at zr.handleAndLogRequestError (/Users/adrianbrowning/Documents/repos/adrianbrowning/prisma-ts-select/node_modules/.pnpm/@prisma+client@7.4.0_prisma@7.4.0_@types+react@19.2.13_better-sqlite3@11.10.0_react-dom_4daac4841586c2d8497b628bae25a083/node_modules/@prisma/client/src/runtime/RequestHandler.ts:174:12)
      at zr.request (/Users/adrianbrowning/Documents/repos/adrianbrowning/prisma-ts-select/node_modules/.pnpm/@prisma+client@7.4.0_prisma@7.4.0_@types+react@19.2.13_better-sqlite3@11.10.0_react-dom_4daac4841586c2d8497b628bae25a083/node_modules/@prisma/client/src/runtime/RequestHandler.ts:143:12)
      at process.processTicksAndRejections (node:internal/process/task_queues:103:5)
      at async a (/Users/adrianbrowning/Documents/repos/adrianbrowning/prisma-ts-select/node_modules/.pnpm/@prisma+client@7.4.0_prisma@7.4.0_@types+react@19.2.13_better-sqlite3@11.10.0_react-dom_4daac4841586c2d8497b628bae25a083/node_modules/@prisma/client/src/runtime/getPrismaClient.ts:807:24)
      at async TestContext.<anonymous> (/Users/adrianbrowning/Documents/repos/adrianbrowning/prisma-ts-select/packages/usage-v7/tests/core/table-alias.spec.ts:39:32)
      at async Test.run (node:internal/test_runner/test:1110:7)
      at async Suite.processPendingSubtests (node:internal/test_runner/test:785:7)

test at tests/core/table-alias.spec.ts:1:711
âœ– should work without alias (backward compatibility) (33.757084ms)
  PrismaClientKnownRequestError: 
  Invalid `prisma.$queryRawUnsafe()` invocation:
  
  
  Raw query failed. Code: `42703`. Message: `column "email" does not exist`
      at zr.handleRequestError (/Users/adrianbrowning/Documents/repos/adrianbrowning/prisma-ts-select/node_modules/.pnpm/@prisma+client@7.4.0_prisma@7.4.0_@types+react@19.2.13_better-sqlite3@11.10.0_react-dom_4daac4841586c2d8497b628bae25a083/node_modules/@prisma/client/src/runtime/RequestHandler.ts:228:13)
      at zr.handleAndLogRequestError (/Users/adrianbrowning/Documents/repos/adrianbrowning/prisma-ts-select/node_modules/.pnpm/@prisma+client@7.4.0_prisma@7.4.0_@types+react@19.2.13_better-sqlite3@11.10.0_react-dom_4daac4841586c2d8497b628bae25a083/node_modules/@prisma/client/src/runtime/RequestHandler.ts:174:12)
      at zr.request (/Users/adrianbrowning/Documents/repos/adrianbrowning/prisma-ts-select/node_modules/.pnpm/@prisma+client@7.4.0_prisma@7.4.0_@types+react@19.2.13_better-sqlite3@11.10.0_react-dom_4daac4841586c2d8497b628bae25a083/node_modules/@prisma/client/src/runtime/RequestHandler.ts:143:12)
      at process.processTicksAndRejections (node:internal/process/task_queues:103:5)
      at async a (/Users/adrianbrowning/Documents/repos/adrianbrowning/prisma-ts-select/node_modules/.pnpm/@prisma+client@7.4.0_prisma@7.4.0_@types+react@19.2.13_better-sqlite3@11.10.0_react-dom_4daac4841586c2d8497b628bae25a083/node_modules/@prisma/client/src/runtime/getPrismaClient.ts:807:24)
      at async TestContext.<anonymous> (/Users/adrianbrowning/Documents/repos/adrianbrowning/prisma-ts-select/packages/usage-v7/tests/core/table-alias.spec.ts:54:32)
      at async Test.run (node:internal/test_runner/test:1110:7)
      at async Suite.processPendingSubtests (node:internal/test_runner/test:785:7)

test at tests/core/table-alias.spec.ts:1:942
âœ– should support mixing aliased table with ORDER BY (19.401375ms)
  PrismaClientKnownRequestError: 
  Invalid `prisma.$queryRawUnsafe()` invocation:
  
  
  Raw query failed. Code: `42703`. Message: `column "name" does not exist`
      at zr.handleRequestError (/Users/adrianbrowning/Documents/repos/adrianbrowning/prisma-ts-select/node_modules/.pnpm/@prisma+client@7.4.0_prisma@7.4.0_@types+react@19.2.13_better-sqlite3@11.10.0_react-dom_4daac4841586c2d8497b628bae25a083/node_modules/@prisma/client/src/runtime/RequestHandler.ts:228:13)
      at zr.handleAndLogRequestError (/Users/adrianbrowning/Documents/repos/adrianbrowning/prisma-ts-select/node_modules/.pnpm/@prisma+client@7.4.0_prisma@7.4.0_@types+react@19.2.13_better-sqlite3@11.10.0_react-dom_4daac4841586c2d8497b628bae25a083/node_modules/@prisma/client/src/runtime/RequestHandler.ts:174:12)
      at zr.request (/Users/adrianbrowning/Documents/repos/adrianbrowning/prisma-ts-select/node_modules/.pnpm/@prisma+client@7.4.0_prisma@7.4.0_@types+react@19.2.13_better-sqlite3@11.10.0_react-dom_4daac4841586c2d8497b628bae25a083/node_modules/@prisma/client/src/runtime/RequestHandler.ts:143:12)
      at process.processTicksAndRejections (node:internal/process/task_queues:103:5)
      at async a (/Users/adrianbrowning/Documents/repos/adrianbrowning/prisma-ts-select/node_modules/.pnpm/@prisma+client@7.4.0_prisma@7.4.0_@types+react@19.2.13_better-sqlite3@11.10.0_react-dom_4daac4841586c2d8497b628bae25a083/node_modules/@prisma/client/src/runtime/getPrismaClient.ts:807:24)
      at async TestContext.<anonymous> (/Users/adrianbrowning/Documents/repos/adrianbrowning/prisma-ts-select/packages/usage-v7/tests/core/table-alias.spec.ts:70:32)
      at async Test.run (node:internal/test_runner/test:1110:7)
      at async Suite.processPendingSubtests (node:internal/test_runner/test:785:7)

test at tests/core/table-alias.spec.ts:1:1222
âœ– should return correct types with alias (29.834542ms)
  PrismaClientKnownRequestError: 
  Invalid `prisma.$queryRawUnsafe()` invocation:
  
  
  Raw query failed. Code: `42703`. Message: `column "name" does not exist`
      at zr.handleRequestError (/Users/adrianbrowning/Documents/repos/adrianbrowning/prisma-ts-select/node_modules/.pnpm/@prisma+client@7.4.0_prisma@7.4.0_@types+react@19.2.13_better-sqlite3@11.10.0_react-dom_4daac4841586c2d8497b628bae25a083/node_modules/@prisma/client/src/runtime/RequestHandler.ts:228:13)
      at zr.handleAndLogRequestError (/Users/adrianbrowning/Documents/repos/adrianbrowning/prisma-ts-select/node_modules/.pnpm/@prisma+client@7.4.0_prisma@7.4.0_@types+react@19.2.13_better-sqlite3@11.10.0_react-dom_4daac4841586c2d8497b628bae25a083/node_modules/@prisma/client/src/runtime/RequestHandler.ts:174:12)
      at zr.request (/Users/adrianbrowning/Documents/repos/adrianbrowning/prisma-ts-select/node_modules/.pnpm/@prisma+client@7.4.0_prisma@7.4.0_@types+react@19.2.13_better-sqlite3@11.10.0_react-dom_4daac4841586c2d8497b628bae25a083/node_modules/@prisma/client/src/runtime/RequestHandler.ts:143:12)
      at process.processTicksAndRejections (node:internal/process/task_queues:103:5)
      at async a (/Users/adrianbrowning/Documents/repos/adrianbrowning/prisma-ts-select/node_modules/.pnpm/@prisma+client@7.4.0_prisma@7.4.0_@types+react@19.2.13_better-sqlite3@11.10.0_react-dom_4daac4841586c2d8497b628bae25a083/node_modules/@prisma/client/src/runtime/getPrismaClient.ts:807:24)
      at async TestContext.<anonymous> (/Users/adrianbrowning/Documents/repos/adrianbrowning/prisma-ts-select/packages/usage-v7/tests/core/table-alias.spec.ts:81:28)
      at async Test.run (node:internal/test_runner/test:1110:7)
      at async Suite.processPendingSubtests (node:internal/test_runner/test:785:7)

test at tests/core/table-alias.spec.ts:1:1390
âœ– should return correct types with alias (24.847084ms)
  PrismaClientKnownRequestError: 
  Invalid `prisma.$queryRawUnsafe()` invocation:
  
  
  Raw query failed. Code: `42703`. Message: `column "name" does not exist`
      at zr.handleRequestError (/Users/adrianbrowning/Documents/repos/adrianbrowning/prisma-ts-select/node_modules/.pnpm/@prisma+client@7.4.0_prisma@7.4.0_@types+react@19.2.13_better-sqlite3@11.10.0_react-dom_4daac4841586c2d8497b628bae25a083/node_modules/@prisma/client/src/runtime/RequestHandler.ts:228:13)
      at zr.handleAndLogRequestError (/Users/adrianbrowning/Documents/repos/adrianbrowning/prisma-ts-select/node_modules/.pnpm/@prisma+client@7.4.0_prisma@7.4.0_@types+react@19.2.13_better-sqlite3@11.10.0_react-dom_4daac4841586c2d8497b628bae25a083/node_modules/@prisma/client/src/runtime/RequestHandler.ts:174:12)
      at zr.request (/Users/adrianbrowning/Documents/repos/adrianbrowning/prisma-ts-select/node_modules/.pnpm/@prisma+client@7.4.0_prisma@7.4.0_@types+react@19.2.13_better-sqlite3@11.10.0_react-dom_4daac4841586c2d8497b628bae25a083/node_modules/@prisma/client/src/runtime/RequestHandler.ts:143:12)
      at process.processTicksAndRejections (node:internal/process/task_queues:103:5)
      at async a (/Users/adrianbrowning/Documents/repos/adrianbrowning/prisma-ts-select/node_modules/.pnpm/@prisma+client@7.4.0_prisma@7.4.0_@types+react@19.2.13_better-sqlite3@11.10.0_react-dom_4daac4841586c2d8497b628bae25a083/node_modules/@prisma/client/src/runtime/getPrismaClient.ts:807:24)
      at async TestContext.<anonymous> (/Users/adrianbrowning/Documents/repos/adrianbrowning/prisma-ts-select/packages/usage-v7/tests/core/table-alias.spec.ts:91:28)
      at async Test.run (node:internal/test_runner/test:1110:7)
      at async Suite.processPendingSubtests (node:internal/test_runner/test:785:7)

test at tests/core/table-alias.spec.ts:1:1603
âœ– should alias both tables in a join (positional syntax) (38.3025ms)
  PrismaClientKnownRequestError: 
  Invalid `prisma.$queryRawUnsafe()` invocation:
  
  
  Raw query failed. Code: `42P01`. Message: `relation "post" does not exist`
      at zr.handleRequestError (/Users/adrianbrowning/Documents/repos/adrianbrowning/prisma-ts-select/node_modules/.pnpm/@prisma+client@7.4.0_prisma@7.4.0_@types+react@19.2.13_better-sqlite3@11.10.0_react-dom_4daac4841586c2d8497b628bae25a083/node_modules/@prisma/client/src/runtime/RequestHandler.ts:228:13)
      at zr.handleAndLogRequestError (/Users/adrianbrowning/Documents/repos/adrianbrowning/prisma-ts-select/node_modules/.pnpm/@prisma+client@7.4.0_prisma@7.4.0_@types+react@19.2.13_better-sqlite3@11.10.0_react-dom_4daac4841586c2d8497b628bae25a083/node_modules/@prisma/client/src/runtime/RequestHandler.ts:174:12)
      at zr.request (/Users/adrianbrowning/Documents/repos/adrianbrowning/prisma-ts-select/node_modules/.pnpm/@prisma+client@7.4.0_prisma@7.4.0_@types+react@19.2.13_better-sqlite3@11.10.0_react-dom_4daac4841586c2d8497b628bae25a083/node_modules/@prisma/client/src/runtime/RequestHandler.ts:143:12)
      at process.processTicksAndRejections (node:internal/process/task_queues:103:5)
      at async a (/Users/adrianbrowning/Documents/repos/adrianbrowning/prisma-ts-select/node_modules/.pnpm/@prisma+client@7.4.0_prisma@7.4.0_@types+react@19.2.13_better-sqlite3@11.10.0_react-dom_4daac4841586c2d8497b628bae25a083/node_modules/@prisma/client/src/runtime/getPrismaClient.ts:807:24)
      at async TestContext.<anonymous> (/Users/adrianbrowning/Documents/repos/adrianbrowning/prisma-ts-select/packages/usage-v7/tests/core/table-alias.spec.ts:109:32)
      at async Test.run (node:internal/test_runner/test:1110:7)
      at async Promise.all (index 0)
      at async Suite.run (node:internal/test_runner/test:1515:7)
      at async Suite.processPendingSubtests (node:internal/test_runner/test:785:7)

test at tests/core/table-alias.spec.ts:1:1938
âœ– should alias both tables in a join (object syntax) (17.084833ms)
  PrismaClientKnownRequestError: 
  Invalid `prisma.$queryRawUnsafe()` invocation:
  
  
  Raw query failed. Code: `42P01`. Message: `relation "post" does not exist`
      at zr.handleRequestError (/Users/adrianbrowning/Documents/repos/adrianbrowning/prisma-ts-select/node_modules/.pnpm/@prisma+client@7.4.0_prisma@7.4.0_@types+react@19.2.13_better-sqlite3@11.10.0_react-dom_4daac4841586c2d8497b628bae25a083/node_modules/@prisma/client/src/runtime/RequestHandler.ts:228:13)
      at zr.handleAndLogRequestError (/Users/adrianbrowning/Documents/repos/adrianbrowning/prisma-ts-select/node_modules/.pnpm/@prisma+client@7.4.0_prisma@7.4.0_@types+react@19.2.13_better-sqlite3@11.10.0_react-dom_4daac4841586c2d8497b628bae25a083/node_modules/@prisma/client/src/runtime/RequestHandler.ts:174:12)
      at zr.request (/Users/adrianbrowning/Documents/repos/adrianbrowning/prisma-ts-select/node_modules/.pnpm/@prisma+client@7.4.0_prisma@7.4.0_@types+react@19.2.13_better-sqlite3@11.10.0_react-dom_4daac4841586c2d8497b628bae25a083/node_modules/@prisma/client/src/runtime/RequestHandler.ts:143:12)
      at process.processTicksAndRejections (node:internal/process/task_queues:103:5)
      at async a (/Users/adrianbrowning/Documents/repos/adrianbrowning/prisma-ts-select/node_modules/.pnpm/@prisma+client@7.4.0_prisma@7.4.0_@types+react@19.2.13_better-sqlite3@11.10.0_react-dom_4daac4841586c2d8497b628bae25a083/node_modules/@prisma/client/src/runtime/getPrismaClient.ts:807:24)
      at async TestContext.<anonymous> (/Users/adrianbrowning/Documents/repos/adrianbrowning/prisma-ts-select/packages/usage-v7/tests/core/table-alias.spec.ts:126:32)
      at async Test.run (node:internal/test_runner/test:1110:7)
      at async Suite.processPendingSubtests (node:internal/test_runner/test:785:7)

test at tests/core/table-alias.spec.ts:1:2292
âœ– should handle alias in base table only (27.579334ms)
  PrismaClientKnownRequestError: 
  Invalid `prisma.$queryRawUnsafe()` invocation:
  
  
  Raw query failed. Code: `42P01`. Message: `relation "post" does not exist`
      at zr.handleRequestError (/Users/adrianbrowning/Documents/repos/adrianbrowning/prisma-ts-select/node_modules/.pnpm/@prisma+client@7.4.0_prisma@7.4.0_@types+react@19.2.13_better-sqlite3@11.10.0_react-dom_4daac4841586c2d8497b628bae25a083/node_modules/@prisma/client/src/runtime/RequestHandler.ts:228:13)
      at zr.handleAndLogRequestError (/Users/adrianbrowning/Documents/repos/adrianbrowning/prisma-ts-select/node_modules/.pnpm/@prisma+client@7.4.0_prisma@7.4.0_@types+react@19.2.13_better-sqlite3@11.10.0_react-dom_4daac4841586c2d8497b628bae25a083/node_modules/@prisma/client/src/runtime/RequestHandler.ts:174:12)
      at zr.request (/Users/adrianbrowning/Documents/repos/adrianbrowning/prisma-ts-select/node_modules/.pnpm/@prisma+client@7.4.0_prisma@7.4.0_@types+react@19.2.13_better-sqlite3@11.10.0_react-dom_4daac4841586c2d8497b628bae25a083/node_modules/@prisma/client/src/runtime/RequestHandler.ts:143:12)
      at process.processTicksAndRejections (node:internal/process/task_queues:103:5)
      at async a (/Users/adrianbrowning/Documents/repos/adrianbrowning/prisma-ts-select/node_modules/.pnpm/@prisma+client@7.4.0_prisma@7.4.0_@types+react@19.2.13_better-sqlite3@11.10.0_react-dom_4daac4841586c2d8497b628bae25a083/node_modules/@prisma/client/src/runtime/getPrismaClient.ts:807:24)
      at async TestContext.<anonymous> (/Users/adrianbrowning/Documents/repos/adrianbrowning/prisma-ts-select/packages/usage-v7/tests/core/table-alias.spec.ts:143:32)
      at async Test.run (node:internal/test_runner/test:1110:7)
      at async Suite.processPendingSubtests (node:internal/test_runner/test:785:7)

test at tests/core/table-alias.spec.ts:1:2608
âœ– should handle alias in joined table only (43.541083ms)
  PrismaClientKnownRequestError: 
  Invalid `prisma.$queryRawUnsafe()` invocation:
  
  
  Raw query failed. Code: `42601`. Message: `syntax error at or near "."`
      at zr.handleRequestError (/Users/adrianbrowning/Documents/repos/adrianbrowning/prisma-ts-select/node_modules/.pnpm/@prisma+client@7.4.0_prisma@7.4.0_@types+react@19.2.13_better-sqlite3@11.10.0_react-dom_4daac4841586c2d8497b628bae25a083/node_modules/@prisma/client/src/runtime/RequestHandler.ts:228:13)
      at zr.handleAndLogRequestError (/Users/adrianbrowning/Documents/repos/adrianbrowning/prisma-ts-select/node_modules/.pnpm/@prisma+client@7.4.0_prisma@7.4.0_@types+react@19.2.13_better-sqlite3@11.10.0_react-dom_4daac4841586c2d8497b628bae25a083/node_modules/@prisma/client/src/runtime/RequestHandler.ts:174:12)
      at zr.request (/Users/adrianbrowning/Documents/repos/adrianbrowning/prisma-ts-select/node_modules/.pnpm/@prisma+client@7.4.0_prisma@7.4.0_@types+react@19.2.13_better-sqlite3@11.10.0_react-dom_4daac4841586c2d8497b628bae25a083/node_modules/@prisma/client/src/runtime/RequestHandler.ts:143:12)
      at process.processTicksAndRejections (node:internal/process/task_queues:103:5)
      at async a (/Users/adrianbrowning/Documents/repos/adrianbrowning/prisma-ts-select/node_modules/.pnpm/@prisma+client@7.4.0_prisma@7.4.0_@types+react@19.2.13_better-sqlite3@11.10.0_react-dom_4daac4841586c2d8497b628bae25a083/node_modules/@prisma/client/src/runtime/getPrismaClient.ts:807:24)
      at async TestContext.<anonymous> (/Users/adrianbrowning/Documents/repos/adrianbrowning/prisma-ts-select/packages/usage-v7/tests/core/table-alias.spec.ts:160:32)
      at async Test.run (node:internal/test_runner/test:1110:7)
      at async Suite.processPendingSubtests (node:internal/test_runner/test:785:7)

test at tests/core/table-alias.spec.ts:1:2929
âœ– should support object syntax without alias (26.758709ms)
  PrismaClientKnownRequestError: 
  Invalid `prisma.$queryRawUnsafe()` invocation:
  
  
  Raw query failed. Code: `42601`. Message: `syntax error at or near "."`
      at zr.handleRequestError (/Users/adrianbrowning/Documents/repos/adrianbrowning/prisma-ts-select/node_modules/.pnpm/@prisma+client@7.4.0_prisma@7.4.0_@types+react@19.2.13_better-sqlite3@11.10.0_react-dom_4daac4841586c2d8497b628bae25a083/node_modules/@prisma/client/src/runtime/RequestHandler.ts:228:13)
      at zr.handleAndLogRequestError (/Users/adrianbrowning/Documents/repos/adrianbrowning/prisma-ts-select/node_modules/.pnpm/@prisma+client@7.4.0_prisma@7.4.0_@types+react@19.2.13_better-sqlite3@11.10.0_react-dom_4daac4841586c2d8497b628bae25a083/node_modules/@prisma/client/src/runtime/RequestHandler.ts:174:12)
      at zr.request (/Users/adrianbrowning/Documents/repos/adrianbrowning/prisma-ts-select/node_modules/.pnpm/@prisma+client@7.4.0_prisma@7.4.0_@types+react@19.2.13_better-sqlite3@11.10.0_react-dom_4daac4841586c2d8497b628bae25a083/node_modules/@prisma/client/src/runtime/RequestHandler.ts:143:12)
      at process.processTicksAndRejections (node:internal/process/task_queues:103:5)
      at async a (/Users/adrianbrowning/Documents/repos/adrianbrowning/prisma-ts-select/node_modules/.pnpm/@prisma+client@7.4.0_prisma@7.4.0_@types+react@19.2.13_better-sqlite3@11.10.0_react-dom_4daac4841586c2d8497b628bae25a083/node_modules/@prisma/client/src/runtime/getPrismaClient.ts:807:24)
      at async TestContext.<anonymous> (/Users/adrianbrowning/Documents/repos/adrianbrowning/prisma-ts-select/packages/usage-v7/tests/core/table-alias.spec.ts:177:32)
      at async Test.run (node:internal/test_runner/test:1110:7)
      at async Suite.processPendingSubtests (node:internal/test_runner/test:785:7)

test at tests/core/table-alias.spec.ts:1:3264
âœ– should support self-join with different aliases using .join() (26.574375ms)
  PrismaClientKnownRequestError: 
  Invalid `prisma.$queryRawUnsafe()` invocation:
  
  
  Raw query failed. Code: `42P01`. Message: `relation "employee" does not exist`
      at zr.handleRequestError (/Users/adrianbrowning/Documents/repos/adrianbrowning/prisma-ts-select/node_modules/.pnpm/@prisma+client@7.4.0_prisma@7.4.0_@types+react@19.2.13_better-sqlite3@11.10.0_react-dom_4daac4841586c2d8497b628bae25a083/node_modules/@prisma/client/src/runtime/RequestHandler.ts:228:13)
      at zr.handleAndLogRequestError (/Users/adrianbrowning/Documents/repos/adrianbrowning/prisma-ts-select/node_modules/.pnpm/@prisma+client@7.4.0_prisma@7.4.0_@types+react@19.2.13_better-sqlite3@11.10.0_react-dom_4daac4841586c2d8497b628bae25a083/node_modules/@prisma/client/src/runtime/RequestHandler.ts:174:12)
      at zr.request (/Users/adrianbrowning/Documents/repos/adrianbrowning/prisma-ts-select/node_modules/.pnpm/@prisma+client@7.4.0_prisma@7.4.0_@types+react@19.2.13_better-sqlite3@11.10.0_react-dom_4daac4841586c2d8497b628bae25a083/node_modules/@prisma/client/src/runtime/RequestHandler.ts:143:12)
      at process.processTicksAndRejections (node:internal/process/task_queues:103:5)
      at async a (/Users/adrianbrowning/Documents/repos/adrianbrowning/prisma-ts-select/node_modules/.pnpm/@prisma+client@7.4.0_prisma@7.4.0_@types+react@19.2.13_better-sqlite3@11.10.0_react-dom_4daac4841586c2d8497b628bae25a083/node_modules/@prisma/client/src/runtime/getPrismaClient.ts:807:24)
      at async TestContext.<anonymous> (/Users/adrianbrowning/Documents/repos/adrianbrowning/prisma-ts-select/packages/usage-v7/tests/core/table-alias.spec.ts:194:32)
      at async Test.run (node:internal/test_runner/test:1110:7)
      at async Suite.processPendingSubtests (node:internal/test_runner/test:785:7)

test at tests/core/table-alias.spec.ts:1:3701
âœ– should support self-join with different aliases using .joinUnsafeTypeEnforced() (3.498167ms)
  AssertionError [ERR_ASSERTION]: Expected values to be strictly equal:
  + actual - expected
  
  + 'SELECT e1.name AS "employee1Name", e2.name AS "employee2Name" FROM Employee AS "e1" JOIN Employee AS "e2" ON e2.id = e1.id;'
  - 'SELECT e1.name AS `employee1Name`, e2.name AS `employee2Name` FROM Employee AS `e1` JOIN Employee AS `e2` ON e2.id = e1.id;'
  
      at TestContext.<anonymous> (/Users/adrianbrowning/Documents/repos/adrianbrowning/prisma-ts-select/packages/usage-v7/tests/core/table-alias.spec.ts:217:20)
      at Test.runInAsyncScope (node:async_hooks:214:14)
      at Test.run (node:internal/test_runner/test:1103:25)
      at Suite.processPendingSubtests (node:internal/test_runner/test:785:18)
      at Test.postRun (node:internal/test_runner/test:1232:19)
      at Test.run (node:internal/test_runner/test:1160:12)
      at process.processTicksAndRejections (node:internal/process/task_queues:103:5)
      at async Suite.processPendingSubtests (node:internal/test_runner/test:785:7) {
    generatedMessage: true,
    code: 'ERR_ASSERTION',
    actual: 'SELECT e1.name AS "employee1Name", e2.name AS "employee2Name" FROM Employee AS "e1" JOIN Employee AS "e2" ON e2.id = e1.id;',
    expected: 'SELECT e1.name AS `employee1Name`, e2.name AS `employee2Name` FROM Employee AS `e1` JOIN Employee AS `e2` ON e2.id = e1.id;',
    operator: 'strictEqual',
    diff: 'simple'
  }

test at tests/core/table-alias.spec.ts:1:4167
âœ– should return correct types with aliased joins (33.413833ms)
  PrismaClientKnownRequestError: 
  Invalid `prisma.$queryRawUnsafe()` invocation:
  
  
  Raw query failed. Code: `42P01`. Message: `relation "post" does not exist`
      at zr.handleRequestError (/Users/adrianbrowning/Documents/repos/adrianbrowning/prisma-ts-select/node_modules/.pnpm/@prisma+client@7.4.0_prisma@7.4.0_@types+react@19.2.13_better-sqlite3@11.10.0_react-dom_4daac4841586c2d8497b628bae25a083/node_modules/@prisma/client/src/runtime/RequestHandler.ts:228:13)
      at zr.handleAndLogRequestError (/Users/adrianbrowning/Documents/repos/adrianbrowning/prisma-ts-select/node_modules/.pnpm/@prisma+client@7.4.0_prisma@7.4.0_@types+react@19.2.13_better-sqlite3@11.10.0_react-dom_4daac4841586c2d8497b628bae25a083/node_modules/@prisma/client/src/runtime/RequestHandler.ts:174:12)
      at zr.request (/Users/adrianbrowning/Documents/repos/adrianbrowning/prisma-ts-select/node_modules/.pnpm/@prisma+client@7.4.0_prisma@7.4.0_@types+react@19.2.13_better-sqlite3@11.10.0_react-dom_4daac4841586c2d8497b628bae25a083/node_modules/@prisma/client/src/runtime/RequestHandler.ts:143:12)
      at process.processTicksAndRejections (node:internal/process/task_queues:103:5)
      at async a (/Users/adrianbrowning/Documents/repos/adrianbrowning/prisma-ts-select/node_modules/.pnpm/@prisma+client@7.4.0_prisma@7.4.0_@types+react@19.2.13_better-sqlite3@11.10.0_react-dom_4daac4841586c2d8497b628bae25a083/node_modules/@prisma/client/src/runtime/getPrismaClient.ts:807:24)
      at async TestContext.<anonymous> (/Users/adrianbrowning/Documents/repos/adrianbrowning/prisma-ts-select/packages/usage-v7/tests/core/table-alias.spec.ts:234:28)
      at async Test.run (node:internal/test_runner/test:1110:7)
      at async Suite.processPendingSubtests (node:internal/test_runner/test:785:7)

test at tests/core/table-alias.spec.ts:1:4448
âœ– should use aliases in WHERE clause with joins (12.201958ms)
  PrismaClientKnownRequestError: 
  Invalid `prisma.$queryRawUnsafe()` invocation:
  
  
  Raw query failed. Code: `42P01`. Message: `relation "post" does not exist`
      at zr.handleRequestError (/Users/adrianbrowning/Documents/repos/adrianbrowning/prisma-ts-select/node_modules/.pnpm/@prisma+client@7.4.0_prisma@7.4.0_@types+react@19.2.13_better-sqlite3@11.10.0_react-dom_4daac4841586c2d8497b628bae25a083/node_modules/@prisma/client/src/runtime/RequestHandler.ts:228:13)
      at zr.handleAndLogRequestError (/Users/adrianbrowning/Documents/repos/adrianbrowning/prisma-ts-select/node_modules/.pnpm/@prisma+client@7.4.0_prisma@7.4.0_@types+react@19.2.13_better-sqlite3@11.10.0_react-dom_4daac4841586c2d8497b628bae25a083/node_modules/@prisma/client/src/runtime/RequestHandler.ts:174:12)
      at zr.request (/Users/adrianbrowning/Documents/repos/adrianbrowning/prisma-ts-select/node_modules/.pnpm/@prisma+client@7.4.0_prisma@7.4.0_@types+react@19.2.13_better-sqlite3@11.10.0_react-dom_4daac4841586c2d8497b628bae25a083/node_modules/@prisma/client/src/runtime/RequestHandler.ts:143:12)
      at process.processTicksAndRejections (node:internal/process/task_queues:103:5)
      at async a (/Users/adrianbrowning/Documents/repos/adrianbrowning/prisma-ts-select/node_modules/.pnpm/@prisma+client@7.4.0_prisma@7.4.0_@types+react@19.2.13_better-sqlite3@11.10.0_react-dom_4daac4841586c2d8497b628bae25a083/node_modules/@prisma/client/src/runtime/getPrismaClient.ts:807:24)
      at async TestContext.<anonymous> (/Users/adrianbrowning/Documents/repos/adrianbrowning/prisma-ts-select/packages/usage-v7/tests/core/table-alias.spec.ts:256:32)
      at async Test.run (node:internal/test_runner/test:1110:7)
      at async Promise.all (index 0)
      at async Suite.run (node:internal/test_runner/test:1515:7)
      at async Suite.processPendingSubtests (node:internal/test_runner/test:785:7)

test at tests/core/table-alias.spec.ts:1:4864
âœ– should use aliases in GROUP BY (16.303375ms)
  PrismaClientKnownRequestError: 
  Invalid `prisma.$queryRawUnsafe()` invocation:
  
  
  Raw query failed. Code: `42P01`. Message: `relation "post" does not exist`
      at zr.handleRequestError (/Users/adrianbrowning/Documents/repos/adrianbrowning/prisma-ts-select/node_modules/.pnpm/@prisma+client@7.4.0_prisma@7.4.0_@types+react@19.2.13_better-sqlite3@11.10.0_react-dom_4daac4841586c2d8497b628bae25a083/node_modules/@prisma/client/src/runtime/RequestHandler.ts:228:13)
      at zr.handleAndLogRequestError (/Users/adrianbrowning/Documents/repos/adrianbrowning/prisma-ts-select/node_modules/.pnpm/@prisma+client@7.4.0_prisma@7.4.0_@types+react@19.2.13_better-sqlite3@11.10.0_react-dom_4daac4841586c2d8497b628bae25a083/node_modules/@prisma/client/src/runtime/RequestHandler.ts:174:12)
      at zr.request (/Users/adrianbrowning/Documents/repos/adrianbrowning/prisma-ts-select/node_modules/.pnpm/@prisma+client@7.4.0_prisma@7.4.0_@types+react@19.2.13_better-sqlite3@11.10.0_react-dom_4daac4841586c2d8497b628bae25a083/node_modules/@prisma/client/src/runtime/RequestHandler.ts:143:12)
      at process.processTicksAndRejections (node:internal/process/task_queues:103:5)
      at async a (/Users/adrianbrowning/Documents/repos/adrianbrowning/prisma-ts-select/node_modules/.pnpm/@prisma+client@7.4.0_prisma@7.4.0_@types+react@19.2.13_better-sqlite3@11.10.0_react-dom_4daac4841586c2d8497b628bae25a083/node_modules/@prisma/client/src/runtime/getPrismaClient.ts:807:24)
      at async TestContext.<anonymous> (/Users/adrianbrowning/Documents/repos/adrianbrowning/prisma-ts-select/packages/usage-v7/tests/core/table-alias.spec.ts:274:32)
      at async Test.run (node:internal/test_runner/test:1110:7)
      at async Promise.all (index 0)
      at async Suite.run (node:internal/test_runner/test:1515:7)
      at async Suite.processPendingSubtests (node:internal/test_runner/test:785:7)

test at tests/core/table-alias.spec.ts:1:5131
âœ– should use aliases in HAVING clause (26.465375ms)
  PrismaClientKnownRequestError: 
  Invalid `prisma.$queryRawUnsafe()` invocation:
  
  
  Raw query failed. Code: `42P01`. Message: `relation "post" does not exist`
      at zr.handleRequestError (/Users/adrianbrowning/Documents/repos/adrianbrowning/prisma-ts-select/node_modules/.pnpm/@prisma+client@7.4.0_prisma@7.4.0_@types+react@19.2.13_better-sqlite3@11.10.0_react-dom_4daac4841586c2d8497b628bae25a083/node_modules/@prisma/client/src/runtime/RequestHandler.ts:228:13)
      at zr.handleAndLogRequestError (/Users/adrianbrowning/Documents/repos/adrianbrowning/prisma-ts-select/node_modules/.pnpm/@prisma+client@7.4.0_prisma@7.4.0_@types+react@19.2.13_better-sqlite3@11.10.0_react-dom_4daac4841586c2d8497b628bae25a083/node_modules/@prisma/client/src/runtime/RequestHandler.ts:174:12)
      at zr.request (/Users/adrianbrowning/Documents/repos/adrianbrowning/prisma-ts-select/node_modules/.pnpm/@prisma+client@7.4.0_prisma@7.4.0_@types+react@19.2.13_better-sqlite3@11.10.0_react-dom_4daac4841586c2d8497b628bae25a083/node_modules/@prisma/client/src/runtime/RequestHandler.ts:143:12)
      at process.processTicksAndRejections (node:internal/process/task_queues:103:5)
      at async a (/Users/adrianbrowning/Documents/repos/adrianbrowning/prisma-ts-select/node_modules/.pnpm/@prisma+client@7.4.0_prisma@7.4.0_@types+react@19.2.13_better-sqlite3@11.10.0_react-dom_4daac4841586c2d8497b628bae25a083/node_modules/@prisma/client/src/runtime/getPrismaClient.ts:807:24)
      at async TestContext.<anonymous> (/Users/adrianbrowning/Documents/repos/adrianbrowning/prisma-ts-select/packages/usage-v7/tests/core/table-alias.spec.ts:291:32)
      at async Test.run (node:internal/test_runner/test:1110:7)
      at async Suite.processPendingSubtests (node:internal/test_runner/test:785:7)

test at tests/core/table-alias.spec.ts:1:5515
âœ– should work with LIMIT (11.442208ms)
  PrismaClientKnownRequestError: 
  Invalid `prisma.$queryRawUnsafe()` invocation:
  
  
  Raw query failed. Code: `42703`. Message: `column "name" does not exist`
      at zr.handleRequestError (/Users/adrianbrowning/Documents/repos/adrianbrowning/prisma-ts-select/node_modules/.pnpm/@prisma+client@7.4.0_prisma@7.4.0_@types+react@19.2.13_better-sqlite3@11.10.0_react-dom_4daac4841586c2d8497b628bae25a083/node_modules/@prisma/client/src/runtime/RequestHandler.ts:228:13)
      at zr.handleAndLogRequestError (/Users/adrianbrowning/Documents/repos/adrianbrowning/prisma-ts-select/node_modules/.pnpm/@prisma+client@7.4.0_prisma@7.4.0_@types+react@19.2.13_better-sqlite3@11.10.0_react-dom_4daac4841586c2d8497b628bae25a083/node_modules/@prisma/client/src/runtime/RequestHandler.ts:174:12)
      at zr.request (/Users/adrianbrowning/Documents/repos/adrianbrowning/prisma-ts-select/node_modules/.pnpm/@prisma+client@7.4.0_prisma@7.4.0_@types+react@19.2.13_better-sqlite3@11.10.0_react-dom_4daac4841586c2d8497b628bae25a083/node_modules/@prisma/client/src/runtime/RequestHandler.ts:143:12)
      at process.processTicksAndRejections (node:internal/process/task_queues:103:5)
      at async a (/Users/adrianbrowning/Documents/repos/adrianbrowning/prisma-ts-select/node_modules/.pnpm/@prisma+client@7.4.0_prisma@7.4.0_@types+react@19.2.13_better-sqlite3@11.10.0_react-dom_4daac4841586c2d8497b628bae25a083/node_modules/@prisma/client/src/runtime/getPrismaClient.ts:807:24)
      at async TestContext.<anonymous> (/Users/adrianbrowning/Documents/repos/adrianbrowning/prisma-ts-select/packages/usage-v7/tests/core/table-alias.spec.ts:309:32)
      at async Test.run (node:internal/test_runner/test:1110:7)
      at async Promise.all (index 0)
      at async Suite.run (node:internal/test_runner/test:1515:7)
      at async Suite.processPendingSubtests (node:internal/test_runner/test:785:7)

test at tests/core/table-alias.spec.ts:1:5741
âœ– should work with LIMIT and OFFSET (20.187292ms)
  PrismaClientKnownRequestError: 
  Invalid `prisma.$queryRawUnsafe()` invocation:
  
  
  Raw query failed. Code: `42703`. Message: `column "email" does not exist`
      at zr.handleRequestError (/Users/adrianbrowning/Documents/repos/adrianbrowning/prisma-ts-select/node_modules/.pnpm/@prisma+client@7.4.0_prisma@7.4.0_@types+react@19.2.13_better-sqlite3@11.10.0_react-dom_4daac4841586c2d8497b628bae25a083/node_modules/@prisma/client/src/runtime/RequestHandler.ts:228:13)
      at zr.handleAndLogRequestError (/Users/adrianbrowning/Documents/repos/adrianbrowning/prisma-ts-select/node_modules/.pnpm/@prisma+client@7.4.0_prisma@7.4.0_@types+react@19.2.13_better-sqlite3@11.10.0_react-dom_4daac4841586c2d8497b628bae25a083/node_modules/@prisma/client/src/runtime/RequestHandler.ts:174:12)
      at zr.request (/Users/adrianbrowning/Documents/repos/adrianbrowning/prisma-ts-select/node_modules/.pnpm/@prisma+client@7.4.0_prisma@7.4.0_@types+react@19.2.13_better-sqlite3@11.10.0_react-dom_4daac4841586c2d8497b628bae25a083/node_modules/@prisma/client/src/runtime/RequestHandler.ts:143:12)
      at process.processTicksAndRejections (node:internal/process/task_queues:103:5)
      at async a (/Users/adrianbrowning/Documents/repos/adrianbrowning/prisma-ts-select/node_modules/.pnpm/@prisma+client@7.4.0_prisma@7.4.0_@types+react@19.2.13_better-sqlite3@11.10.0_react-dom_4daac4841586c2d8497b628bae25a083/node_modules/@prisma/client/src/runtime/getPrismaClient.ts:807:24)
      at async TestContext.<anonymous> (/Users/adrianbrowning/Documents/repos/adrianbrowning/prisma-ts-select/packages/usage-v7/tests/core/table-alias.spec.ts:326:32)
      at async Test.run (node:internal/test_runner/test:1110:7)
      at async Suite.processPendingSubtests (node:internal/test_runner/test:785:7)

test at tests/core/table-alias.spec.ts:1:6038
âœ– should expand Table.* using alias (12.556583ms)
  PrismaClientKnownRequestError: 
  Invalid `prisma.$queryRawUnsafe()` invocation:
  
  
  Raw query failed. Code: `42703`. Message: `column "id" does not exist`
      at zr.handleRequestError (/Users/adrianbrowning/Documents/repos/adrianbrowning/prisma-ts-select/node_modules/.pnpm/@prisma+client@7.4.0_prisma@7.4.0_@types+react@19.2.13_better-sqlite3@11.10.0_react-dom_4daac4841586c2d8497b628bae25a083/node_modules/@prisma/client/src/runtime/RequestHandler.ts:228:13)
      at zr.handleAndLogRequestError (/Users/adrianbrowning/Documents/repos/adrianbrowning/prisma-ts-select/node_modules/.pnpm/@prisma+client@7.4.0_prisma@7.4.0_@types+react@19.2.13_better-sqlite3@11.10.0_react-dom_4daac4841586c2d8497b628bae25a083/node_modules/@prisma/client/src/runtime/RequestHandler.ts:174:12)
      at zr.request (/Users/adrianbrowning/Documents/repos/adrianbrowning/prisma-ts-select/node_modules/.pnpm/@prisma+client@7.4.0_prisma@7.4.0_@types+react@19.2.13_better-sqlite3@11.10.0_react-dom_4daac4841586c2d8497b628bae25a083/node_modules/@prisma/client/src/runtime/RequestHandler.ts:143:12)
      at process.processTicksAndRejections (node:internal/process/task_queues:103:5)
      at async a (/Users/adrianbrowning/Documents/repos/adrianbrowning/prisma-ts-select/node_modules/.pnpm/@prisma+client@7.4.0_prisma@7.4.0_@types+react@19.2.13_better-sqlite3@11.10.0_react-dom_4daac4841586c2d8497b628bae25a083/node_modules/@prisma/client/src/runtime/getPrismaClient.ts:807:24)
      at async TestContext.<anonymous> (/Users/adrianbrowning/Documents/repos/adrianbrowning/prisma-ts-select/packages/usage-v7/tests/core/table-alias.spec.ts:343:32)
      at async Test.run (node:internal/test_runner/test:1110:7)
      at async Promise.all (index 0)
      at async Suite.run (node:internal/test_runner/test:1515:7)
      at async Suite.processPendingSubtests (node:internal/test_runner/test:785:7)

test at tests/core/table-alias.spec.ts:1:6269
âœ– should expand multiple Table.* with aliases in joins (1.626083ms)
  AssertionError [ERR_ASSERTION]: Expected values to be strictly equal:
  + actual - expected
  
  + 'SELECT u.id AS "u.id", u.email AS "u.email", u.name AS "u.name", u.age AS "u.age", p.id AS "p.id", p.title AS "p.title", p.content AS "p.content", p.published AS "p.published", p.authorId AS "p.authorId", p.lastModifiedById AS "p.lastModifiedById" FROM User AS "u" JOIN Post AS "p" ON p.authorId = u.id;'
  - 'SELECT u.id AS `u.id`, u.email AS `u.email`, u.name AS `u.name`, u.age AS `u.age`, p.id AS `p.id`, p.title AS `p.title`, p.content AS `p.content`, p.published AS `p.published`, p.authorId AS `p.authorId`, p.lastModifiedById AS `p.lastModifiedById` FROM User AS `u` JOIN Post AS `p` ON p.authorId = u.id;'
  
      at TestContext.<anonymous> (/Users/adrianbrowning/Documents/repos/adrianbrowning/prisma-ts-select/packages/usage-v7/tests/core/table-alias.spec.ts:361:20)
      at Test.runInAsyncScope (node:async_hooks:214:14)
      at Test.run (node:internal/test_runner/test:1103:25)
      at Suite.processPendingSubtests (node:internal/test_runner/test:785:18)
      at Test.postRun (node:internal/test_runner/test:1232:19)
      at Test.run (node:internal/test_runner/test:1160:12)
      at process.processTicksAndRejections (node:internal/process/task_queues:103:5)
      at async Promise.all (index 0)
      at async Suite.run (node:internal/test_runner/test:1515:7)
      at async Suite.processPendingSubtests (node:internal/test_runner/test:785:7) {
    generatedMessage: true,
    code: 'ERR_ASSERTION',
    actual: 'SELECT u.id AS "u.id", u.email AS "u.email", u.name AS "u.name", u.age AS "u.age", p.id AS "p.id", p.title AS "p.title", p.content AS "p.content", p.published AS "p.published", p.authorId AS "p.authorId", p.lastModifiedById AS "p.lastModifiedById" FROM User AS "u" JOIN Post AS "p" ON p.authorId = u.id;',
    expected: 'SELECT u.id AS `u.id`, u.email AS `u.email`, u.name AS `u.name`, u.age AS `u.age`, p.id AS `p.id`, p.title AS `p.title`, p.content AS `p.content`, p.published AS `p.published`, p.authorId AS `p.authorId`, p.lastModifiedById AS `p.lastModifiedById` FROM User AS `u` JOIN Post AS `p` ON p.authorId = u.id;',
    operator: 'strictEqual',
    diff: 'simple'
  }

test at tests/core/table-alias.spec.ts:1:6854
âœ– should handle aliases with column aliases (12.323625ms)
  AssertionError [ERR_ASSERTION]: Expected values to be strictly equal:
  + actual - expected
  
  + 'SELECT u.name AS "userName" FROM User AS "u";'
  - 'SELECT u.name AS `userName` FROM User AS `u`;'
  
      at TestContext.<anonymous> (/Users/adrianbrowning/Documents/repos/adrianbrowning/prisma-ts-select/packages/usage-v7/tests/core/table-alias.spec.ts:382:20)
      at process.processTicksAndRejections (node:internal/process/task_queues:103:5)
      at async Test.run (node:internal/test_runner/test:1110:7)
      at async Promise.all (index 0)
      at async Suite.run (node:internal/test_runner/test:1515:7)
      at async Suite.processPendingSubtests (node:internal/test_runner/test:785:7) {
    generatedMessage: true,
    code: 'ERR_ASSERTION',
    actual: 'SELECT u.name AS "userName" FROM User AS "u";',
    expected: 'SELECT u.name AS `userName` FROM User AS `u`;',
    operator: 'strictEqual',
    diff: 'simple'
  }

test at tests/core/table-alias.spec.ts:1:7107
âœ– should preserve data types with aliases (3.690958ms)
  PrismaClientKnownRequestError: 
  Invalid `prisma.$queryRawUnsafe()` invocation:
  
  
  Raw query failed. Code: `42703`. Message: `column "id" does not exist`
      at zr.handleRequestError (/Users/adrianbrowning/Documents/repos/adrianbrowning/prisma-ts-select/node_modules/.pnpm/@prisma+client@7.4.0_prisma@7.4.0_@types+react@19.2.13_better-sqlite3@11.10.0_react-dom_4daac4841586c2d8497b628bae25a083/node_modules/@prisma/client/src/runtime/RequestHandler.ts:228:13)
      at zr.handleAndLogRequestError (/Users/adrianbrowning/Documents/repos/adrianbrowning/prisma-ts-select/node_modules/.pnpm/@prisma+client@7.4.0_prisma@7.4.0_@types+react@19.2.13_better-sqlite3@11.10.0_react-dom_4daac4841586c2d8497b628bae25a083/node_modules/@prisma/client/src/runtime/RequestHandler.ts:174:12)
      at zr.request (/Users/adrianbrowning/Documents/repos/adrianbrowning/prisma-ts-select/node_modules/.pnpm/@prisma+client@7.4.0_prisma@7.4.0_@types+react@19.2.13_better-sqlite3@11.10.0_react-dom_4daac4841586c2d8497b628bae25a083/node_modules/@prisma/client/src/runtime/RequestHandler.ts:143:12)
      at process.processTicksAndRejections (node:internal/process/task_queues:103:5)
      at async a (/Users/adrianbrowning/Documents/repos/adrianbrowning/prisma-ts-select/node_modules/.pnpm/@prisma+client@7.4.0_prisma@7.4.0_@types+react@19.2.13_better-sqlite3@11.10.0_react-dom_4daac4841586c2d8497b628bae25a083/node_modules/@prisma/client/src/runtime/getPrismaClient.ts:807:24)
      at async TestContext.<anonymous> (/Users/adrianbrowning/Documents/repos/adrianbrowning/prisma-ts-select/packages/usage-v7/tests/core/table-alias.spec.ts:389:28)
      at async Test.run (node:internal/test_runner/test:1110:7)
      at async Suite.processPendingSubtests (node:internal/test_runner/test:785:7)

test at tests/core/table-alias.spec.ts:1:7294
âœ– should handle nullable fields correctly with aliases (10.521959ms)
  PrismaClientKnownRequestError: 
  Invalid `prisma.$queryRawUnsafe()` invocation:
  
  
  Raw query failed. Code: `42703`. Message: `column "name" does not exist`
      at zr.handleRequestError (/Users/adrianbrowning/Documents/repos/adrianbrowning/prisma-ts-select/node_modules/.pnpm/@prisma+client@7.4.0_prisma@7.4.0_@types+react@19.2.13_better-sqlite3@11.10.0_react-dom_4daac4841586c2d8497b628bae25a083/node_modules/@prisma/client/src/runtime/RequestHandler.ts:228:13)
      at zr.handleAndLogRequestError (/Users/adrianbrowning/Documents/repos/adrianbrowning/prisma-ts-select/node_modules/.pnpm/@prisma+client@7.4.0_prisma@7.4.0_@types+react@19.2.13_better-sqlite3@11.10.0_react-dom_4daac4841586c2d8497b628bae25a083/node_modules/@prisma/client/src/runtime/RequestHandler.ts:174:12)
      at zr.request (/Users/adrianbrowning/Documents/repos/adrianbrowning/prisma-ts-select/node_modules/.pnpm/@prisma+client@7.4.0_prisma@7.4.0_@types+react@19.2.13_better-sqlite3@11.10.0_react-dom_4daac4841586c2d8497b628bae25a083/node_modules/@prisma/client/src/runtime/RequestHandler.ts:143:12)
      at process.processTicksAndRejections (node:internal/process/task_queues:103:5)
      at async a (/Users/adrianbrowning/Documents/repos/adrianbrowning/prisma-ts-select/node_modules/.pnpm/@prisma+client@7.4.0_prisma@7.4.0_@types+react@19.2.13_better-sqlite3@11.10.0_react-dom_4daac4841586c2d8497b628bae25a083/node_modules/@prisma/client/src/runtime/getPrismaClient.ts:807:24)
      at async TestContext.<anonymous> (/Users/adrianbrowning/Documents/repos/adrianbrowning/prisma-ts-select/packages/usage-v7/tests/core/table-alias.spec.ts:399:28)
      at async Test.run (node:internal/test_runner/test:1110:7)
      at async Suite.processPendingSubtests (node:internal/test_runner/test:785:7)

test at tests/core/table-star.spec.ts:1:183
âœ– Single table - select User.* (450.572708ms)
  PrismaClientKnownRequestError: 
  Invalid `prisma.$queryRawUnsafe()` invocation:
  
  
  Raw query failed. Code: `42703`. Message: `column "id" does not exist`
      at zr.handleRequestError (/Users/adrianbrowning/Documents/repos/adrianbrowning/prisma-ts-select/node_modules/.pnpm/@prisma+client@7.4.0_prisma@7.4.0_@types+react@19.2.13_better-sqlite3@11.10.0_react-dom_4daac4841586c2d8497b628bae25a083/node_modules/@prisma/client/src/runtime/RequestHandler.ts:228:13)
      at zr.handleAndLogRequestError (/Users/adrianbrowning/Documents/repos/adrianbrowning/prisma-ts-select/node_modules/.pnpm/@prisma+client@7.4.0_prisma@7.4.0_@types+react@19.2.13_better-sqlite3@11.10.0_react-dom_4daac4841586c2d8497b628bae25a083/node_modules/@prisma/client/src/runtime/RequestHandler.ts:174:12)
      at zr.request (/Users/adrianbrowning/Documents/repos/adrianbrowning/prisma-ts-select/node_modules/.pnpm/@prisma+client@7.4.0_prisma@7.4.0_@types+react@19.2.13_better-sqlite3@11.10.0_react-dom_4daac4841586c2d8497b628bae25a083/node_modules/@prisma/client/src/runtime/RequestHandler.ts:143:12)
      at process.processTicksAndRejections (node:internal/process/task_queues:103:5)
      at async a (/Users/adrianbrowning/Documents/repos/adrianbrowning/prisma-ts-select/node_modules/.pnpm/@prisma+client@7.4.0_prisma@7.4.0_@types+react@19.2.13_better-sqlite3@11.10.0_react-dom_4daac4841586c2d8497b628bae25a083/node_modules/@prisma/client/src/runtime/getPrismaClient.ts:807:24)
      at async TestContext.<anonymous> (/Users/adrianbrowning/Documents/repos/adrianbrowning/prisma-ts-select/packages/usage-v7/tests/core/table-star.spec.ts:15:28)
      at async Test.run (node:internal/test_runner/test:1110:7)
      at async Promise.all (index 0)
      at async Suite.run (node:internal/test_runner/test:1515:7)
      at async startSubtestAfterBootstrap (node:internal/test_runner/harness:358:3)

test at tests/core/table-star.spec.ts:1:403
âœ– Single table - User.* returns all fields without prefix (44.582667ms)
  PrismaClientKnownRequestError: 
  Invalid `prisma.$queryRawUnsafe()` invocation:
  
  
  Raw query failed. Code: `42703`. Message: `column "id" does not exist`
      at zr.handleRequestError (/Users/adrianbrowning/Documents/repos/adrianbrowning/prisma-ts-select/node_modules/.pnpm/@prisma+client@7.4.0_prisma@7.4.0_@types+react@19.2.13_better-sqlite3@11.10.0_react-dom_4daac4841586c2d8497b628bae25a083/node_modules/@prisma/client/src/runtime/RequestHandler.ts:228:13)
      at zr.handleAndLogRequestError (/Users/adrianbrowning/Documents/repos/adrianbrowning/prisma-ts-select/node_modules/.pnpm/@prisma+client@7.4.0_prisma@7.4.0_@types+react@19.2.13_better-sqlite3@11.10.0_react-dom_4daac4841586c2d8497b628bae25a083/node_modules/@prisma/client/src/runtime/RequestHandler.ts:174:12)
      at zr.request (/Users/adrianbrowning/Documents/repos/adrianbrowning/prisma-ts-select/node_modules/.pnpm/@prisma+client@7.4.0_prisma@7.4.0_@types+react@19.2.13_better-sqlite3@11.10.0_react-dom_4daac4841586c2d8497b628bae25a083/node_modules/@prisma/client/src/runtime/RequestHandler.ts:143:12)
      at process.processTicksAndRejections (node:internal/process/task_queues:103:5)
      at async a (/Users/adrianbrowning/Documents/repos/adrianbrowning/prisma-ts-select/node_modules/.pnpm/@prisma+client@7.4.0_prisma@7.4.0_@types+react@19.2.13_better-sqlite3@11.10.0_react-dom_4daac4841586c2d8497b628bae25a083/node_modules/@prisma/client/src/runtime/getPrismaClient.ts:807:24)
      at async TestContext.<anonymous> (/Users/adrianbrowning/Documents/repos/adrianbrowning/prisma-ts-select/packages/usage-v7/tests/core/table-star.spec.ts:26:24)
      at async Test.run (node:internal/test_runner/test:1110:7)
      at async Suite.processPendingSubtests (node:internal/test_runner/test:785:7)

test at tests/core/table-star.spec.ts:1:588
âœ– Multiple tables - select User.* with join (26.134833ms)
  PrismaClientKnownRequestError: 
  Invalid `prisma.$queryRawUnsafe()` invocation:
  
  
  Raw query failed. Code: `42601`. Message: `syntax error at or near "."`
      at zr.handleRequestError (/Users/adrianbrowning/Documents/repos/adrianbrowning/prisma-ts-select/node_modules/.pnpm/@prisma+client@7.4.0_prisma@7.4.0_@types+react@19.2.13_better-sqlite3@11.10.0_react-dom_4daac4841586c2d8497b628bae25a083/node_modules/@prisma/client/src/runtime/RequestHandler.ts:228:13)
      at zr.handleAndLogRequestError (/Users/adrianbrowning/Documents/repos/adrianbrowning/prisma-ts-select/node_modules/.pnpm/@prisma+client@7.4.0_prisma@7.4.0_@types+react@19.2.13_better-sqlite3@11.10.0_react-dom_4daac4841586c2d8497b628bae25a083/node_modules/@prisma/client/src/runtime/RequestHandler.ts:174:12)
      at zr.request (/Users/adrianbrowning/Documents/repos/adrianbrowning/prisma-ts-select/node_modules/.pnpm/@prisma+client@7.4.0_prisma@7.4.0_@types+react@19.2.13_better-sqlite3@11.10.0_react-dom_4daac4841586c2d8497b628bae25a083/node_modules/@prisma/client/src/runtime/RequestHandler.ts:143:12)
      at process.processTicksAndRejections (node:internal/process/task_queues:103:5)
      at async a (/Users/adrianbrowning/Documents/repos/adrianbrowning/prisma-ts-select/node_modules/.pnpm/@prisma+client@7.4.0_prisma@7.4.0_@types+react@19.2.13_better-sqlite3@11.10.0_react-dom_4daac4841586c2d8497b628bae25a083/node_modules/@prisma/client/src/runtime/getPrismaClient.ts:807:24)
      at async TestContext.<anonymous> (/Users/adrianbrowning/Documents/repos/adrianbrowning/prisma-ts-select/packages/usage-v7/tests/core/table-star.spec.ts:41:28)
      at async Test.run (node:internal/test_runner/test:1110:7)
      at async Suite.processPendingSubtests (node:internal/test_runner/test:785:7)

test at tests/core/table-star.spec.ts:1:970
âœ– Multiple tables - User.* returns all fields with table prefix (24.920917ms)
  PrismaClientKnownRequestError: 
  Invalid `prisma.$queryRawUnsafe()` invocation:
  
  
  Raw query failed. Code: `42601`. Message: `syntax error at or near "."`
      at zr.handleRequestError (/Users/adrianbrowning/Documents/repos/adrianbrowning/prisma-ts-select/node_modules/.pnpm/@prisma+client@7.4.0_prisma@7.4.0_@types+react@19.2.13_better-sqlite3@11.10.0_react-dom_4daac4841586c2d8497b628bae25a083/node_modules/@prisma/client/src/runtime/RequestHandler.ts:228:13)
      at zr.handleAndLogRequestError (/Users/adrianbrowning/Documents/repos/adrianbrowning/prisma-ts-select/node_modules/.pnpm/@prisma+client@7.4.0_prisma@7.4.0_@types+react@19.2.13_better-sqlite3@11.10.0_react-dom_4daac4841586c2d8497b628bae25a083/node_modules/@prisma/client/src/runtime/RequestHandler.ts:174:12)
      at zr.request (/Users/adrianbrowning/Documents/repos/adrianbrowning/prisma-ts-select/node_modules/.pnpm/@prisma+client@7.4.0_prisma@7.4.0_@types+react@19.2.13_better-sqlite3@11.10.0_react-dom_4daac4841586c2d8497b628bae25a083/node_modules/@prisma/client/src/runtime/RequestHandler.ts:143:12)
      at process.processTicksAndRejections (node:internal/process/task_queues:103:5)
      at async a (/Users/adrianbrowning/Documents/repos/adrianbrowning/prisma-ts-select/node_modules/.pnpm/@prisma+client@7.4.0_prisma@7.4.0_@types+react@19.2.13_better-sqlite3@11.10.0_react-dom_4daac4841586c2d8497b628bae25a083/node_modules/@prisma/client/src/runtime/getPrismaClient.ts:807:24)
      at async TestContext.<anonymous> (/Users/adrianbrowning/Documents/repos/adrianbrowning/prisma-ts-select/packages/usage-v7/tests/core/table-star.spec.ts:52:24)
      at async Test.run (node:internal/test_runner/test:1110:7)
      at async Suite.processPendingSubtests (node:internal/test_runner/test:785:7)

test at tests/core/table-star.spec.ts:1:1195
âœ– Multiple tables - select Post.* with join (22.396042ms)
  PrismaClientKnownRequestError: 
  Invalid `prisma.$queryRawUnsafe()` invocation:
  
  
  Raw query failed. Code: `42601`. Message: `syntax error at or near "."`
      at zr.handleRequestError (/Users/adrianbrowning/Documents/repos/adrianbrowning/prisma-ts-select/node_modules/.pnpm/@prisma+client@7.4.0_prisma@7.4.0_@types+react@19.2.13_better-sqlite3@11.10.0_react-dom_4daac4841586c2d8497b628bae25a083/node_modules/@prisma/client/src/runtime/RequestHandler.ts:228:13)
      at zr.handleAndLogRequestError (/Users/adrianbrowning/Documents/repos/adrianbrowning/prisma-ts-select/node_modules/.pnpm/@prisma+client@7.4.0_prisma@7.4.0_@types+react@19.2.13_better-sqlite3@11.10.0_react-dom_4daac4841586c2d8497b628bae25a083/node_modules/@prisma/client/src/runtime/RequestHandler.ts:174:12)
      at zr.request (/Users/adrianbrowning/Documents/repos/adrianbrowning/prisma-ts-select/node_modules/.pnpm/@prisma+client@7.4.0_prisma@7.4.0_@types+react@19.2.13_better-sqlite3@11.10.0_react-dom_4daac4841586c2d8497b628bae25a083/node_modules/@prisma/client/src/runtime/RequestHandler.ts:143:12)
      at process.processTicksAndRejections (node:internal/process/task_queues:103:5)
      at async a (/Users/adrianbrowning/Documents/repos/adrianbrowning/prisma-ts-select/node_modules/.pnpm/@prisma+client@7.4.0_prisma@7.4.0_@types+react@19.2.13_better-sqlite3@11.10.0_react-dom_4daac4841586c2d8497b628bae25a083/node_modules/@prisma/client/src/runtime/getPrismaClient.ts:807:24)
      at async TestContext.<anonymous> (/Users/adrianbrowning/Documents/repos/adrianbrowning/prisma-ts-select/packages/usage-v7/tests/core/table-star.spec.ts:68:28)
      at async Test.run (node:internal/test_runner/test:1110:7)
      at async Suite.processPendingSubtests (node:internal/test_runner/test:785:7)

test at tests/core/table-star.spec.ts:1:1679
âœ– Multiple tables - select both User.* and Post.* (15.5425ms)
  PrismaClientKnownRequestError: 
  Invalid `prisma.$queryRawUnsafe()` invocation:
  
  
  Raw query failed. Code: `42601`. Message: `syntax error at or near "."`
      at zr.handleRequestError (/Users/adrianbrowning/Documents/repos/adrianbrowning/prisma-ts-select/node_modules/.pnpm/@prisma+client@7.4.0_prisma@7.4.0_@types+react@19.2.13_better-sqlite3@11.10.0_react-dom_4daac4841586c2d8497b628bae25a083/node_modules/@prisma/client/src/runtime/RequestHandler.ts:228:13)
      at zr.handleAndLogRequestError (/Users/adrianbrowning/Documents/repos/adrianbrowning/prisma-ts-select/node_modules/.pnpm/@prisma+client@7.4.0_prisma@7.4.0_@types+react@19.2.13_better-sqlite3@11.10.0_react-dom_4daac4841586c2d8497b628bae25a083/node_modules/@prisma/client/src/runtime/RequestHandler.ts:174:12)
      at zr.request (/Users/adrianbrowning/Documents/repos/adrianbrowning/prisma-ts-select/node_modules/.pnpm/@prisma+client@7.4.0_prisma@7.4.0_@types+react@19.2.13_better-sqlite3@11.10.0_react-dom_4daac4841586c2d8497b628bae25a083/node_modules/@prisma/client/src/runtime/RequestHandler.ts:143:12)
      at process.processTicksAndRejections (node:internal/process/task_queues:103:5)
      at async a (/Users/adrianbrowning/Documents/repos/adrianbrowning/prisma-ts-select/node_modules/.pnpm/@prisma+client@7.4.0_prisma@7.4.0_@types+react@19.2.13_better-sqlite3@11.10.0_react-dom_4daac4841586c2d8497b628bae25a083/node_modules/@prisma/client/src/runtime/getPrismaClient.ts:807:24)
      at async TestContext.<anonymous> (/Users/adrianbrowning/Documents/repos/adrianbrowning/prisma-ts-select/packages/usage-v7/tests/core/table-star.spec.ts:85:28)
      at async Test.run (node:internal/test_runner/test:1110:7)
      at async Suite.processPendingSubtests (node:internal/test_runner/test:785:7)

test at tests/core/table-star.spec.ts:1:2286
âœ– Mix Table.* with individual column selects (30.585708ms)
  PrismaClientKnownRequestError: 
  Invalid `prisma.$queryRawUnsafe()` invocation:
  
  
  Raw query failed. Code: `42601`. Message: `syntax error at or near "."`
      at zr.handleRequestError (/Users/adrianbrowning/Documents/repos/adrianbrowning/prisma-ts-select/node_modules/.pnpm/@prisma+client@7.4.0_prisma@7.4.0_@types+react@19.2.13_better-sqlite3@11.10.0_react-dom_4daac4841586c2d8497b628bae25a083/node_modules/@prisma/client/src/runtime/RequestHandler.ts:228:13)
      at zr.handleAndLogRequestError (/Users/adrianbrowning/Documents/repos/adrianbrowning/prisma-ts-select/node_modules/.pnpm/@prisma+client@7.4.0_prisma@7.4.0_@types+react@19.2.13_better-sqlite3@11.10.0_react-dom_4daac4841586c2d8497b628bae25a083/node_modules/@prisma/client/src/runtime/RequestHandler.ts:174:12)
      at zr.request (/Users/adrianbrowning/Documents/repos/adrianbrowning/prisma-ts-select/node_modules/.pnpm/@prisma+client@7.4.0_prisma@7.4.0_@types+react@19.2.13_better-sqlite3@11.10.0_react-dom_4daac4841586c2d8497b628bae25a083/node_modules/@prisma/client/src/runtime/RequestHandler.ts:143:12)
      at process.processTicksAndRejections (node:internal/process/task_queues:103:5)
      at async a (/Users/adrianbrowning/Documents/repos/adrianbrowning/prisma-ts-select/node_modules/.pnpm/@prisma+client@7.4.0_prisma@7.4.0_@types+react@19.2.13_better-sqlite3@11.10.0_react-dom_4daac4841586c2d8497b628bae25a083/node_modules/@prisma/client/src/runtime/getPrismaClient.ts:807:24)
      at async TestContext.<anonymous> (/Users/adrianbrowning/Documents/repos/adrianbrowning/prisma-ts-select/packages/usage-v7/tests/core/table-star.spec.ts:102:28)
      at async Test.run (node:internal/test_runner/test:1110:7)
      at async Suite.processPendingSubtests (node:internal/test_runner/test:785:7)

test at tests/core/table-star.spec.ts:1:2697
âœ– Table.* with WHERE clause (33.845041ms)
  PrismaClientKnownRequestError: 
  Invalid `prisma.$queryRawUnsafe()` invocation:
  
  
  Raw query failed. Code: `42703`. Message: `column "id" does not exist`
      at zr.handleRequestError (/Users/adrianbrowning/Documents/repos/adrianbrowning/prisma-ts-select/node_modules/.pnpm/@prisma+client@7.4.0_prisma@7.4.0_@types+react@19.2.13_better-sqlite3@11.10.0_react-dom_4daac4841586c2d8497b628bae25a083/node_modules/@prisma/client/src/runtime/RequestHandler.ts:228:13)
      at zr.handleAndLogRequestError (/Users/adrianbrowning/Documents/repos/adrianbrowning/prisma-ts-select/node_modules/.pnpm/@prisma+client@7.4.0_prisma@7.4.0_@types+react@19.2.13_better-sqlite3@11.10.0_react-dom_4daac4841586c2d8497b628bae25a083/node_modules/@prisma/client/src/runtime/RequestHandler.ts:174:12)
      at zr.request (/Users/adrianbrowning/Documents/repos/adrianbrowning/prisma-ts-select/node_modules/.pnpm/@prisma+client@7.4.0_prisma@7.4.0_@types+react@19.2.13_better-sqlite3@11.10.0_react-dom_4daac4841586c2d8497b628bae25a083/node_modules/@prisma/client/src/runtime/RequestHandler.ts:143:12)
      at process.processTicksAndRejections (node:internal/process/task_queues:103:5)
      at async a (/Users/adrianbrowning/Documents/repos/adrianbrowning/prisma-ts-select/node_modules/.pnpm/@prisma+client@7.4.0_prisma@7.4.0_@types+react@19.2.13_better-sqlite3@11.10.0_react-dom_4daac4841586c2d8497b628bae25a083/node_modules/@prisma/client/src/runtime/getPrismaClient.ts:807:24)
      at async TestContext.<anonymous> (/Users/adrianbrowning/Documents/repos/adrianbrowning/prisma-ts-select/packages/usage-v7/tests/core/table-star.spec.ts:118:28)
      at async Test.run (node:internal/test_runner/test:1110:7)
      at async Suite.processPendingSubtests (node:internal/test_runner/test:785:7)

test at tests/core/table-star.spec.ts:1:2943
âœ– Table.* with ORDER BY and LIMIT (31.781917ms)
  PrismaClientKnownRequestError: 
  Invalid `prisma.$queryRawUnsafe()` invocation:
  
  
  Raw query failed. Code: `42601`. Message: `syntax error at or near "."`
      at zr.handleRequestError (/Users/adrianbrowning/Documents/repos/adrianbrowning/prisma-ts-select/node_modules/.pnpm/@prisma+client@7.4.0_prisma@7.4.0_@types+react@19.2.13_better-sqlite3@11.10.0_react-dom_4daac4841586c2d8497b628bae25a083/node_modules/@prisma/client/src/runtime/RequestHandler.ts:228:13)
      at zr.handleAndLogRequestError (/Users/adrianbrowning/Documents/repos/adrianbrowning/prisma-ts-select/node_modules/.pnpm/@prisma+client@7.4.0_prisma@7.4.0_@types+react@19.2.13_better-sqlite3@11.10.0_react-dom_4daac4841586c2d8497b628bae25a083/node_modules/@prisma/client/src/runtime/RequestHandler.ts:174:12)
      at zr.request (/Users/adrianbrowning/Documents/repos/adrianbrowning/prisma-ts-select/node_modules/.pnpm/@prisma+client@7.4.0_prisma@7.4.0_@types+react@19.2.13_better-sqlite3@11.10.0_react-dom_4daac4841586c2d8497b628bae25a083/node_modules/@prisma/client/src/runtime/RequestHandler.ts:143:12)
      at process.processTicksAndRejections (node:internal/process/task_queues:103:5)
      at async a (/Users/adrianbrowning/Documents/repos/adrianbrowning/prisma-ts-select/node_modules/.pnpm/@prisma+client@7.4.0_prisma@7.4.0_@types+react@19.2.13_better-sqlite3@11.10.0_react-dom_4daac4841586c2d8497b628bae25a083/node_modules/@prisma/client/src/runtime/getPrismaClient.ts:807:24)
      at async TestContext.<anonymous> (/Users/adrianbrowning/Documents/repos/adrianbrowning/prisma-ts-select/packages/usage-v7/tests/core/table-star.spec.ts:135:28)
      at async Test.run (node:internal/test_runner/test:1110:7)
      at async Suite.processPendingSubtests (node:internal/test_runner/test:785:7)

test at tests/readme/from-alias.ts:1:206
âœ– should create query with inline alias instead (5.739125ms)
  AssertionError [ERR_ASSERTION]: Expected values to be strictly equal:
  + actual - expected
  
  + 'FROM User AS "u";'
  - 'FROM User AS `u`;'
                  ^
  
      at TestContext.<anonymous> (/Users/adrianbrowning/Documents/repos/adrianbrowning/prisma-ts-select/packages/usage-v7/tests/readme/from-alias.ts:18:12)
      at Test.runInAsyncScope (node:async_hooks:214:14)
      at Test.run (node:internal/test_runner/test:1103:25)
      at Test.start (node:internal/test_runner/test:1000:17)
      at node:internal/test_runner/test:1513:71
      at node:internal/per_context/primordials:466:82
      at new Promise (<anonymous>)
      at new SafePromise (node:internal/per_context/primordials:435:3)
      at node:internal/per_context/primordials:466:9
      at Array.map (<anonymous>) {
    generatedMessage: true,
    code: 'ERR_ASSERTION',
    actual: 'FROM User AS "u";',
    expected: 'FROM User AS `u`;',
    operator: 'strictEqual',
    diff: 'simple'
  }

test at tests/readme/from-inline-alias.ts:1:209
âœ– should create query with inline alias (3.561083ms)
  AssertionError [ERR_ASSERTION]: Expected values to be strictly equal:
  + actual - expected
  
  + 'FROM User AS "u";'
  - 'FROM User AS `u`;'
                  ^
  
      at TestContext.<anonymous> (/Users/adrianbrowning/Documents/repos/adrianbrowning/prisma-ts-select/packages/usage-v7/tests/readme/from-inline-alias.ts:19:12)
      at Test.runInAsyncScope (node:async_hooks:214:14)
      at Test.run (node:internal/test_runner/test:1103:25)
      at Test.start (node:internal/test_runner/test:1000:17)
      at node:internal/test_runner/test:1513:71
      at node:internal/per_context/primordials:466:82
      at new Promise (<anonymous>)
      at new SafePromise (node:internal/per_context/primordials:435:3)
      at node:internal/per_context/primordials:466:9
      at Array.map (<anonymous>) {
    generatedMessage: true,
    code: 'ERR_ASSERTION',
    actual: 'FROM User AS "u";',
    expected: 'FROM User AS `u`;',
    operator: 'strictEqual',
    diff: 'simple'
  }

test at tests/readme/pagination.ts:1:886
âœ– offset - should run successfully (388.059291ms)
  PrismaClientKnownRequestError: 
  Invalid `prisma.$queryRawUnsafe()` invocation:
  
  
  Raw query failed. Code: `42601`. Message: `syntax error at or near "."`
      at zr.handleRequestError (/Users/adrianbrowning/Documents/repos/adrianbrowning/prisma-ts-select/node_modules/.pnpm/@prisma+client@7.4.0_prisma@7.4.0_@types+react@19.2.13_better-sqlite3@11.10.0_react-dom_4daac4841586c2d8497b628bae25a083/node_modules/@prisma/client/src/runtime/RequestHandler.ts:228:13)
      at zr.handleAndLogRequestError (/Users/adrianbrowning/Documents/repos/adrianbrowning/prisma-ts-select/node_modules/.pnpm/@prisma+client@7.4.0_prisma@7.4.0_@types+react@19.2.13_better-sqlite3@11.10.0_react-dom_4daac4841586c2d8497b628bae25a083/node_modules/@prisma/client/src/runtime/RequestHandler.ts:174:12)
      at zr.request (/Users/adrianbrowning/Documents/repos/adrianbrowning/prisma-ts-select/node_modules/.pnpm/@prisma+client@7.4.0_prisma@7.4.0_@types+react@19.2.13_better-sqlite3@11.10.0_react-dom_4daac4841586c2d8497b628bae25a083/node_modules/@prisma/client/src/runtime/RequestHandler.ts:143:12)
      at process.processTicksAndRejections (node:internal/process/task_queues:103:5)
      at async a (/Users/adrianbrowning/Documents/repos/adrianbrowning/prisma-ts-select/node_modules/.pnpm/@prisma+client@7.4.0_prisma@7.4.0_@types+react@19.2.13_better-sqlite3@11.10.0_react-dom_4daac4841586c2d8497b628bae25a083/node_modules/@prisma/client/src/runtime/getPrismaClient.ts:807:24)
      at async TestContext.<anonymous> (/Users/adrianbrowning/Documents/repos/adrianbrowning/prisma-ts-select/packages/usage-v7/tests/readme/pagination.ts:59:20)
      at async Test.run (node:internal/test_runner/test:1110:7)
      at async Suite.processPendingSubtests (node:internal/test_runner/test:785:7)

test at tests/readme/select-advanced.ts:1:800
âœ– selectAll single table - should run successfully (401.524ms)
  PrismaClientKnownRequestError: 
  Invalid `prisma.$queryRawUnsafe()` invocation:
  
  
  Raw query failed. Code: `42703`. Message: `column "id" does not exist`
      at zr.handleRequestError (/Users/adrianbrowning/Documents/repos/adrianbrowning/prisma-ts-select/node_modules/.pnpm/@prisma+client@7.4.0_prisma@7.4.0_@types+react@19.2.13_better-sqlite3@11.10.0_react-dom_4daac4841586c2d8497b628bae25a083/node_modules/@prisma/client/src/runtime/RequestHandler.ts:228:13)
      at zr.handleAndLogRequestError (/Users/adrianbrowning/Documents/repos/adrianbrowning/prisma-ts-select/node_modules/.pnpm/@prisma+client@7.4.0_prisma@7.4.0_@types+react@19.2.13_better-sqlite3@11.10.0_react-dom_4daac4841586c2d8497b628bae25a083/node_modules/@prisma/client/src/runtime/RequestHandler.ts:174:12)
      at zr.request (/Users/adrianbrowning/Documents/repos/adrianbrowning/prisma-ts-select/node_modules/.pnpm/@prisma+client@7.4.0_prisma@7.4.0_@types+react@19.2.13_better-sqlite3@11.10.0_react-dom_4daac4841586c2d8497b628bae25a083/node_modules/@prisma/client/src/runtime/RequestHandler.ts:143:12)
      at process.processTicksAndRejections (node:internal/process/task_queues:103:5)
      at async a (/Users/adrianbrowning/Documents/repos/adrianbrowning/prisma-ts-select/node_modules/.pnpm/@prisma+client@7.4.0_prisma@7.4.0_@types+react@19.2.13_better-sqlite3@11.10.0_react-dom_4daac4841586c2d8497b628bae25a083/node_modules/@prisma/client/src/runtime/getPrismaClient.ts:807:24)
      at async TestContext.<anonymous> (/Users/adrianbrowning/Documents/repos/adrianbrowning/prisma-ts-select/packages/usage-v7/tests/readme/select-advanced.ts:53:20)
      at async Test.run (node:internal/test_runner/test:1110:7)
      at async Suite.processPendingSubtests (node:internal/test_runner/test:785:7)

test at tests/readme/select-advanced.ts:1:1121
âœ– selectAll join table - should generate correct SQL (5.2095ms)
  AssertionError [ERR_ASSERTION]: Expected values to be strictly equal:
  + actual - expected
  
  + 'SELECT User.id AS "User.id", User.email AS "User.email", User.name AS "User.name", User.age AS "User.age", Post.id AS "Post.id", Post.title AS "Post.title", Post.content AS "Post.content", Post.published AS "Post.published", Post.authorId AS "Post.authorId", Post.lastModifiedById AS "Post.lastModifiedById" FROM User JOIN Post ON Post.authorId = User.id;'
  - 'SELECT User.id AS `User.id`, User.email AS `User.email`, User.name AS `User.name`, User.age AS `User.age`, Post.id AS `Post.id`, Post.title AS `Post.title`, Post.content AS `Post.content`, Post.published AS `Post.published`, Post.authorId AS `Post.authorId`, Post.lastModifiedById AS `Post.lastModifiedById` FROM User JOIN Post ON Post.authorId = User.id;'
  
      at TestContext.<anonymous> (/Users/adrianbrowning/Documents/repos/adrianbrowning/prisma-ts-select/packages/usage-v7/tests/readme/select-advanced.ts:97:12)
      at Test.runInAsyncScope (node:async_hooks:214:14)
      at Test.run (node:internal/test_runner/test:1103:25)
      at Suite.processPendingSubtests (node:internal/test_runner/test:785:18)
      at Test.postRun (node:internal/test_runner/test:1232:19)
      at Test.run (node:internal/test_runner/test:1160:12)
      at process.processTicksAndRejections (node:internal/process/task_queues:103:5)
      at async Suite.processPendingSubtests (node:internal/test_runner/test:785:7) {
    generatedMessage: true,
    code: 'ERR_ASSERTION',
    actual: 'SELECT User.id AS "User.id", User.email AS "User.email", User.name AS "User.name", User.age AS "User.age", Post.id AS "Post.id", Post.title AS "Post.title", Post.content AS "Post.content", Post.published AS "Post.published", Post.authorId AS "Post.authorId", Post.lastModifiedById AS "Post.lastModifiedById" FROM User JOIN Post ON Post.authorId = User.id;',
    expected: 'SELECT User.id AS `User.id`, User.email AS `User.email`, User.name AS `User.name`, User.age AS `User.age`, Post.id AS `Post.id`, Post.title AS `Post.title`, Post.content AS `Post.content`, Post.published AS `Post.published`, Post.authorId AS `Post.authorId`, Post.lastModifiedById AS `Post.lastModifiedById` FROM User JOIN Post ON Post.authorId = User.id;',
    operator: 'strictEqual',
    diff: 'simple'
  }

test at tests/readme/select-advanced.ts:1:1678
âœ– selectAll join table - should run successfully (46.521791ms)
  PrismaClientKnownRequestError: 
  Invalid `prisma.$queryRawUnsafe()` invocation:
  
  
  Raw query failed. Code: `42601`. Message: `syntax error at or near "."`
      at zr.handleRequestError (/Users/adrianbrowning/Documents/repos/adrianbrowning/prisma-ts-select/node_modules/.pnpm/@prisma+client@7.4.0_prisma@7.4.0_@types+react@19.2.13_better-sqlite3@11.10.0_react-dom_4daac4841586c2d8497b628bae25a083/node_modules/@prisma/client/src/runtime/RequestHandler.ts:228:13)
      at zr.handleAndLogRequestError (/Users/adrianbrowning/Documents/repos/adrianbrowning/prisma-ts-select/node_modules/.pnpm/@prisma+client@7.4.0_prisma@7.4.0_@types+react@19.2.13_better-sqlite3@11.10.0_react-dom_4daac4841586c2d8497b628bae25a083/node_modules/@prisma/client/src/runtime/RequestHandler.ts:174:12)
      at zr.request (/Users/adrianbrowning/Documents/repos/adrianbrowning/prisma-ts-select/node_modules/.pnpm/@prisma+client@7.4.0_prisma@7.4.0_@types+react@19.2.13_better-sqlite3@11.10.0_react-dom_4daac4841586c2d8497b628bae25a083/node_modules/@prisma/client/src/runtime/RequestHandler.ts:143:12)
      at process.processTicksAndRejections (node:internal/process/task_queues:103:5)
      at async a (/Users/adrianbrowning/Documents/repos/adrianbrowning/prisma-ts-select/node_modules/.pnpm/@prisma+client@7.4.0_prisma@7.4.0_@types+react@19.2.13_better-sqlite3@11.10.0_react-dom_4daac4841586c2d8497b628bae25a083/node_modules/@prisma/client/src/runtime/getPrismaClient.ts:807:24)
      at async TestContext.<anonymous> (/Users/adrianbrowning/Documents/repos/adrianbrowning/prisma-ts-select/packages/usage-v7/tests/readme/select-advanced.ts:102:20)
      at async Test.run (node:internal/test_runner/test:1110:7)
      at async Suite.processPendingSubtests (node:internal/test_runner/test:785:7)

test at tests/readme/select-advanced.ts:1:2078
âœ– select Table.* single - should run successfully (129.606917ms)
  PrismaClientKnownRequestError: 
  Invalid `prisma.$queryRawUnsafe()` invocation:
  
  
  Raw query failed. Code: `42703`. Message: `column "id" does not exist`
      at zr.handleRequestError (/Users/adrianbrowning/Documents/repos/adrianbrowning/prisma-ts-select/node_modules/.pnpm/@prisma+client@7.4.0_prisma@7.4.0_@types+react@19.2.13_better-sqlite3@11.10.0_react-dom_4daac4841586c2d8497b628bae25a083/node_modules/@prisma/client/src/runtime/RequestHandler.ts:228:13)
      at zr.handleAndLogRequestError (/Users/adrianbrowning/Documents/repos/adrianbrowning/prisma-ts-select/node_modules/.pnpm/@prisma+client@7.4.0_prisma@7.4.0_@types+react@19.2.13_better-sqlite3@11.10.0_react-dom_4daac4841586c2d8497b628bae25a083/node_modules/@prisma/client/src/runtime/RequestHandler.ts:174:12)
      at zr.request (/Users/adrianbrowning/Documents/repos/adrianbrowning/prisma-ts-select/node_modules/.pnpm/@prisma+client@7.4.0_prisma@7.4.0_@types+react@19.2.13_better-sqlite3@11.10.0_react-dom_4daac4841586c2d8497b628bae25a083/node_modules/@prisma/client/src/runtime/RequestHandler.ts:143:12)
      at process.processTicksAndRejections (node:internal/process/task_queues:103:5)
      at async a (/Users/adrianbrowning/Documents/repos/adrianbrowning/prisma-ts-select/node_modules/.pnpm/@prisma+client@7.4.0_prisma@7.4.0_@types+react@19.2.13_better-sqlite3@11.10.0_react-dom_4daac4841586c2d8497b628bae25a083/node_modules/@prisma/client/src/runtime/getPrismaClient.ts:807:24)
      at async TestContext.<anonymous> (/Users/adrianbrowning/Documents/repos/adrianbrowning/prisma-ts-select/packages/usage-v7/tests/readme/select-advanced.ts:129:20)
      at async Test.run (node:internal/test_runner/test:1110:7)
      at async Suite.processPendingSubtests (node:internal/test_runner/test:785:7)

test at tests/readme/select-advanced.ts:1:2403
âœ– select Table.* with join - should generate correct SQL (2.004708ms)
  AssertionError [ERR_ASSERTION]: Expected values to be strictly equal:
  + actual - expected
  
  + 'SELECT User.id AS "User.id", User.email AS "User.email", User.name AS "User.name", User.age AS "User.age", Post.id AS "Post.id", Post.title AS "Post.title", Post.content AS "Post.content", Post.published AS "Post.published", Post.authorId AS "Post.authorId", Post.lastModifiedById AS "Post.lastModifiedById" FROM User JOIN Post ON Post.authorId = User.id;'
  - 'SELECT User.id AS `User.id`, User.email AS `User.email`, User.name AS `User.name`, User.age AS `User.age`, Post.id AS `Post.id`, Post.title AS `Post.title`, Post.content AS `Post.content`, Post.published AS `Post.published`, Post.authorId AS `Post.authorId`, Post.lastModifiedById AS `Post.lastModifiedById` FROM User JOIN Post ON Post.authorId = User.id;'
  
      at TestContext.<anonymous> (/Users/adrianbrowning/Documents/repos/adrianbrowning/prisma-ts-select/packages/usage-v7/tests/readme/select-advanced.ts:171:12)
      at Test.runInAsyncScope (node:async_hooks:214:14)
      at Test.run (node:internal/test_runner/test:1103:25)
      at Suite.processPendingSubtests (node:internal/test_runner/test:785:18)
      at Test.postRun (node:internal/test_runner/test:1232:19)
      at Test.run (node:internal/test_runner/test:1160:12)
      at process.processTicksAndRejections (node:internal/process/task_queues:103:5)
      at async Suite.processPendingSubtests (node:internal/test_runner/test:785:7) {
    generatedMessage: true,
    code: 'ERR_ASSERTION',
    actual: 'SELECT User.id AS "User.id", User.email AS "User.email", User.name AS "User.name", User.age AS "User.age", Post.id AS "Post.id", Post.title AS "Post.title", Post.content AS "Post.content", Post.published AS "Post.published", Post.authorId AS "Post.authorId", Post.lastModifiedById AS "Post.lastModifiedById" FROM User JOIN Post ON Post.authorId = User.id;',
    expected: 'SELECT User.id AS `User.id`, User.email AS `User.email`, User.name AS `User.name`, User.age AS `User.age`, Post.id AS `Post.id`, Post.title AS `Post.title`, Post.content AS `Post.content`, Post.published AS `Post.published`, Post.authorId AS `Post.authorId`, Post.lastModifiedById AS `Post.lastModifiedById` FROM User JOIN Post ON Post.authorId = User.id;',
    operator: 'strictEqual',
    diff: 'simple'
  }

test at tests/readme/select-advanced.ts:1:2986
âœ– select Table.* with join - should run successfully (35.048208ms)
  PrismaClientKnownRequestError: 
  Invalid `prisma.$queryRawUnsafe()` invocation:
  
  
  Raw query failed. Code: `42601`. Message: `syntax error at or near "."`
      at zr.handleRequestError (/Users/adrianbrowning/Documents/repos/adrianbrowning/prisma-ts-select/node_modules/.pnpm/@prisma+client@7.4.0_prisma@7.4.0_@types+react@19.2.13_better-sqlite3@11.10.0_react-dom_4daac4841586c2d8497b628bae25a083/node_modules/@prisma/client/src/runtime/RequestHandler.ts:228:13)
      at zr.handleAndLogRequestError (/Users/adrianbrowning/Documents/repos/adrianbrowning/prisma-ts-select/node_modules/.pnpm/@prisma+client@7.4.0_prisma@7.4.0_@types+react@19.2.13_better-sqlite3@11.10.0_react-dom_4daac4841586c2d8497b628bae25a083/node_modules/@prisma/client/src/runtime/RequestHandler.ts:174:12)
      at zr.request (/Users/adrianbrowning/Documents/repos/adrianbrowning/prisma-ts-select/node_modules/.pnpm/@prisma+client@7.4.0_prisma@7.4.0_@types+react@19.2.13_better-sqlite3@11.10.0_react-dom_4daac4841586c2d8497b628bae25a083/node_modules/@prisma/client/src/runtime/RequestHandler.ts:143:12)
      at process.processTicksAndRejections (node:internal/process/task_queues:103:5)
      at async a (/Users/adrianbrowning/Documents/repos/adrianbrowning/prisma-ts-select/node_modules/.pnpm/@prisma+client@7.4.0_prisma@7.4.0_@types+react@19.2.13_better-sqlite3@11.10.0_react-dom_4daac4841586c2d8497b628bae25a083/node_modules/@prisma/client/src/runtime/getPrismaClient.ts:807:24)
      at async TestContext.<anonymous> (/Users/adrianbrowning/Documents/repos/adrianbrowning/prisma-ts-select/packages/usage-v7/tests/readme/select-advanced.ts:176:20)
      at async Test.run (node:internal/test_runner/test:1110:7)
      at async Suite.processPendingSubtests (node:internal/test_runner/test:785:7)

test at tests/readme/select-advanced.ts:1:4115
âœ– select join  chained - should run successfully (14.256959ms)
  PrismaClientKnownRequestError: 
  Invalid `prisma.$queryRawUnsafe()` invocation:
  
  
  Raw query failed. Code: `42601`. Message: `syntax error at or near "."`
      at zr.handleRequestError (/Users/adrianbrowning/Documents/repos/adrianbrowning/prisma-ts-select/node_modules/.pnpm/@prisma+client@7.4.0_prisma@7.4.0_@types+react@19.2.13_better-sqlite3@11.10.0_react-dom_4daac4841586c2d8497b628bae25a083/node_modules/@prisma/client/src/runtime/RequestHandler.ts:228:13)
      at zr.handleAndLogRequestError (/Users/adrianbrowning/Documents/repos/adrianbrowning/prisma-ts-select/node_modules/.pnpm/@prisma+client@7.4.0_prisma@7.4.0_@types+react@19.2.13_better-sqlite3@11.10.0_react-dom_4daac4841586c2d8497b628bae25a083/node_modules/@prisma/client/src/runtime/RequestHandler.ts:174:12)
      at zr.request (/Users/adrianbrowning/Documents/repos/adrianbrowning/prisma-ts-select/node_modules/.pnpm/@prisma+client@7.4.0_prisma@7.4.0_@types+react@19.2.13_better-sqlite3@11.10.0_react-dom_4daac4841586c2d8497b628bae25a083/node_modules/@prisma/client/src/runtime/RequestHandler.ts:143:12)
      at process.processTicksAndRejections (node:internal/process/task_queues:103:5)
      at async a (/Users/adrianbrowning/Documents/repos/adrianbrowning/prisma-ts-select/node_modules/.pnpm/@prisma+client@7.4.0_prisma@7.4.0_@types+react@19.2.13_better-sqlite3@11.10.0_react-dom_4daac4841586c2d8497b628bae25a083/node_modules/@prisma/client/src/runtime/getPrismaClient.ts:807:24)
      at async TestContext.<anonymous> (/Users/adrianbrowning/Documents/repos/adrianbrowning/prisma-ts-select/packages/usage-v7/tests/readme/select-advanced.ts:243:20)
      at async Test.run (node:internal/test_runner/test:1110:7)
      at async Suite.processPendingSubtests (node:internal/test_runner/test:785:7)

test at tests/readme/select-advanced.ts:1:4790
âœ– select aliases with joins - should run successfully (28.50825ms)
  PrismaClientKnownRequestError: 
  Invalid `prisma.$queryRawUnsafe()` invocation:
  
  
  Raw query failed. Code: `42601`. Message: `syntax error at or near "."`
      at zr.handleRequestError (/Users/adrianbrowning/Documents/repos/adrianbrowning/prisma-ts-select/node_modules/.pnpm/@prisma+client@7.4.0_prisma@7.4.0_@types+react@19.2.13_better-sqlite3@11.10.0_react-dom_4daac4841586c2d8497b628bae25a083/node_modules/@prisma/client/src/runtime/RequestHandler.ts:228:13)
      at zr.handleAndLogRequestError (/Users/adrianbrowning/Documents/repos/adrianbrowning/prisma-ts-select/node_modules/.pnpm/@prisma+client@7.4.0_prisma@7.4.0_@types+react@19.2.13_better-sqlite3@11.10.0_react-dom_4daac4841586c2d8497b628bae25a083/node_modules/@prisma/client/src/runtime/RequestHandler.ts:174:12)
      at zr.request (/Users/adrianbrowning/Documents/repos/adrianbrowning/prisma-ts-select/node_modules/.pnpm/@prisma+client@7.4.0_prisma@7.4.0_@types+react@19.2.13_better-sqlite3@11.10.0_react-dom_4daac4841586c2d8497b628bae25a083/node_modules/@prisma/client/src/runtime/RequestHandler.ts:143:12)
      at process.processTicksAndRejections (node:internal/process/task_queues:103:5)
      at async a (/Users/adrianbrowning/Documents/repos/adrianbrowning/prisma-ts-select/node_modules/.pnpm/@prisma+client@7.4.0_prisma@7.4.0_@types+react@19.2.13_better-sqlite3@11.10.0_react-dom_4daac4841586c2d8497b628bae25a083/node_modules/@prisma/client/src/runtime/getPrismaClient.ts:807:24)
      at async TestContext.<anonymous> (/Users/adrianbrowning/Documents/repos/adrianbrowning/prisma-ts-select/packages/usage-v7/tests/readme/select-advanced.ts:286:20)
      at async Test.run (node:internal/test_runner/test:1110:7)
      at async Suite.processPendingSubtests (node:internal/test_runner/test:785:7)

test at tests/readme/select-chained.ts:1:387
âœ– should run and return selected columns (387.068667ms)
  PrismaClientKnownRequestError: 
  Invalid `prisma.$queryRawUnsafe()` invocation:
  
  
  Raw query failed. Code: `42703`. Message: `column "name" does not exist`
      at zr.handleRequestError (/Users/adrianbrowning/Documents/repos/adrianbrowning/prisma-ts-select/node_modules/.pnpm/@prisma+client@7.4.0_prisma@7.4.0_@types+react@19.2.13_better-sqlite3@11.10.0_react-dom_4daac4841586c2d8497b628bae25a083/node_modules/@prisma/client/src/runtime/RequestHandler.ts:228:13)
      at zr.handleAndLogRequestError (/Users/adrianbrowning/Documents/repos/adrianbrowning/prisma-ts-select/node_modules/.pnpm/@prisma+client@7.4.0_prisma@7.4.0_@types+react@19.2.13_better-sqlite3@11.10.0_react-dom_4daac4841586c2d8497b628bae25a083/node_modules/@prisma/client/src/runtime/RequestHandler.ts:174:12)
      at zr.request (/Users/adrianbrowning/Documents/repos/adrianbrowning/prisma-ts-select/node_modules/.pnpm/@prisma+client@7.4.0_prisma@7.4.0_@types+react@19.2.13_better-sqlite3@11.10.0_react-dom_4daac4841586c2d8497b628bae25a083/node_modules/@prisma/client/src/runtime/RequestHandler.ts:143:12)
      at process.processTicksAndRejections (node:internal/process/task_queues:103:5)
      at async a (/Users/adrianbrowning/Documents/repos/adrianbrowning/prisma-ts-select/node_modules/.pnpm/@prisma+client@7.4.0_prisma@7.4.0_@types+react@19.2.13_better-sqlite3@11.10.0_react-dom_4daac4841586c2d8497b628bae25a083/node_modules/@prisma/client/src/runtime/getPrismaClient.ts:807:24)
      at async TestContext.<anonymous> (/Users/adrianbrowning/Documents/repos/adrianbrowning/prisma-ts-select/packages/usage-v7/tests/readme/select-chained.ts:26:20)
      at async Test.run (node:internal/test_runner/test:1110:7)
      at async Suite.processPendingSubtests (node:internal/test_runner/test:785:7)

test at tests/readme/select-column-alias.ts:1:418
âœ– basic alias - should return aliased column (389.010666ms)
  PrismaClientKnownRequestError: 
  Invalid `prisma.$queryRawUnsafe()` invocation:
  
  
  Raw query failed. Code: `42601`. Message: `syntax error at or near "."`
      at zr.handleRequestError (/Users/adrianbrowning/Documents/repos/adrianbrowning/prisma-ts-select/node_modules/.pnpm/@prisma+client@7.4.0_prisma@7.4.0_@types+react@19.2.13_better-sqlite3@11.10.0_react-dom_4daac4841586c2d8497b628bae25a083/node_modules/@prisma/client/src/runtime/RequestHandler.ts:228:13)
      at zr.handleAndLogRequestError (/Users/adrianbrowning/Documents/repos/adrianbrowning/prisma-ts-select/node_modules/.pnpm/@prisma+client@7.4.0_prisma@7.4.0_@types+react@19.2.13_better-sqlite3@11.10.0_react-dom_4daac4841586c2d8497b628bae25a083/node_modules/@prisma/client/src/runtime/RequestHandler.ts:174:12)
      at zr.request (/Users/adrianbrowning/Documents/repos/adrianbrowning/prisma-ts-select/node_modules/.pnpm/@prisma+client@7.4.0_prisma@7.4.0_@types+react@19.2.13_better-sqlite3@11.10.0_react-dom_4daac4841586c2d8497b628bae25a083/node_modules/@prisma/client/src/runtime/RequestHandler.ts:143:12)
      at process.processTicksAndRejections (node:internal/process/task_queues:103:5)
      at async a (/Users/adrianbrowning/Documents/repos/adrianbrowning/prisma-ts-select/node_modules/.pnpm/@prisma+client@7.4.0_prisma@7.4.0_@types+react@19.2.13_better-sqlite3@11.10.0_react-dom_4daac4841586c2d8497b628bae25a083/node_modules/@prisma/client/src/runtime/getPrismaClient.ts:807:24)
      at async TestContext.<anonymous> (/Users/adrianbrowning/Documents/repos/adrianbrowning/prisma-ts-select/packages/usage-v7/tests/readme/select-column-alias.ts:25:20)
      at async Test.run (node:internal/test_runner/test:1110:7)
      at async Suite.processPendingSubtests (node:internal/test_runner/test:785:7)

test at tests/readme/select-star.ts:1:352
âœ– should run and return data (437.583583ms)
  AssertionError [ERR_ASSERTION]: Expected values to be strictly deep-equal:
  + actual - expected
  
    [
      {
  +     user: 'postgres'
  -     age: 25,
  -     email: 'johndoe@example.com',
  -     id: 1,
  -     name: 'John Doe'
      },
  -   {
  -     age: 30,
  -     email: 'smith@example.com',
  -     id: 2,
  -     name: 'John Smith'
  -   },
  -   {
  -     age: null,
  -     email: 'alice@example.com',
  -     id: 3,
  -     name: null
  -   }
    ]
  
      at TestContext.<anonymous> (/Users/adrianbrowning/Documents/repos/adrianbrowning/prisma-ts-select/packages/usage-v7/tests/readme/select-star.ts:30:12)
      at process.processTicksAndRejections (node:internal/process/task_queues:103:5)
      at async Test.run (node:internal/test_runner/test:1110:7)
      at async Suite.processPendingSubtests (node:internal/test_runner/test:785:7) {
    generatedMessage: true,
    code: 'ERR_ASSERTION',
    actual: [ { user: 'postgres' } ],
    expected: [ { email: 'johndoe@example.com', id: 1, name: 'John Doe', age: 25 }, { email: 'smith@example.com', id: 2, name: 'John Smith', age: 30 }, { email: 'alice@example.com', id: 3, name: null, age: null } ],
    operator: 'deepStrictEqual',
    diff: 'simple'
  }

test at tests/readme/table-alias.ts:1:496
âœ– inline alias with joins - should run successfully (463.842209ms)
  PrismaClientKnownRequestError: 
  Invalid `prisma.$queryRawUnsafe()` invocation:
  
  
  Raw query failed. Code: `42P01`. Message: `relation "post" does not exist`
      at zr.handleRequestError (/Users/adrianbrowning/Documents/repos/adrianbrowning/prisma-ts-select/node_modules/.pnpm/@prisma+client@7.4.0_prisma@7.4.0_@types+react@19.2.13_better-sqlite3@11.10.0_react-dom_4daac4841586c2d8497b628bae25a083/node_modules/@prisma/client/src/runtime/RequestHandler.ts:228:13)
      at zr.handleAndLogRequestError (/Users/adrianbrowning/Documents/repos/adrianbrowning/prisma-ts-select/node_modules/.pnpm/@prisma+client@7.4.0_prisma@7.4.0_@types+react@19.2.13_better-sqlite3@11.10.0_react-dom_4daac4841586c2d8497b628bae25a083/node_modules/@prisma/client/src/runtime/RequestHandler.ts:174:12)
      at zr.request (/Users/adrianbrowning/Documents/repos/adrianbrowning/prisma-ts-select/node_modules/.pnpm/@prisma+client@7.4.0_prisma@7.4.0_@types+react@19.2.13_better-sqlite3@11.10.0_react-dom_4daac4841586c2d8497b628bae25a083/node_modules/@prisma/client/src/runtime/RequestHandler.ts:143:12)
      at process.processTicksAndRejections (node:internal/process/task_queues:103:5)
      at async a (/Users/adrianbrowning/Documents/repos/adrianbrowning/prisma-ts-select/node_modules/.pnpm/@prisma+client@7.4.0_prisma@7.4.0_@types+react@19.2.13_better-sqlite3@11.10.0_react-dom_4daac4841586c2d8497b628bae25a083/node_modules/@prisma/client/src/runtime/getPrismaClient.ts:807:24)
      at async TestContext.<anonymous> (/Users/adrianbrowning/Documents/repos/adrianbrowning/prisma-ts-select/packages/usage-v7/tests/readme/table-alias.ts:27:20)
      at async Test.run (node:internal/test_runner/test:1110:7)
      at async Suite.processPendingSubtests (node:internal/test_runner/test:785:7)

test at tests/readme/table-alias.ts:1:1128
âœ– object syntax joins - should run successfully (20.83925ms)
  PrismaClientKnownRequestError: 
  Invalid `prisma.$queryRawUnsafe()` invocation:
  
  
  Raw query failed. Code: `42P01`. Message: `relation "post" does not exist`
      at zr.handleRequestError (/Users/adrianbrowning/Documents/repos/adrianbrowning/prisma-ts-select/node_modules/.pnpm/@prisma+client@7.4.0_prisma@7.4.0_@types+react@19.2.13_better-sqlite3@11.10.0_react-dom_4daac4841586c2d8497b628bae25a083/node_modules/@prisma/client/src/runtime/RequestHandler.ts:228:13)
      at zr.handleAndLogRequestError (/Users/adrianbrowning/Documents/repos/adrianbrowning/prisma-ts-select/node_modules/.pnpm/@prisma+client@7.4.0_prisma@7.4.0_@types+react@19.2.13_better-sqlite3@11.10.0_react-dom_4daac4841586c2d8497b628bae25a083/node_modules/@prisma/client/src/runtime/RequestHandler.ts:174:12)
      at zr.request (/Users/adrianbrowning/Documents/repos/adrianbrowning/prisma-ts-select/node_modules/.pnpm/@prisma+client@7.4.0_prisma@7.4.0_@types+react@19.2.13_better-sqlite3@11.10.0_react-dom_4daac4841586c2d8497b628bae25a083/node_modules/@prisma/client/src/runtime/RequestHandler.ts:143:12)
      at process.processTicksAndRejections (node:internal/process/task_queues:103:5)
      at async a (/Users/adrianbrowning/Documents/repos/adrianbrowning/prisma-ts-select/node_modules/.pnpm/@prisma+client@7.4.0_prisma@7.4.0_@types+react@19.2.13_better-sqlite3@11.10.0_react-dom_4daac4841586c2d8497b628bae25a083/node_modules/@prisma/client/src/runtime/getPrismaClient.ts:807:24)
      at async TestContext.<anonymous> (/Users/adrianbrowning/Documents/repos/adrianbrowning/prisma-ts-select/packages/usage-v7/tests/readme/table-alias.ts:72:20)
      at async Test.run (node:internal/test_runner/test:1110:7)
      at async Suite.processPendingSubtests (node:internal/test_runner/test:785:7)

test at tests/readme/table-alias.ts:1:1460
âœ– self-joins with aliases - should create query (2.559ms)
  AssertionError [ERR_ASSERTION]: Expected values to be strictly equal:
  + actual - expected
  
  + 'SELECT u1.name AS "user1Name", u2.name AS "user2Name" FROM User AS "u1" JOIN User AS "u2" ON u2.id = u1.id;'
  - 'SELECT u1.name AS `user1Name`, u2.name AS `user2Name` FROM User AS `u1` JOIN User AS `u2` ON u2.id = u1.id;'
  
      at TestContext.<anonymous> (/Users/adrianbrowning/Documents/repos/adrianbrowning/prisma-ts-select/packages/usage-v7/tests/readme/table-alias.ts:145:12)
      at Test.runInAsyncScope (node:async_hooks:214:14)
      at Test.run (node:internal/test_runner/test:1103:25)
      at Suite.processPendingSubtests (node:internal/test_runner/test:785:18)
      at Test.postRun (node:internal/test_runner/test:1232:19)
      at Test.run (node:internal/test_runner/test:1160:12)
      at process.processTicksAndRejections (node:internal/process/task_queues:103:5)
      at async Suite.processPendingSubtests (node:internal/test_runner/test:785:7) {
    generatedMessage: true,
    code: 'ERR_ASSERTION',
    actual: 'SELECT u1.name AS "user1Name", u2.name AS "user2Name" FROM User AS "u1" JOIN User AS "u2" ON u2.id = u1.id;',
    expected: 'SELECT u1.name AS `user1Name`, u2.name AS `user2Name` FROM User AS `u1` JOIN User AS `u2` ON u2.id = u1.id;',
    operator: 'strictEqual',
    diff: 'simple'
  }

test at tests/readme/table-alias.ts:1:2599
âœ– table.* with alias single - should run successfully (19.046584ms)
  PrismaClientKnownRequestError: 
  Invalid `prisma.$queryRawUnsafe()` invocation:
  
  
  Raw query failed. Code: `42703`. Message: `column "id" does not exist`
      at zr.handleRequestError (/Users/adrianbrowning/Documents/repos/adrianbrowning/prisma-ts-select/node_modules/.pnpm/@prisma+client@7.4.0_prisma@7.4.0_@types+react@19.2.13_better-sqlite3@11.10.0_react-dom_4daac4841586c2d8497b628bae25a083/node_modules/@prisma/client/src/runtime/RequestHandler.ts:228:13)
      at zr.handleAndLogRequestError (/Users/adrianbrowning/Documents/repos/adrianbrowning/prisma-ts-select/node_modules/.pnpm/@prisma+client@7.4.0_prisma@7.4.0_@types+react@19.2.13_better-sqlite3@11.10.0_react-dom_4daac4841586c2d8497b628bae25a083/node_modules/@prisma/client/src/runtime/RequestHandler.ts:174:12)
      at zr.request (/Users/adrianbrowning/Documents/repos/adrianbrowning/prisma-ts-select/node_modules/.pnpm/@prisma+client@7.4.0_prisma@7.4.0_@types+react@19.2.13_better-sqlite3@11.10.0_react-dom_4daac4841586c2d8497b628bae25a083/node_modules/@prisma/client/src/runtime/RequestHandler.ts:143:12)
      at process.processTicksAndRejections (node:internal/process/task_queues:103:5)
      at async a (/Users/adrianbrowning/Documents/repos/adrianbrowning/prisma-ts-select/node_modules/.pnpm/@prisma+client@7.4.0_prisma@7.4.0_@types+react@19.2.13_better-sqlite3@11.10.0_react-dom_4daac4841586c2d8497b628bae25a083/node_modules/@prisma/client/src/runtime/getPrismaClient.ts:807:24)
      at async TestContext.<anonymous> (/Users/adrianbrowning/Documents/repos/adrianbrowning/prisma-ts-select/packages/usage-v7/tests/readme/table-alias.ts:166:20)
      at async Test.run (node:internal/test_runner/test:1110:7)
      at async Suite.processPendingSubtests (node:internal/test_runner/test:785:7)

test at tests/readme/table-alias.ts:1:2927
âœ– table.* with alias joins - should generate correct SQL (1.262916ms)
  AssertionError [ERR_ASSERTION]: Expected values to be strictly equal:
  + actual - expected
  
  + 'SELECT u.id AS "u.id", u.email AS "u.email", u.name AS "u.name", u.age AS "u.age", p.id AS "p.id", p.title AS "p.title", p.content AS "p.content", p.published AS "p.published", p.authorId AS "p.authorId", p.lastModifiedById AS "p.lastModifiedById" FROM User AS "u" JOIN Post AS "p" ON p.authorId = u.id;'
  - 'SELECT u.id AS `u.id`, u.email AS `u.email`, u.name AS `u.name`, u.age AS `u.age`, p.id AS `p.id`, p.title AS `p.title`, p.content AS `p.content`, p.published AS `p.published`, p.authorId AS `p.authorId`, p.lastModifiedById AS `p.lastModifiedById` FROM User AS `u` JOIN Post AS `p` ON p.authorId = u.id;'
  
      at TestContext.<anonymous> (/Users/adrianbrowning/Documents/repos/adrianbrowning/prisma-ts-select/packages/usage-v7/tests/readme/table-alias.ts:208:12)
      at Test.runInAsyncScope (node:async_hooks:214:14)
      at Test.run (node:internal/test_runner/test:1103:25)
      at Suite.processPendingSubtests (node:internal/test_runner/test:785:18)
      at Test.postRun (node:internal/test_runner/test:1232:19)
      at Test.run (node:internal/test_runner/test:1160:12)
      at process.processTicksAndRejections (node:internal/process/task_queues:103:5)
      at async Suite.processPendingSubtests (node:internal/test_runner/test:785:7) {
    generatedMessage: true,
    code: 'ERR_ASSERTION',
    actual: 'SELECT u.id AS "u.id", u.email AS "u.email", u.name AS "u.name", u.age AS "u.age", p.id AS "p.id", p.title AS "p.title", p.content AS "p.content", p.published AS "p.published", p.authorId AS "p.authorId", p.lastModifiedById AS "p.lastModifiedById" FROM User AS "u" JOIN Post AS "p" ON p.authorId = u.id;',
    expected: 'SELECT u.id AS `u.id`, u.email AS `u.email`, u.name AS `u.name`, u.age AS `u.age`, p.id AS `p.id`, p.title AS `p.title`, p.content AS `p.content`, p.published AS `p.published`, p.authorId AS `p.authorId`, p.lastModifiedById AS `p.lastModifiedById` FROM User AS `u` JOIN Post AS `p` ON p.authorId = u.id;',
    operator: 'strictEqual',
    diff: 'simple'
  }

test at tests/readme/table-alias.ts:1:3453
âœ– table.* with alias joins - should run successfully (13.024708ms)
  PrismaClientKnownRequestError: 
  Invalid `prisma.$queryRawUnsafe()` invocation:
  
  
  Raw query failed. Code: `42P01`. Message: `relation "post" does not exist`
      at zr.handleRequestError (/Users/adrianbrowning/Documents/repos/adrianbrowning/prisma-ts-select/node_modules/.pnpm/@prisma+client@7.4.0_prisma@7.4.0_@types+react@19.2.13_better-sqlite3@11.10.0_react-dom_4daac4841586c2d8497b628bae25a083/node_modules/@prisma/client/src/runtime/RequestHandler.ts:228:13)
      at zr.handleAndLogRequestError (/Users/adrianbrowning/Documents/repos/adrianbrowning/prisma-ts-select/node_modules/.pnpm/@prisma+client@7.4.0_prisma@7.4.0_@types+react@19.2.13_better-sqlite3@11.10.0_react-dom_4daac4841586c2d8497b628bae25a083/node_modules/@prisma/client/src/runtime/RequestHandler.ts:174:12)
      at zr.request (/Users/adrianbrowning/Documents/repos/adrianbrowning/prisma-ts-select/node_modules/.pnpm/@prisma+client@7.4.0_prisma@7.4.0_@types+react@19.2.13_better-sqlite3@11.10.0_react-dom_4daac4841586c2d8497b628bae25a083/node_modules/@prisma/client/src/runtime/RequestHandler.ts:143:12)
      at process.processTicksAndRejections (node:internal/process/task_queues:103:5)
      at async a (/Users/adrianbrowning/Documents/repos/adrianbrowning/prisma-ts-select/node_modules/.pnpm/@prisma+client@7.4.0_prisma@7.4.0_@types+react@19.2.13_better-sqlite3@11.10.0_react-dom_4daac4841586c2d8497b628bae25a083/node_modules/@prisma/client/src/runtime/getPrismaClient.ts:807:24)
      at async TestContext.<anonymous> (/Users/adrianbrowning/Documents/repos/adrianbrowning/prisma-ts-select/packages/usage-v7/tests/readme/table-alias.ts:213:20)
      at async Test.run (node:internal/test_runner/test:1110:7)
      at async Suite.processPendingSubtests (node:internal/test_runner/test:785:7)
/Users/adrianbrowning/Documents/repos/adrianbrowning/prisma-ts-select/packages/usage-v7:
â€‰ERR_PNPM_RECURSIVE_RUN_FIRST_FAILâ€‰ @gcm/usage-v7@1.0.0 test: `pnpm test:ts; node --import tsx --test --test-reporter=spec **/tests/**/*.{cts,mts,ts}`
Exit status 1
â€‰ELIFECYCLEâ€‰ Command failed with exit code 1.
